19:37:13.271 default [restartedMain] INFO  o.s.b.d.e.DevToolsPropertyDefaultsPostProcessor - Devtools property defaults active! Set 'spring.devtools.add-properties' to 'false' to disable
19:37:13.272 default [restartedMain] INFO  o.s.b.d.e.DevToolsPropertyDefaultsPostProcessor - For additional web related logging consider setting the 'logging.level.web' property to 'DEBUG'
19:37:14.562 default [restartedMain] INFO  o.s.b.w.e.tomcat.TomcatWebServer - Tomcat initialized with port(s): 8550 (http)
19:37:14.571 default [restartedMain] INFO  o.a.coyote.http11.Http11NioProtocol - Initializing ProtocolHandler ["http-nio-8550"]
19:37:14.578 default [restartedMain] INFO  o.a.catalina.core.StandardService - Starting service [Tomcat]
19:37:14.578 default [restartedMain] INFO  o.a.catalina.core.StandardEngine - Starting Servlet engine: [Apache Tomcat/9.0.21]
19:37:14.625 default [restartedMain] INFO  o.a.c.c.C.[.[localhost].[/chat] - Initializing Spring embedded WebApplicationContext
19:37:14.625 default [restartedMain] INFO  o.s.web.context.ContextLoader - Root WebApplicationContext: initialization completed in 1352 ms
19:37:14.983 default [restartedMain] INFO  o.s.s.c.ThreadPoolTaskExecutor - Initializing ExecutorService 'applicationTaskExecutor'
19:37:15.084 default [restartedMain] WARN  o.t.templatemode.TemplateMode - [THYMELEAF][restartedMain] Template Mode 'LEGACYHTML5' is deprecated. Using Template Mode 'HTML' instead.
19:37:15.105 default [restartedMain] INFO  o.s.b.a.w.s.WelcomePageHandlerMapping - Adding welcome page template: index
19:37:15.326 default [restartedMain] INFO  o.s.s.c.ThreadPoolTaskScheduler - Initializing ExecutorService 'taskScheduler'
19:37:15.364 default [restartedMain] INFO  o.s.b.d.a.OptionalLiveReloadServer - LiveReload server is running on port 35729
19:37:15.401 default [restartedMain] INFO  o.a.coyote.http11.Http11NioProtocol - Starting ProtocolHandler ["http-nio-8550"]
19:37:15.414 default [restartedMain] INFO  o.s.b.w.e.tomcat.TomcatWebServer - Tomcat started on port(s): 8550 (http) with context path '/chat'
19:37:15.467 default [restartedMain] INFO  o.s.b.w.e.tomcat.TomcatWebServer - Tomcat initialized with port(s): 9001 (http)
19:37:15.468 default [restartedMain] INFO  o.a.coyote.http11.Http11NioProtocol - Initializing ProtocolHandler ["http-nio-127.0.0.1-9001"]
19:37:15.468 default [restartedMain] INFO  o.a.catalina.core.StandardService - Starting service [Tomcat]
19:37:15.469 default [restartedMain] INFO  o.a.catalina.core.StandardEngine - Starting Servlet engine: [Apache Tomcat/9.0.21]
19:37:15.472 default [restartedMain] INFO  o.a.c.c.C.[Tomcat-1].[localhost].[/] - Initializing Spring embedded WebApplicationContext
19:37:15.472 default [restartedMain] INFO  o.s.web.context.ContextLoader - Root WebApplicationContext: initialization completed in 56 ms
19:37:15.489 default [restartedMain] INFO  o.s.b.a.e.web.EndpointLinksResolver - Exposing 16 endpoint(s) beneath base path '/actuator'
19:37:15.530 default [restartedMain] INFO  o.a.coyote.http11.Http11NioProtocol - Starting ProtocolHandler ["http-nio-127.0.0.1-9001"]
19:37:15.534 default [restartedMain] INFO  o.s.b.w.e.tomcat.TomcatWebServer - Tomcat started on port(s): 9001 (http) with context path ''
19:37:15.892 default [RMI TCP Connection(3)-127.0.0.1] INFO  o.a.c.c.C.[.[localhost].[/chat] - Initializing Spring DispatcherServlet 'dispatcherServlet'
19:37:15.892 default [RMI TCP Connection(3)-127.0.0.1] INFO  o.s.web.servlet.DispatcherServlet - Initializing Servlet 'dispatcherServlet'
19:37:15.902 default [RMI TCP Connection(3)-127.0.0.1] INFO  o.s.web.servlet.DispatcherServlet - Completed initialization in 10 ms
19:37:45.937 default [http-nio-8550-exec-1] INFO  o.a.tomcat.util.http.parser.Cookie - A cookie header was received [1575337848] that contained an invalid cookie. That cookie will be ignored.
 Note: further occurrences of this error will be logged at DEBUG level.
20:25:06.988 default [Thread-14] INFO  o.s.s.c.ThreadPoolTaskScheduler - Shutting down ExecutorService 'taskScheduler'
20:25:06.990 default [Thread-14] INFO  o.s.s.c.ThreadPoolTaskExecutor - Shutting down ExecutorService 'applicationTaskExecutor'
20:25:10.918 default [restartedMain] INFO  o.s.b.d.e.DevToolsPropertyDefaultsPostProcessor - Devtools property defaults active! Set 'spring.devtools.add-properties' to 'false' to disable
20:25:10.920 default [restartedMain] INFO  o.s.b.d.e.DevToolsPropertyDefaultsPostProcessor - For additional web related logging consider setting the 'logging.level.web' property to 'DEBUG'
20:25:14.096 default [restartedMain] INFO  o.s.b.w.e.tomcat.TomcatWebServer - Tomcat initialized with port(s): 8550 (http)
20:25:14.131 default [restartedMain] INFO  o.a.coyote.http11.Http11NioProtocol - Initializing ProtocolHandler ["http-nio-8550"]
20:25:14.166 default [restartedMain] INFO  o.a.catalina.core.StandardService - Starting service [Tomcat]
20:25:14.166 default [restartedMain] INFO  o.a.catalina.core.StandardEngine - Starting Servlet engine: [Apache Tomcat/9.0.21]
20:25:14.360 default [restartedMain] INFO  o.a.c.c.C.[.[localhost].[/chat] - Initializing Spring embedded WebApplicationContext
20:25:14.361 default [restartedMain] INFO  o.s.web.context.ContextLoader - Root WebApplicationContext: initialization completed in 3441 ms
20:25:15.801 default [restartedMain] INFO  o.s.s.c.ThreadPoolTaskExecutor - Initializing ExecutorService 'applicationTaskExecutor'
20:25:16.062 default [restartedMain] WARN  o.t.templatemode.TemplateMode - [THYMELEAF][restartedMain] Template Mode 'LEGACYHTML5' is deprecated. Using Template Mode 'HTML' instead.
20:25:16.124 default [restartedMain] INFO  o.s.b.a.w.s.WelcomePageHandlerMapping - Adding welcome page template: index
20:25:16.883 default [restartedMain] INFO  o.s.s.c.ThreadPoolTaskScheduler - Initializing ExecutorService 'taskScheduler'
20:25:16.997 default [restartedMain] INFO  o.s.b.d.a.OptionalLiveReloadServer - LiveReload server is running on port 35729
20:25:17.113 default [restartedMain] INFO  o.a.coyote.http11.Http11NioProtocol - Starting ProtocolHandler ["http-nio-8550"]
20:25:17.149 default [restartedMain] INFO  o.s.b.w.e.tomcat.TomcatWebServer - Tomcat started on port(s): 8550 (http) with context path '/chat'
20:25:17.289 default [restartedMain] INFO  o.s.b.w.e.tomcat.TomcatWebServer - Tomcat initialized with port(s): 9001 (http)
20:25:17.293 default [restartedMain] INFO  o.a.coyote.http11.Http11NioProtocol - Initializing ProtocolHandler ["http-nio-127.0.0.1-9001"]
20:25:17.294 default [restartedMain] INFO  o.a.catalina.core.StandardService - Starting service [Tomcat]
20:25:17.295 default [restartedMain] INFO  o.a.catalina.core.StandardEngine - Starting Servlet engine: [Apache Tomcat/9.0.21]
20:25:17.307 default [restartedMain] INFO  o.a.c.c.C.[Tomcat-1].[localhost].[/] - Initializing Spring embedded WebApplicationContext
20:25:17.308 default [restartedMain] INFO  o.s.web.context.ContextLoader - Root WebApplicationContext: initialization completed in 152 ms
20:25:17.358 default [restartedMain] INFO  o.s.b.a.e.web.EndpointLinksResolver - Exposing 16 endpoint(s) beneath base path '/actuator'
20:25:17.478 default [restartedMain] INFO  o.a.coyote.http11.Http11NioProtocol - Starting ProtocolHandler ["http-nio-127.0.0.1-9001"]
20:25:17.493 default [restartedMain] INFO  o.s.b.w.e.tomcat.TomcatWebServer - Tomcat started on port(s): 9001 (http) with context path ''
20:25:17.881 default [RMI TCP Connection(6)-127.0.0.1] INFO  o.a.c.c.C.[.[localhost].[/chat] - Initializing Spring DispatcherServlet 'dispatcherServlet'
20:25:17.881 default [RMI TCP Connection(6)-127.0.0.1] INFO  o.s.web.servlet.DispatcherServlet - Initializing Servlet 'dispatcherServlet'
20:25:17.899 default [RMI TCP Connection(6)-127.0.0.1] INFO  o.s.web.servlet.DispatcherServlet - Completed initialization in 17 ms
20:25:21.373 default [http-nio-8550-exec-1] INFO  o.a.tomcat.util.http.parser.Cookie - A cookie header was received [1575337848] that contained an invalid cookie. That cookie will be ignored.
 Note: further occurrences of this error will be logged at DEBUG level.
20:36:12.473 default [Thread-21] INFO  o.s.s.c.ThreadPoolTaskScheduler - Shutting down ExecutorService 'taskScheduler'
20:36:12.476 default [Thread-21] INFO  o.s.s.c.ThreadPoolTaskExecutor - Shutting down ExecutorService 'applicationTaskExecutor'
20:36:13.901 default [restartedMain] INFO  o.s.b.w.e.tomcat.TomcatWebServer - Tomcat initialized with port(s): 8550 (http)
20:36:13.919 default [restartedMain] INFO  o.a.coyote.http11.Http11NioProtocol - Initializing ProtocolHandler ["http-nio-8550"]
20:36:13.920 default [restartedMain] INFO  o.a.catalina.core.StandardService - Starting service [Tomcat]
20:36:13.921 default [restartedMain] INFO  o.a.catalina.core.StandardEngine - Starting Servlet engine: [Apache Tomcat/9.0.21]
20:36:13.943 default [restartedMain] INFO  o.a.c.c.C.[.[localhost].[/chat] - Initializing Spring embedded WebApplicationContext
20:36:13.943 default [restartedMain] INFO  o.s.web.context.ContextLoader - Root WebApplicationContext: initialization completed in 903 ms
20:36:14.367 default [restartedMain] INFO  o.s.s.c.ThreadPoolTaskExecutor - Initializing ExecutorService 'applicationTaskExecutor'
20:36:14.469 default [restartedMain] WARN  o.t.templatemode.TemplateMode - [THYMELEAF][restartedMain] Template Mode 'LEGACYHTML5' is deprecated. Using Template Mode 'HTML' instead.
20:36:14.486 default [restartedMain] INFO  o.s.b.a.w.s.WelcomePageHandlerMapping - Adding welcome page template: index
20:36:14.776 default [restartedMain] INFO  o.s.s.c.ThreadPoolTaskScheduler - Initializing ExecutorService 'taskScheduler'
20:36:14.816 default [restartedMain] INFO  o.s.b.d.a.OptionalLiveReloadServer - LiveReload server is running on port 35729
20:36:14.874 default [restartedMain] INFO  o.a.coyote.http11.Http11NioProtocol - Starting ProtocolHandler ["http-nio-8550"]
20:36:14.878 default [restartedMain] INFO  o.s.b.w.e.tomcat.TomcatWebServer - Tomcat started on port(s): 8550 (http) with context path '/chat'
20:36:14.949 default [restartedMain] INFO  o.s.b.w.e.tomcat.TomcatWebServer - Tomcat initialized with port(s): 9001 (http)
20:36:14.950 default [restartedMain] INFO  o.a.coyote.http11.Http11NioProtocol - Initializing ProtocolHandler ["http-nio-127.0.0.1-9001"]
20:36:14.950 default [restartedMain] INFO  o.a.catalina.core.StandardService - Starting service [Tomcat]
20:36:14.951 default [restartedMain] INFO  o.a.catalina.core.StandardEngine - Starting Servlet engine: [Apache Tomcat/9.0.21]
20:36:14.955 default [restartedMain] INFO  o.a.c.c.C.[Tomcat-1].[localhost].[/] - Initializing Spring embedded WebApplicationContext
20:36:14.956 default [restartedMain] INFO  o.s.web.context.ContextLoader - Root WebApplicationContext: initialization completed in 74 ms
20:36:14.974 default [restartedMain] INFO  o.s.b.a.e.web.EndpointLinksResolver - Exposing 16 endpoint(s) beneath base path '/actuator'
20:36:15.022 default [restartedMain] INFO  o.a.coyote.http11.Http11NioProtocol - Starting ProtocolHandler ["http-nio-127.0.0.1-9001"]
20:36:15.039 default [restartedMain] INFO  o.s.b.w.e.tomcat.TomcatWebServer - Tomcat started on port(s): 9001 (http) with context path ''
20:36:15.048 default [restartedMain] INFO  o.s.b.d.a.ConditionEvaluationDeltaLoggingListener - Condition evaluation unchanged
20:36:23.741 default [http-nio-8550-exec-1] INFO  o.a.c.c.C.[.[localhost].[/chat] - Initializing Spring DispatcherServlet 'dispatcherServlet'
20:36:23.741 default [http-nio-8550-exec-1] INFO  o.s.web.servlet.DispatcherServlet - Initializing Servlet 'dispatcherServlet'
20:36:23.747 default [http-nio-8550-exec-1] INFO  o.s.web.servlet.DispatcherServlet - Completed initialization in 5 ms
20:42:42.127 default [Thread-45] INFO  o.s.s.c.ThreadPoolTaskScheduler - Shutting down ExecutorService 'taskScheduler'
20:42:42.128 default [Thread-45] INFO  o.s.s.c.ThreadPoolTaskExecutor - Shutting down ExecutorService 'applicationTaskExecutor'
