09:29:15.746 default [restartedMain] INFO  o.s.b.d.e.DevToolsPropertyDefaultsPostProcessor - Devtools property defaults active! Set 'spring.devtools.add-properties' to 'false' to disable
09:29:15.746 default [restartedMain] INFO  o.s.b.d.e.DevToolsPropertyDefaultsPostProcessor - For additional web related logging consider setting the 'logging.level.web' property to 'DEBUG'
09:29:17.139 default [restartedMain] INFO  o.s.b.w.e.tomcat.TomcatWebServer - Tomcat initialized with port(s): 8550 (https)
09:29:17.156 default [restartedMain] INFO  o.a.coyote.http11.Http11NioProtocol - Initializing ProtocolHandler ["https-jsse-nio-8550"]
09:29:17.169 default [restartedMain] INFO  o.a.catalina.core.StandardService - Starting service [Tomcat]
09:29:17.169 default [restartedMain] INFO  o.a.catalina.core.StandardEngine - Starting Servlet engine: [Apache Tomcat/9.0.21]
09:29:17.254 default [restartedMain] INFO  o.a.c.c.C.[.[localhost].[/chat] - Initializing Spring embedded WebApplicationContext
09:29:17.254 default [restartedMain] INFO  o.s.web.context.ContextLoader - Root WebApplicationContext: initialization completed in 1507 ms
09:29:17.445 default [restartedMain] INFO  o.a.c.c.C.[.[localhost].[/chat] - Set web app root system property: 'webapp.root' = [/tmp/tomcat-docbase.5116249481360138041.8550/]
09:29:17.832 default [restartedMain] INFO  o.s.s.c.ThreadPoolTaskExecutor - Initializing ExecutorService 'applicationTaskExecutor'
09:29:17.960 default [restartedMain] WARN  o.t.templatemode.TemplateMode - [THYMELEAF][restartedMain] Template Mode 'LEGACYHTML5' is deprecated. Using Template Mode 'HTML' instead.
09:29:17.989 default [restartedMain] INFO  o.s.b.a.w.s.WelcomePageHandlerMapping - Adding welcome page template: index
09:29:18.281 default [restartedMain] INFO  o.s.s.c.ThreadPoolTaskScheduler - Initializing ExecutorService 'taskScheduler'
09:29:18.330 default [restartedMain] INFO  o.s.b.d.a.OptionalLiveReloadServer - LiveReload server is running on port 35729
09:29:18.379 default [restartedMain] INFO  o.a.coyote.http11.Http11NioProtocol - Starting ProtocolHandler ["https-jsse-nio-8550"]
09:29:18.526 default [restartedMain] INFO  o.s.b.w.e.tomcat.TomcatWebServer - Tomcat started on port(s): 8550 (https) with context path '/chat'
09:29:18.589 default [restartedMain] INFO  o.s.b.w.e.tomcat.TomcatWebServer - Tomcat initialized with port(s): 9001 (https)
09:29:18.590 default [restartedMain] INFO  o.a.coyote.http11.Http11NioProtocol - Initializing ProtocolHandler ["https-jsse-nio-127.0.0.1-9001"]
09:29:18.591 default [restartedMain] INFO  o.a.catalina.core.StandardService - Starting service [Tomcat]
09:29:18.591 default [restartedMain] INFO  o.a.catalina.core.StandardEngine - Starting Servlet engine: [Apache Tomcat/9.0.21]
09:29:18.595 default [restartedMain] INFO  o.a.c.c.C.[Tomcat-1].[localhost].[/] - Initializing Spring embedded WebApplicationContext
09:29:18.595 default [restartedMain] INFO  o.s.web.context.ContextLoader - Root WebApplicationContext: initialization completed in 66 ms
09:29:18.615 default [restartedMain] INFO  o.s.b.a.e.web.EndpointLinksResolver - Exposing 16 endpoint(s) beneath base path '/actuator'
09:29:18.658 default [restartedMain] INFO  o.a.coyote.http11.Http11NioProtocol - Starting ProtocolHandler ["https-jsse-nio-127.0.0.1-9001"]
09:29:18.661 default [restartedMain] INFO  o.s.b.w.e.tomcat.TomcatWebServer - Tomcat started on port(s): 9001 (https) with context path ''
09:29:18.903 default [RMI TCP Connection(2)-127.0.0.1] INFO  o.a.c.c.C.[.[localhost].[/chat] - Initializing Spring DispatcherServlet 'dispatcherServlet'
09:29:18.903 default [RMI TCP Connection(2)-127.0.0.1] INFO  o.s.web.servlet.DispatcherServlet - Initializing Servlet 'dispatcherServlet'
09:29:18.914 default [RMI TCP Connection(2)-127.0.0.1] INFO  o.s.web.servlet.DispatcherServlet - Completed initialization in 10 ms
09:30:35.907 default [Thread-12] INFO  o.s.s.c.ThreadPoolTaskScheduler - Shutting down ExecutorService 'taskScheduler'
09:30:35.909 default [Thread-12] INFO  o.s.s.c.ThreadPoolTaskExecutor - Shutting down ExecutorService 'applicationTaskExecutor'
09:30:36.408 default [restartedMain] INFO  o.s.b.w.e.tomcat.TomcatWebServer - Tomcat initialized with port(s): 8550 (https)
09:30:36.411 default [restartedMain] INFO  o.a.coyote.http11.Http11NioProtocol - Initializing ProtocolHandler ["https-jsse-nio-8550"]
09:30:36.411 default [restartedMain] INFO  o.a.catalina.core.StandardService - Starting service [Tomcat]
09:30:36.412 default [restartedMain] INFO  o.a.catalina.core.StandardEngine - Starting Servlet engine: [Apache Tomcat/9.0.21]
09:30:36.415 default [restartedMain] INFO  o.a.c.c.C.[.[localhost].[/chat] - Initializing Spring embedded WebApplicationContext
09:30:36.416 default [restartedMain] INFO  o.s.web.context.ContextLoader - Root WebApplicationContext: initialization completed in 332 ms
09:30:36.471 default [restartedMain] INFO  o.a.c.c.C.[.[localhost].[/chat] - Set web app root system property: 'webapp.root' = [/tmp/tomcat-docbase.8070712257644332924.8550/]
09:30:36.595 default [restartedMain] INFO  o.s.s.c.ThreadPoolTaskExecutor - Initializing ExecutorService 'applicationTaskExecutor'
09:30:36.660 default [restartedMain] WARN  o.t.templatemode.TemplateMode - [THYMELEAF][restartedMain] Template Mode 'LEGACYHTML5' is deprecated. Using Template Mode 'HTML' instead.
09:30:36.670 default [restartedMain] INFO  o.s.b.a.w.s.WelcomePageHandlerMapping - Adding welcome page template: index
09:30:36.807 default [restartedMain] INFO  o.s.s.c.ThreadPoolTaskScheduler - Initializing ExecutorService 'taskScheduler'
09:30:36.832 default [restartedMain] INFO  o.s.b.d.a.OptionalLiveReloadServer - LiveReload server is running on port 35729
09:30:36.861 default [restartedMain] INFO  o.a.coyote.http11.Http11NioProtocol - Starting ProtocolHandler ["https-jsse-nio-8550"]
09:30:36.866 default [restartedMain] INFO  o.a.coyote.http11.Http11NioProtocol - Pausing ProtocolHandler ["https-jsse-nio-8550"]
09:30:36.867 default [restartedMain] INFO  o.a.catalina.core.StandardService - Stopping service [Tomcat]
09:30:36.869 default [restartedMain] INFO  o.apache.catalina.util.LifecycleBase - The stop() method was called on component [StandardServer[-1]] after stop() had already been called. The second call will be ignored.
09:30:36.870 default [restartedMain] INFO  o.a.coyote.http11.Http11NioProtocol - Stopping ProtocolHandler ["https-jsse-nio-8550"]
09:30:36.871 default [restartedMain] INFO  o.a.coyote.http11.Http11NioProtocol - Destroying ProtocolHandler ["https-jsse-nio-8550"]
09:30:36.875 default [restartedMain] INFO  o.s.b.a.l.ConditionEvaluationReportLoggingListener - 

Error starting ApplicationContext. To display the conditions report re-run your application with 'debug' enabled.
09:30:36.882 default [restartedMain] INFO  o.s.s.c.ThreadPoolTaskScheduler - Shutting down ExecutorService 'taskScheduler'
09:30:36.883 default [restartedMain] INFO  o.s.s.c.ThreadPoolTaskExecutor - Shutting down ExecutorService 'applicationTaskExecutor'
09:30:47.282 default [restartedMain] INFO  o.s.b.d.e.DevToolsPropertyDefaultsPostProcessor - Devtools property defaults active! Set 'spring.devtools.add-properties' to 'false' to disable
09:30:47.283 default [restartedMain] INFO  o.s.b.d.e.DevToolsPropertyDefaultsPostProcessor - For additional web related logging consider setting the 'logging.level.web' property to 'DEBUG'
09:30:48.782 default [restartedMain] INFO  o.s.b.w.e.tomcat.TomcatWebServer - Tomcat initialized with port(s): 8550 (https)
09:30:48.796 default [restartedMain] INFO  o.a.coyote.http11.Http11NioProtocol - Initializing ProtocolHandler ["https-jsse-nio-8550"]
09:30:48.808 default [restartedMain] INFO  o.a.catalina.core.StandardService - Starting service [Tomcat]
09:30:48.808 default [restartedMain] INFO  o.a.catalina.core.StandardEngine - Starting Servlet engine: [Apache Tomcat/9.0.21]
09:30:48.876 default [restartedMain] INFO  o.a.c.c.C.[.[localhost].[/chat] - Initializing Spring embedded WebApplicationContext
09:30:48.876 default [restartedMain] INFO  o.s.web.context.ContextLoader - Root WebApplicationContext: initialization completed in 1593 ms
09:30:49.048 default [restartedMain] INFO  o.a.c.c.C.[.[localhost].[/chat] - Set web app root system property: 'webapp.root' = [/tmp/tomcat-docbase.6508773443541552148.8550/]
09:30:49.414 default [restartedMain] INFO  o.s.s.c.ThreadPoolTaskExecutor - Initializing ExecutorService 'applicationTaskExecutor'
09:30:49.540 default [restartedMain] WARN  o.t.templatemode.TemplateMode - [THYMELEAF][restartedMain] Template Mode 'LEGACYHTML5' is deprecated. Using Template Mode 'HTML' instead.
09:30:49.565 default [restartedMain] INFO  o.s.b.a.w.s.WelcomePageHandlerMapping - Adding welcome page template: index
09:30:49.874 default [restartedMain] INFO  o.s.s.c.ThreadPoolTaskScheduler - Initializing ExecutorService 'taskScheduler'
09:30:49.958 default [restartedMain] INFO  o.s.b.d.a.OptionalLiveReloadServer - LiveReload server is running on port 35729
09:30:50.038 default [restartedMain] INFO  o.a.coyote.http11.Http11NioProtocol - Starting ProtocolHandler ["https-jsse-nio-8550"]
09:30:50.197 default [restartedMain] INFO  o.s.b.w.e.tomcat.TomcatWebServer - Tomcat started on port(s): 8550 (https) with context path '/chat'
09:30:50.265 default [restartedMain] INFO  o.s.b.w.e.tomcat.TomcatWebServer - Tomcat initialized with port(s): 9001 (https)
09:30:50.266 default [restartedMain] INFO  o.a.coyote.http11.Http11NioProtocol - Initializing ProtocolHandler ["https-jsse-nio-127.0.0.1-9001"]
09:30:50.266 default [restartedMain] INFO  o.a.catalina.core.StandardService - Starting service [Tomcat]
09:30:50.266 default [restartedMain] INFO  o.a.catalina.core.StandardEngine - Starting Servlet engine: [Apache Tomcat/9.0.21]
09:30:50.271 default [restartedMain] INFO  o.a.c.c.C.[Tomcat-1].[localhost].[/] - Initializing Spring embedded WebApplicationContext
09:30:50.271 default [restartedMain] INFO  o.s.web.context.ContextLoader - Root WebApplicationContext: initialization completed in 71 ms
09:30:50.290 default [restartedMain] INFO  o.s.b.a.e.web.EndpointLinksResolver - Exposing 16 endpoint(s) beneath base path '/actuator'
09:30:50.341 default [restartedMain] INFO  o.a.coyote.http11.Http11NioProtocol - Starting ProtocolHandler ["https-jsse-nio-127.0.0.1-9001"]
09:30:50.345 default [restartedMain] INFO  o.s.b.w.e.tomcat.TomcatWebServer - Tomcat started on port(s): 9001 (https) with context path ''
09:30:50.721 default [RMI TCP Connection(3)-127.0.0.1] INFO  o.a.c.c.C.[.[localhost].[/chat] - Initializing Spring DispatcherServlet 'dispatcherServlet'
09:30:50.722 default [RMI TCP Connection(3)-127.0.0.1] INFO  o.s.web.servlet.DispatcherServlet - Initializing Servlet 'dispatcherServlet'
09:30:50.740 default [RMI TCP Connection(3)-127.0.0.1] INFO  o.s.web.servlet.DispatcherServlet - Completed initialization in 11 ms
09:35:17.509 default [Thread-11] INFO  o.s.s.c.ThreadPoolTaskScheduler - Shutting down ExecutorService 'taskScheduler'
09:35:17.510 default [Thread-11] INFO  o.s.s.c.ThreadPoolTaskExecutor - Shutting down ExecutorService 'applicationTaskExecutor'
09:35:18.466 default [restartedMain] INFO  o.s.b.w.e.tomcat.TomcatWebServer - Tomcat initialized with port(s): 8550 (https)
09:35:18.468 default [restartedMain] INFO  o.a.coyote.http11.Http11NioProtocol - Initializing ProtocolHandler ["https-jsse-nio-8550"]
09:35:18.469 default [restartedMain] INFO  o.a.catalina.core.StandardService - Starting service [Tomcat]
09:35:18.469 default [restartedMain] INFO  o.a.catalina.core.StandardEngine - Starting Servlet engine: [Apache Tomcat/9.0.21]
09:35:18.473 default [restartedMain] INFO  o.a.c.c.C.[.[localhost].[/chat] - Initializing Spring embedded WebApplicationContext
09:35:18.474 default [restartedMain] INFO  o.s.web.context.ContextLoader - Root WebApplicationContext: initialization completed in 688 ms
09:35:18.543 default [restartedMain] INFO  o.a.c.c.C.[.[localhost].[/chat] - Set web app root system property: 'webapp.root' = [/tmp/tomcat-docbase.5374941656383430953.8550/]
09:35:18.700 default [restartedMain] INFO  o.s.s.c.ThreadPoolTaskExecutor - Initializing ExecutorService 'applicationTaskExecutor'
09:35:18.807 default [restartedMain] WARN  o.t.templatemode.TemplateMode - [THYMELEAF][restartedMain] Template Mode 'LEGACYHTML5' is deprecated. Using Template Mode 'HTML' instead.
09:35:18.826 default [restartedMain] INFO  o.s.b.a.w.s.WelcomePageHandlerMapping - Adding welcome page template: index
09:35:19.036 default [restartedMain] INFO  o.s.s.c.ThreadPoolTaskScheduler - Initializing ExecutorService 'taskScheduler'
09:35:19.074 default [restartedMain] INFO  o.s.b.d.a.OptionalLiveReloadServer - LiveReload server is running on port 35729
09:35:19.136 default [restartedMain] INFO  o.a.coyote.http11.Http11NioProtocol - Starting ProtocolHandler ["https-jsse-nio-8550"]
09:35:19.180 default [restartedMain] INFO  o.s.b.w.e.tomcat.TomcatWebServer - Tomcat started on port(s): 8550 (https) with context path '/chat'
09:35:19.253 default [restartedMain] INFO  o.s.b.w.e.tomcat.TomcatWebServer - Tomcat initialized with port(s): 9001 (https)
09:35:19.255 default [restartedMain] INFO  o.a.coyote.http11.Http11NioProtocol - Initializing ProtocolHandler ["https-jsse-nio-127.0.0.1-9001"]
09:35:19.256 default [restartedMain] INFO  o.a.catalina.core.StandardService - Starting service [Tomcat]
09:35:19.259 default [restartedMain] INFO  o.a.catalina.core.StandardEngine - Starting Servlet engine: [Apache Tomcat/9.0.21]
09:35:19.267 default [restartedMain] INFO  o.a.c.c.C.[Tomcat-1].[localhost].[/] - Initializing Spring embedded WebApplicationContext
09:35:19.268 default [restartedMain] INFO  o.s.web.context.ContextLoader - Root WebApplicationContext: initialization completed in 86 ms
09:35:19.335 default [restartedMain] INFO  o.s.b.a.e.web.EndpointLinksResolver - Exposing 16 endpoint(s) beneath base path '/actuator'
09:35:19.415 default [restartedMain] INFO  o.a.coyote.http11.Http11NioProtocol - Starting ProtocolHandler ["https-jsse-nio-127.0.0.1-9001"]
09:35:19.446 default [restartedMain] INFO  o.s.b.w.e.tomcat.TomcatWebServer - Tomcat started on port(s): 9001 (https) with context path ''
09:35:19.466 default [restartedMain] INFO  o.s.b.d.a.ConditionEvaluationDeltaLoggingListener - Condition evaluation unchanged
09:36:56.352 default [Thread-32] INFO  o.s.s.c.ThreadPoolTaskScheduler - Shutting down ExecutorService 'taskScheduler'
09:36:56.354 default [Thread-32] INFO  o.s.s.c.ThreadPoolTaskExecutor - Shutting down ExecutorService 'applicationTaskExecutor'
09:42:57.129 default [restartedMain] INFO  o.s.b.d.e.DevToolsPropertyDefaultsPostProcessor - Devtools property defaults active! Set 'spring.devtools.add-properties' to 'false' to disable
09:42:57.130 default [restartedMain] INFO  o.s.b.d.e.DevToolsPropertyDefaultsPostProcessor - For additional web related logging consider setting the 'logging.level.web' property to 'DEBUG'
09:42:58.424 default [restartedMain] INFO  o.s.b.w.e.tomcat.TomcatWebServer - Tomcat initialized with port(s): 443 (https) 8550 (http)
09:42:58.434 default [restartedMain] INFO  o.a.coyote.http11.Http11NioProtocol - Initializing ProtocolHandler ["https-jsse-nio-443"]
09:42:58.442 default [restartedMain] INFO  o.a.coyote.http11.Http11NioProtocol - Initializing ProtocolHandler ["http-nio-8550"]
09:42:58.447 default [restartedMain] INFO  o.a.catalina.core.StandardService - Starting service [Tomcat]
09:42:58.447 default [restartedMain] INFO  o.a.catalina.core.StandardEngine - Starting Servlet engine: [Apache Tomcat/9.0.21]
09:42:58.495 default [restartedMain] INFO  o.a.c.c.C.[.[localhost].[/chat] - Initializing Spring embedded WebApplicationContext
09:42:58.495 default [restartedMain] INFO  o.s.web.context.ContextLoader - Root WebApplicationContext: initialization completed in 1365 ms
09:42:58.681 default [restartedMain] INFO  o.a.c.c.C.[.[localhost].[/chat] - Set web app root system property: 'webapp.root' = [/tmp/tomcat-docbase.3996779885893744473.443/]
09:42:58.929 default [restartedMain] INFO  o.s.s.c.ThreadPoolTaskExecutor - Initializing ExecutorService 'applicationTaskExecutor'
09:42:59.040 default [restartedMain] WARN  o.t.templatemode.TemplateMode - [THYMELEAF][restartedMain] Template Mode 'LEGACYHTML5' is deprecated. Using Template Mode 'HTML' instead.
09:42:59.064 default [restartedMain] INFO  o.s.b.a.w.s.WelcomePageHandlerMapping - Adding welcome page template: index
09:42:59.332 default [restartedMain] INFO  o.s.s.c.ThreadPoolTaskScheduler - Initializing ExecutorService 'taskScheduler'
09:42:59.387 default [restartedMain] INFO  o.s.b.d.a.OptionalLiveReloadServer - LiveReload server is running on port 35729
09:42:59.451 default [restartedMain] INFO  o.a.coyote.http11.Http11NioProtocol - Starting ProtocolHandler ["https-jsse-nio-443"]
09:42:59.454 default [restartedMain] INFO  o.a.coyote.http11.Http11NioProtocol - Starting ProtocolHandler ["http-nio-8550"]
09:42:59.464 default [restartedMain] INFO  o.a.coyote.http11.Http11NioProtocol - Pausing ProtocolHandler ["https-jsse-nio-443"]
09:42:59.464 default [restartedMain] INFO  o.a.coyote.http11.Http11NioProtocol - Pausing ProtocolHandler ["http-nio-8550"]
09:42:59.473 default [restartedMain] INFO  o.a.catalina.core.StandardService - Stopping service [Tomcat]
09:42:59.477 default [restartedMain] INFO  o.a.coyote.http11.Http11NioProtocol - Stopping ProtocolHandler ["http-nio-8550"]
09:42:59.480 default [restartedMain] INFO  o.apache.catalina.util.LifecycleBase - The stop() method was called on component [StandardServer[-1]] after stop() had already been called. The second call will be ignored.
09:42:59.480 default [restartedMain] INFO  o.a.coyote.http11.Http11NioProtocol - Stopping ProtocolHandler ["https-jsse-nio-443"]
09:42:59.480 default [restartedMain] INFO  o.a.coyote.http11.Http11NioProtocol - Destroying ProtocolHandler ["https-jsse-nio-443"]
09:42:59.481 default [restartedMain] INFO  o.a.coyote.http11.Http11NioProtocol - Destroying ProtocolHandler ["http-nio-8550"]
09:42:59.484 default [restartedMain] INFO  o.s.b.a.l.ConditionEvaluationReportLoggingListener - 

Error starting ApplicationContext. To display the conditions report re-run your application with 'debug' enabled.
09:42:59.493 default [restartedMain] INFO  o.s.s.c.ThreadPoolTaskScheduler - Shutting down ExecutorService 'taskScheduler'
09:42:59.494 default [restartedMain] INFO  o.s.s.c.ThreadPoolTaskExecutor - Shutting down ExecutorService 'applicationTaskExecutor'
09:52:42.855 default [restartedMain] INFO  o.s.b.d.e.DevToolsPropertyDefaultsPostProcessor - Devtools property defaults active! Set 'spring.devtools.add-properties' to 'false' to disable
09:52:42.856 default [restartedMain] INFO  o.s.b.d.e.DevToolsPropertyDefaultsPostProcessor - For additional web related logging consider setting the 'logging.level.web' property to 'DEBUG'
09:52:44.193 default [restartedMain] INFO  o.s.b.w.e.tomcat.TomcatWebServer - Tomcat initialized with port(s): 8443 (https) 8550 (http)
09:52:44.205 default [restartedMain] INFO  o.a.coyote.http11.Http11NioProtocol - Initializing ProtocolHandler ["https-jsse-nio-8443"]
09:52:44.214 default [restartedMain] INFO  o.a.coyote.http11.Http11NioProtocol - Initializing ProtocolHandler ["http-nio-8550"]
09:52:44.219 default [restartedMain] INFO  o.a.catalina.core.StandardService - Starting service [Tomcat]
09:52:44.219 default [restartedMain] INFO  o.a.catalina.core.StandardEngine - Starting Servlet engine: [Apache Tomcat/9.0.21]
09:52:44.272 default [restartedMain] INFO  o.a.c.c.C.[.[localhost].[/chat] - Initializing Spring embedded WebApplicationContext
09:52:44.273 default [restartedMain] INFO  o.s.web.context.ContextLoader - Root WebApplicationContext: initialization completed in 1417 ms
09:52:44.504 default [restartedMain] INFO  o.a.c.c.C.[.[localhost].[/chat] - Set web app root system property: 'webapp.root' = [/tmp/tomcat-docbase.3924389511098983202.8443/]
09:52:44.766 default [restartedMain] INFO  o.s.s.c.ThreadPoolTaskExecutor - Initializing ExecutorService 'applicationTaskExecutor'
09:52:44.908 default [restartedMain] WARN  o.t.templatemode.TemplateMode - [THYMELEAF][restartedMain] Template Mode 'LEGACYHTML5' is deprecated. Using Template Mode 'HTML' instead.
09:52:44.936 default [restartedMain] INFO  o.s.b.a.w.s.WelcomePageHandlerMapping - Adding welcome page template: index
09:52:45.266 default [restartedMain] INFO  o.s.s.c.ThreadPoolTaskScheduler - Initializing ExecutorService 'taskScheduler'
09:52:45.319 default [restartedMain] INFO  o.s.b.d.a.OptionalLiveReloadServer - LiveReload server is running on port 35729
09:52:45.389 default [restartedMain] INFO  o.a.coyote.http11.Http11NioProtocol - Starting ProtocolHandler ["https-jsse-nio-8443"]
09:52:45.554 default [restartedMain] INFO  o.a.coyote.http11.Http11NioProtocol - Starting ProtocolHandler ["http-nio-8550"]
09:52:45.576 default [restartedMain] INFO  o.s.b.w.e.tomcat.TomcatWebServer - Tomcat started on port(s): 8443 (https) 8550 (http) with context path '/chat'
09:52:45.579 default [restartedMain] WARN  o.s.b.w.s.c.AnnotationConfigServletWebServerApplicationContext - Exception encountered during context initialization - cancelling refresh attempt: org.springframework.beans.FatalBeanException: ServletWebServerFactory implementation com.mola.molachat.config.TomcatConfig$1 cannot be instantiated. To allow a separate management port to be used, a top-level class or static inner class should be used instead
09:52:45.580 default [restartedMain] INFO  o.s.s.c.ThreadPoolTaskScheduler - Shutting down ExecutorService 'taskScheduler'
09:52:45.585 default [restartedMain] INFO  o.s.s.c.ThreadPoolTaskExecutor - Shutting down ExecutorService 'applicationTaskExecutor'
09:52:45.590 default [restartedMain] INFO  o.a.coyote.http11.Http11NioProtocol - Pausing ProtocolHandler ["https-jsse-nio-8443"]
09:52:45.599 default [restartedMain] INFO  o.a.coyote.http11.Http11NioProtocol - Pausing ProtocolHandler ["http-nio-8550"]
09:52:45.605 default [restartedMain] INFO  o.a.catalina.core.StandardService - Stopping service [Tomcat]
09:52:45.613 default [restartedMain] INFO  o.a.coyote.http11.Http11NioProtocol - Stopping ProtocolHandler ["https-jsse-nio-8443"]
09:52:45.615 default [restartedMain] INFO  o.a.coyote.http11.Http11NioProtocol - Stopping ProtocolHandler ["http-nio-8550"]
09:52:45.616 default [restartedMain] INFO  o.a.coyote.http11.Http11NioProtocol - Destroying ProtocolHandler ["https-jsse-nio-8443"]
09:52:45.617 default [restartedMain] INFO  o.a.coyote.http11.Http11NioProtocol - Destroying ProtocolHandler ["http-nio-8550"]
09:52:45.619 default [restartedMain] INFO  o.s.b.a.l.ConditionEvaluationReportLoggingListener - 

Error starting ApplicationContext. To display the conditions report re-run your application with 'debug' enabled.
09:54:34.582 default [restartedMain] INFO  o.s.b.d.e.DevToolsPropertyDefaultsPostProcessor - Devtools property defaults active! Set 'spring.devtools.add-properties' to 'false' to disable
09:54:34.583 default [restartedMain] INFO  o.s.b.d.e.DevToolsPropertyDefaultsPostProcessor - For additional web related logging consider setting the 'logging.level.web' property to 'DEBUG'
09:54:36.096 default [restartedMain] INFO  o.s.b.w.e.tomcat.TomcatWebServer - Tomcat initialized with port(s): 8443 (https) 8550 (http)
09:54:36.109 default [restartedMain] INFO  o.a.coyote.http11.Http11NioProtocol - Initializing ProtocolHandler ["https-jsse-nio-8443"]
09:54:36.118 default [restartedMain] INFO  o.a.coyote.http11.Http11NioProtocol - Initializing ProtocolHandler ["http-nio-8550"]
09:54:36.123 default [restartedMain] INFO  o.a.catalina.core.StandardService - Starting service [Tomcat]
09:54:36.123 default [restartedMain] INFO  o.a.catalina.core.StandardEngine - Starting Servlet engine: [Apache Tomcat/9.0.21]
09:54:36.179 default [restartedMain] INFO  o.a.c.c.C.[.[localhost].[/chat] - Initializing Spring embedded WebApplicationContext
09:54:36.179 default [restartedMain] INFO  o.s.web.context.ContextLoader - Root WebApplicationContext: initialization completed in 1596 ms
09:54:36.441 default [restartedMain] INFO  o.a.c.c.C.[.[localhost].[/chat] - Set web app root system property: 'webapp.root' = [/tmp/tomcat-docbase.2044210154128980271.8443/]
09:54:36.686 default [restartedMain] INFO  o.s.s.c.ThreadPoolTaskExecutor - Initializing ExecutorService 'applicationTaskExecutor'
09:54:36.796 default [restartedMain] WARN  o.t.templatemode.TemplateMode - [THYMELEAF][restartedMain] Template Mode 'LEGACYHTML5' is deprecated. Using Template Mode 'HTML' instead.
09:54:36.821 default [restartedMain] INFO  o.s.b.a.w.s.WelcomePageHandlerMapping - Adding welcome page template: index
09:54:37.088 default [restartedMain] INFO  o.s.s.c.ThreadPoolTaskScheduler - Initializing ExecutorService 'taskScheduler'
09:54:37.134 default [restartedMain] INFO  o.s.b.d.a.OptionalLiveReloadServer - LiveReload server is running on port 35729
09:54:37.190 default [restartedMain] INFO  o.a.coyote.http11.Http11NioProtocol - Starting ProtocolHandler ["https-jsse-nio-8443"]
09:54:37.301 default [restartedMain] INFO  o.a.coyote.http11.Http11NioProtocol - Starting ProtocolHandler ["http-nio-8550"]
09:54:37.306 default [restartedMain] INFO  o.s.b.w.e.tomcat.TomcatWebServer - Tomcat started on port(s): 8443 (https) 8550 (http) with context path '/chat'
09:54:37.309 default [restartedMain] WARN  o.s.b.w.s.c.AnnotationConfigServletWebServerApplicationContext - Exception encountered during context initialization - cancelling refresh attempt: org.springframework.beans.FatalBeanException: ServletWebServerFactory implementation com.mola.molachat.config.TomcatConfig$1 cannot be instantiated. To allow a separate management port to be used, a top-level class or static inner class should be used instead
09:54:37.310 default [restartedMain] INFO  o.s.s.c.ThreadPoolTaskScheduler - Shutting down ExecutorService 'taskScheduler'
09:54:37.312 default [restartedMain] INFO  o.s.s.c.ThreadPoolTaskExecutor - Shutting down ExecutorService 'applicationTaskExecutor'
09:54:37.315 default [restartedMain] INFO  o.a.coyote.http11.Http11NioProtocol - Pausing ProtocolHandler ["https-jsse-nio-8443"]
09:54:37.323 default [restartedMain] INFO  o.a.coyote.http11.Http11NioProtocol - Pausing ProtocolHandler ["http-nio-8550"]
09:54:37.328 default [restartedMain] INFO  o.a.catalina.core.StandardService - Stopping service [Tomcat]
09:54:37.332 default [restartedMain] INFO  o.a.coyote.http11.Http11NioProtocol - Stopping ProtocolHandler ["https-jsse-nio-8443"]
09:54:37.333 default [restartedMain] INFO  o.a.coyote.http11.Http11NioProtocol - Stopping ProtocolHandler ["http-nio-8550"]
09:54:37.337 default [restartedMain] INFO  o.a.coyote.http11.Http11NioProtocol - Destroying ProtocolHandler ["https-jsse-nio-8443"]
09:54:37.337 default [restartedMain] INFO  o.a.coyote.http11.Http11NioProtocol - Destroying ProtocolHandler ["http-nio-8550"]
09:54:37.339 default [restartedMain] INFO  o.s.b.a.l.ConditionEvaluationReportLoggingListener - 

Error starting ApplicationContext. To display the conditions report re-run your application with 'debug' enabled.
09:55:40.035 default [restartedMain] INFO  o.s.b.d.e.DevToolsPropertyDefaultsPostProcessor - Devtools property defaults active! Set 'spring.devtools.add-properties' to 'false' to disable
09:55:40.037 default [restartedMain] INFO  o.s.b.d.e.DevToolsPropertyDefaultsPostProcessor - For additional web related logging consider setting the 'logging.level.web' property to 'DEBUG'
09:55:41.695 default [restartedMain] INFO  o.s.b.w.e.tomcat.TomcatWebServer - Tomcat initialized with port(s): 8443 (https) 8550 (http)
09:55:41.705 default [restartedMain] INFO  o.a.coyote.http11.Http11NioProtocol - Initializing ProtocolHandler ["https-jsse-nio-8443"]
09:55:41.713 default [restartedMain] INFO  o.a.coyote.http11.Http11NioProtocol - Initializing ProtocolHandler ["http-nio-8550"]
09:55:41.718 default [restartedMain] INFO  o.a.catalina.core.StandardService - Starting service [Tomcat]
09:55:41.719 default [restartedMain] INFO  o.a.catalina.core.StandardEngine - Starting Servlet engine: [Apache Tomcat/9.0.21]
09:55:41.786 default [restartedMain] INFO  o.a.c.c.C.[.[localhost].[/chat] - Initializing Spring embedded WebApplicationContext
09:55:41.787 default [restartedMain] INFO  o.s.web.context.ContextLoader - Root WebApplicationContext: initialization completed in 1750 ms
09:55:42.021 default [restartedMain] INFO  o.a.c.c.C.[.[localhost].[/chat] - Set web app root system property: 'webapp.root' = [/tmp/tomcat-docbase.8698384585229104543.8443/]
09:55:42.302 default [restartedMain] INFO  o.s.s.c.ThreadPoolTaskExecutor - Initializing ExecutorService 'applicationTaskExecutor'
09:55:42.444 default [restartedMain] WARN  o.t.templatemode.TemplateMode - [THYMELEAF][restartedMain] Template Mode 'LEGACYHTML5' is deprecated. Using Template Mode 'HTML' instead.
09:55:42.481 default [restartedMain] INFO  o.s.b.a.w.s.WelcomePageHandlerMapping - Adding welcome page template: index
09:55:42.896 default [restartedMain] INFO  o.s.s.c.ThreadPoolTaskScheduler - Initializing ExecutorService 'taskScheduler'
09:55:42.964 default [restartedMain] INFO  o.s.b.d.a.OptionalLiveReloadServer - LiveReload server is running on port 35729
09:55:43.043 default [restartedMain] INFO  o.a.coyote.http11.Http11NioProtocol - Starting ProtocolHandler ["https-jsse-nio-8443"]
09:55:43.231 default [restartedMain] INFO  o.a.coyote.http11.Http11NioProtocol - Starting ProtocolHandler ["http-nio-8550"]
09:55:43.244 default [restartedMain] INFO  o.s.b.w.e.tomcat.TomcatWebServer - Tomcat started on port(s): 8443 (https) 8550 (http) with context path '/chat'
09:55:43.250 default [restartedMain] WARN  o.s.b.w.s.c.AnnotationConfigServletWebServerApplicationContext - Exception encountered during context initialization - cancelling refresh attempt: org.springframework.beans.FatalBeanException: ServletWebServerFactory implementation com.mola.molachat.MolachatApplication$1 cannot be instantiated. To allow a separate management port to be used, a top-level class or static inner class should be used instead
09:55:43.252 default [restartedMain] INFO  o.s.s.c.ThreadPoolTaskScheduler - Shutting down ExecutorService 'taskScheduler'
09:55:43.255 default [restartedMain] INFO  o.s.s.c.ThreadPoolTaskExecutor - Shutting down ExecutorService 'applicationTaskExecutor'
09:55:43.260 default [restartedMain] INFO  o.a.coyote.http11.Http11NioProtocol - Pausing ProtocolHandler ["https-jsse-nio-8443"]
09:55:43.270 default [restartedMain] INFO  o.a.coyote.http11.Http11NioProtocol - Pausing ProtocolHandler ["http-nio-8550"]
09:55:43.276 default [restartedMain] INFO  o.a.catalina.core.StandardService - Stopping service [Tomcat]
09:55:43.283 default [restartedMain] INFO  o.a.coyote.http11.Http11NioProtocol - Stopping ProtocolHandler ["https-jsse-nio-8443"]
09:55:43.290 default [restartedMain] INFO  o.a.coyote.http11.Http11NioProtocol - Stopping ProtocolHandler ["http-nio-8550"]
09:55:43.293 default [restartedMain] INFO  o.a.coyote.http11.Http11NioProtocol - Destroying ProtocolHandler ["https-jsse-nio-8443"]
09:55:43.294 default [restartedMain] INFO  o.a.coyote.http11.Http11NioProtocol - Destroying ProtocolHandler ["http-nio-8550"]
09:55:43.299 default [restartedMain] INFO  o.s.b.a.l.ConditionEvaluationReportLoggingListener - 

Error starting ApplicationContext. To display the conditions report re-run your application with 'debug' enabled.
09:59:05.968 default [restartedMain] INFO  o.s.b.d.e.DevToolsPropertyDefaultsPostProcessor - Devtools property defaults active! Set 'spring.devtools.add-properties' to 'false' to disable
09:59:05.969 default [restartedMain] INFO  o.s.b.d.e.DevToolsPropertyDefaultsPostProcessor - For additional web related logging consider setting the 'logging.level.web' property to 'DEBUG'
09:59:07.378 default [restartedMain] INFO  o.s.b.w.e.tomcat.TomcatWebServer - Tomcat initialized with port(s): 8443 (https) 8550 (http)
09:59:07.389 default [restartedMain] INFO  o.a.coyote.http11.Http11NioProtocol - Initializing ProtocolHandler ["https-jsse-nio-8443"]
09:59:07.398 default [restartedMain] INFO  o.a.coyote.http11.Http11NioProtocol - Initializing ProtocolHandler ["http-nio-8550"]
09:59:07.403 default [restartedMain] INFO  o.a.catalina.core.StandardService - Starting service [Tomcat]
09:59:07.403 default [restartedMain] INFO  o.a.catalina.core.StandardEngine - Starting Servlet engine: [Apache Tomcat/9.0.21]
09:59:07.453 default [restartedMain] INFO  o.a.c.c.C.[.[localhost].[/chat] - Initializing Spring embedded WebApplicationContext
09:59:07.454 default [restartedMain] INFO  o.s.web.context.ContextLoader - Root WebApplicationContext: initialization completed in 1483 ms
09:59:07.658 default [restartedMain] INFO  o.a.c.c.C.[.[localhost].[/chat] - Set web app root system property: 'webapp.root' = [/tmp/tomcat-docbase.4378891625006997925.8443/]
09:59:07.893 default [restartedMain] INFO  o.s.s.c.ThreadPoolTaskExecutor - Initializing ExecutorService 'applicationTaskExecutor'
09:59:08.004 default [restartedMain] WARN  o.t.templatemode.TemplateMode - [THYMELEAF][restartedMain] Template Mode 'LEGACYHTML5' is deprecated. Using Template Mode 'HTML' instead.
09:59:08.029 default [restartedMain] INFO  o.s.b.a.w.s.WelcomePageHandlerMapping - Adding welcome page template: index
09:59:08.317 default [restartedMain] INFO  o.s.s.c.ThreadPoolTaskScheduler - Initializing ExecutorService 'taskScheduler'
09:59:08.366 default [restartedMain] INFO  o.s.b.d.a.OptionalLiveReloadServer - LiveReload server is running on port 35729
09:59:08.418 default [restartedMain] INFO  o.a.coyote.http11.Http11NioProtocol - Starting ProtocolHandler ["https-jsse-nio-8443"]
09:59:08.524 default [restartedMain] INFO  o.a.coyote.http11.Http11NioProtocol - Starting ProtocolHandler ["http-nio-8550"]
09:59:08.529 default [restartedMain] INFO  o.s.b.w.e.tomcat.TomcatWebServer - Tomcat started on port(s): 8443 (https) 8550 (http) with context path '/chat'
10:03:55.187 default [restartedMain] WARN  o.s.b.w.s.c.AnnotationConfigServletWebServerApplicationContext - Exception encountered during context initialization - cancelling refresh attempt: org.springframework.beans.FatalBeanException: ServletWebServerFactory implementation com.mola.molachat.MolachatApplication$1 cannot be instantiated. To allow a separate management port to be used, a top-level class or static inner class should be used instead
10:04:01.705 default [restartedMain] INFO  o.s.b.d.e.DevToolsPropertyDefaultsPostProcessor - Devtools property defaults active! Set 'spring.devtools.add-properties' to 'false' to disable
10:04:01.706 default [restartedMain] INFO  o.s.b.d.e.DevToolsPropertyDefaultsPostProcessor - For additional web related logging consider setting the 'logging.level.web' property to 'DEBUG'
10:04:03.118 default [restartedMain] INFO  o.s.b.w.e.tomcat.TomcatWebServer - Tomcat initialized with port(s): 8443 (https) 8550 (http)
10:04:03.131 default [restartedMain] INFO  o.a.coyote.http11.Http11NioProtocol - Initializing ProtocolHandler ["https-jsse-nio-8443"]
10:04:03.141 default [restartedMain] INFO  o.a.coyote.http11.Http11NioProtocol - Initializing ProtocolHandler ["http-nio-8550"]
10:04:03.146 default [restartedMain] INFO  o.a.catalina.core.StandardService - Starting service [Tomcat]
10:04:03.147 default [restartedMain] INFO  o.a.catalina.core.StandardEngine - Starting Servlet engine: [Apache Tomcat/9.0.21]
10:04:03.200 default [restartedMain] INFO  o.a.c.c.C.[.[localhost].[/chat] - Initializing Spring embedded WebApplicationContext
10:04:03.200 default [restartedMain] INFO  o.s.web.context.ContextLoader - Root WebApplicationContext: initialization completed in 1494 ms
10:04:03.353 default [restartedMain] INFO  o.a.c.c.C.[.[localhost].[/chat] - Set web app root system property: 'webapp.root' = [/tmp/tomcat-docbase.6169329414303081174.8443/]
10:04:03.677 default [restartedMain] INFO  o.s.s.c.ThreadPoolTaskExecutor - Initializing ExecutorService 'applicationTaskExecutor'
10:04:03.788 default [restartedMain] WARN  o.t.templatemode.TemplateMode - [THYMELEAF][restartedMain] Template Mode 'LEGACYHTML5' is deprecated. Using Template Mode 'HTML' instead.
10:04:03.813 default [restartedMain] INFO  o.s.b.a.w.s.WelcomePageHandlerMapping - Adding welcome page template: index
10:04:04.084 default [restartedMain] INFO  o.s.s.c.ThreadPoolTaskScheduler - Initializing ExecutorService 'taskScheduler'
10:04:04.130 default [restartedMain] INFO  o.s.b.d.a.OptionalLiveReloadServer - LiveReload server is running on port 35729
10:04:04.181 default [restartedMain] INFO  o.a.coyote.http11.Http11NioProtocol - Starting ProtocolHandler ["https-jsse-nio-8443"]
10:04:04.284 default [restartedMain] INFO  o.a.coyote.http11.Http11NioProtocol - Starting ProtocolHandler ["http-nio-8550"]
10:04:04.291 default [restartedMain] INFO  o.s.b.w.e.tomcat.TomcatWebServer - Tomcat started on port(s): 8443 (https) 8550 (http) with context path '/chat'
10:05:01.141 default [restartedMain] INFO  o.s.b.d.e.DevToolsPropertyDefaultsPostProcessor - Devtools property defaults active! Set 'spring.devtools.add-properties' to 'false' to disable
10:05:01.142 default [restartedMain] INFO  o.s.b.d.e.DevToolsPropertyDefaultsPostProcessor - For additional web related logging consider setting the 'logging.level.web' property to 'DEBUG'
10:05:02.401 default [restartedMain] INFO  o.s.b.w.e.tomcat.TomcatWebServer - Tomcat initialized with port(s): 8443 (https) 8550 (http)
10:05:02.416 default [restartedMain] INFO  o.a.coyote.http11.Http11NioProtocol - Initializing ProtocolHandler ["https-jsse-nio-8443"]
10:05:02.426 default [restartedMain] INFO  o.a.coyote.http11.Http11NioProtocol - Initializing ProtocolHandler ["http-nio-8550"]
10:05:02.431 default [restartedMain] INFO  o.a.catalina.core.StandardService - Starting service [Tomcat]
10:05:02.431 default [restartedMain] INFO  o.a.catalina.core.StandardEngine - Starting Servlet engine: [Apache Tomcat/9.0.21]
10:05:02.489 default [restartedMain] INFO  o.a.c.c.C.[.[localhost].[/chat] - Initializing Spring embedded WebApplicationContext
10:05:02.489 default [restartedMain] INFO  o.s.web.context.ContextLoader - Root WebApplicationContext: initialization completed in 1346 ms
10:05:02.802 default [restartedMain] INFO  o.a.c.c.C.[.[localhost].[/chat] - Set web app root system property: 'webapp.root' = [/tmp/tomcat-docbase.9169809375153361741.8443/]
10:05:03.089 default [restartedMain] INFO  o.s.s.c.ThreadPoolTaskExecutor - Initializing ExecutorService 'applicationTaskExecutor'
10:05:03.209 default [restartedMain] WARN  o.t.templatemode.TemplateMode - [THYMELEAF][restartedMain] Template Mode 'LEGACYHTML5' is deprecated. Using Template Mode 'HTML' instead.
10:05:03.238 default [restartedMain] INFO  o.s.b.a.w.s.WelcomePageHandlerMapping - Adding welcome page template: index
10:05:03.520 default [restartedMain] INFO  o.s.s.c.ThreadPoolTaskScheduler - Initializing ExecutorService 'taskScheduler'
10:05:03.564 default [restartedMain] INFO  o.s.b.d.a.OptionalLiveReloadServer - LiveReload server is running on port 35729
10:05:03.612 default [restartedMain] INFO  o.a.coyote.http11.Http11NioProtocol - Starting ProtocolHandler ["https-jsse-nio-8443"]
10:05:03.716 default [restartedMain] INFO  o.a.coyote.http11.Http11NioProtocol - Starting ProtocolHandler ["http-nio-8550"]
10:05:03.722 default [restartedMain] INFO  o.s.b.w.e.tomcat.TomcatWebServer - Tomcat started on port(s): 8443 (https) 8550 (http) with context path '/chat'
10:05:06.184 default [restartedMain] INFO  o.s.b.w.e.tomcat.TomcatWebServer - Tomcat initialized with port(s): 9001 (https)
10:05:06.185 default [restartedMain] INFO  o.a.coyote.http11.Http11NioProtocol - Initializing ProtocolHandler ["https-jsse-nio-127.0.0.1-9001"]
10:05:06.185 default [restartedMain] INFO  o.a.catalina.core.StandardService - Starting service [Tomcat]
10:05:06.186 default [restartedMain] INFO  o.a.catalina.core.StandardEngine - Starting Servlet engine: [Apache Tomcat/9.0.21]
10:05:06.190 default [restartedMain] INFO  o.a.c.c.C.[Tomcat-1].[localhost].[/] - Initializing Spring embedded WebApplicationContext
10:05:06.191 default [restartedMain] INFO  o.s.web.context.ContextLoader - Root WebApplicationContext: initialization completed in 118 ms
10:05:06.209 default [restartedMain] INFO  o.s.b.a.e.web.EndpointLinksResolver - Exposing 16 endpoint(s) beneath base path '/actuator'
10:05:06.251 default [restartedMain] INFO  o.a.coyote.http11.Http11NioProtocol - Starting ProtocolHandler ["https-jsse-nio-127.0.0.1-9001"]
10:05:06.254 default [restartedMain] INFO  o.s.b.w.e.tomcat.TomcatWebServer - Tomcat started on port(s): 9001 (https) with context path ''
10:05:06.655 default [RMI TCP Connection(1)-127.0.0.1] INFO  o.a.c.c.C.[.[localhost].[/chat] - Initializing Spring DispatcherServlet 'dispatcherServlet'
10:05:06.656 default [RMI TCP Connection(1)-127.0.0.1] INFO  o.s.web.servlet.DispatcherServlet - Initializing Servlet 'dispatcherServlet'
10:05:06.664 default [RMI TCP Connection(1)-127.0.0.1] INFO  o.s.web.servlet.DispatcherServlet - Completed initialization in 8 ms
10:05:32.317 default [http-nio-8550-exec-3] INFO  o.a.coyote.http11.Http11Processor - Error parsing HTTP request header
 Note: further occurrences of HTTP request parsing errors will be logged at DEBUG level.
java.lang.IllegalArgumentException: Invalid character found in method name. HTTP method names must be tokens
	at org.apache.coyote.http11.Http11InputBuffer.parseRequestLine(Http11InputBuffer.java:415)
	at org.apache.coyote.http11.Http11Processor.service(Http11Processor.java:294)
	at org.apache.coyote.AbstractProcessorLight.process(AbstractProcessorLight.java:66)
	at org.apache.coyote.AbstractProtocol$ConnectionHandler.process(AbstractProtocol.java:853)
	at org.apache.tomcat.util.net.NioEndpoint$SocketProcessor.doRun(NioEndpoint.java:1587)
	at org.apache.tomcat.util.net.SocketProcessorBase.run(SocketProcessorBase.java:49)
	at java.util.concurrent.ThreadPoolExecutor.runWorker(ThreadPoolExecutor.java:1149)
	at java.util.concurrent.ThreadPoolExecutor$Worker.run(ThreadPoolExecutor.java:624)
	at org.apache.tomcat.util.threads.TaskThread$WrappingRunnable.run(TaskThread.java:61)
	at java.lang.Thread.run(Thread.java:748)
10:07:17.417 default [Thread-17] INFO  o.s.s.c.ThreadPoolTaskScheduler - Shutting down ExecutorService 'taskScheduler'
10:07:17.419 default [Thread-17] INFO  o.s.s.c.ThreadPoolTaskExecutor - Shutting down ExecutorService 'applicationTaskExecutor'
10:07:21.677 default [restartedMain] INFO  o.s.b.d.e.DevToolsPropertyDefaultsPostProcessor - Devtools property defaults active! Set 'spring.devtools.add-properties' to 'false' to disable
10:07:21.678 default [restartedMain] INFO  o.s.b.d.e.DevToolsPropertyDefaultsPostProcessor - For additional web related logging consider setting the 'logging.level.web' property to 'DEBUG'
10:07:23.634 default [restartedMain] INFO  o.s.b.w.e.tomcat.TomcatWebServer - Tomcat initialized with port(s): 8550 (https) 8550 (http)
10:07:23.650 default [restartedMain] INFO  o.a.coyote.http11.Http11NioProtocol - Initializing ProtocolHandler ["https-jsse-nio-8550"]
10:07:23.660 default [restartedMain] INFO  o.a.coyote.http11.Http11NioProtocol - Initializing ProtocolHandler ["http-nio-8550"]
10:07:23.668 default [restartedMain] INFO  o.a.catalina.core.StandardService - Starting service [Tomcat]
10:07:23.668 default [restartedMain] INFO  o.a.catalina.core.StandardEngine - Starting Servlet engine: [Apache Tomcat/9.0.21]
10:07:23.740 default [restartedMain] INFO  o.a.c.c.C.[.[localhost].[/chat] - Initializing Spring embedded WebApplicationContext
10:07:23.741 default [restartedMain] INFO  o.s.web.context.ContextLoader - Root WebApplicationContext: initialization completed in 2063 ms
10:07:23.989 default [restartedMain] INFO  o.a.c.c.C.[.[localhost].[/chat] - Set web app root system property: 'webapp.root' = [/tmp/tomcat-docbase.4097508825283154111.8550/]
10:07:24.272 default [restartedMain] INFO  o.s.s.c.ThreadPoolTaskExecutor - Initializing ExecutorService 'applicationTaskExecutor'
10:07:24.407 default [restartedMain] WARN  o.t.templatemode.TemplateMode - [THYMELEAF][restartedMain] Template Mode 'LEGACYHTML5' is deprecated. Using Template Mode 'HTML' instead.
10:07:24.437 default [restartedMain] INFO  o.s.b.a.w.s.WelcomePageHandlerMapping - Adding welcome page template: index
10:07:24.770 default [restartedMain] INFO  o.s.s.c.ThreadPoolTaskScheduler - Initializing ExecutorService 'taskScheduler'
10:07:24.823 default [restartedMain] INFO  o.s.b.d.a.OptionalLiveReloadServer - LiveReload server is running on port 35729
10:07:24.885 default [restartedMain] INFO  o.a.coyote.http11.Http11NioProtocol - Starting ProtocolHandler ["https-jsse-nio-8550"]
10:07:24.888 default [restartedMain] INFO  o.a.coyote.http11.Http11NioProtocol - Starting ProtocolHandler ["http-nio-8550"]
10:07:24.916 default [restartedMain] INFO  o.a.coyote.http11.Http11NioProtocol - Pausing ProtocolHandler ["https-jsse-nio-8550"]
10:07:24.917 default [restartedMain] INFO  o.a.coyote.http11.Http11NioProtocol - Pausing ProtocolHandler ["http-nio-8550"]
10:07:24.925 default [restartedMain] INFO  o.a.catalina.core.StandardService - Stopping service [Tomcat]
10:07:24.932 default [restartedMain] INFO  o.a.coyote.http11.Http11NioProtocol - Stopping ProtocolHandler ["http-nio-8550"]
10:07:24.935 default [restartedMain] INFO  o.apache.catalina.util.LifecycleBase - The stop() method was called on component [StandardServer[-1]] after stop() had already been called. The second call will be ignored.
10:07:24.935 default [restartedMain] INFO  o.a.coyote.http11.Http11NioProtocol - Stopping ProtocolHandler ["https-jsse-nio-8550"]
10:07:24.936 default [restartedMain] INFO  o.a.coyote.http11.Http11NioProtocol - Destroying ProtocolHandler ["https-jsse-nio-8550"]
10:07:24.936 default [restartedMain] INFO  o.a.coyote.http11.Http11NioProtocol - Destroying ProtocolHandler ["http-nio-8550"]
10:07:24.937 default [restartedMain] INFO  o.a.coyote.http11.Http11NioProtocol - Failed to deregister MBean named [Tomcat:type=ProtocolHandler,port=8550] from MBean server [com.sun.jmx.mbeanserver.JmxMBeanServer@6767c1fc]
10:07:24.941 default [restartedMain] INFO  o.s.b.a.l.ConditionEvaluationReportLoggingListener - 

Error starting ApplicationContext. To display the conditions report re-run your application with 'debug' enabled.
10:07:24.953 default [restartedMain] INFO  o.s.s.c.ThreadPoolTaskScheduler - Shutting down ExecutorService 'taskScheduler'
10:07:24.955 default [restartedMain] INFO  o.s.s.c.ThreadPoolTaskExecutor - Shutting down ExecutorService 'applicationTaskExecutor'
10:07:46.823 default [restartedMain] INFO  o.s.b.d.e.DevToolsPropertyDefaultsPostProcessor - Devtools property defaults active! Set 'spring.devtools.add-properties' to 'false' to disable
10:07:46.825 default [restartedMain] INFO  o.s.b.d.e.DevToolsPropertyDefaultsPostProcessor - For additional web related logging consider setting the 'logging.level.web' property to 'DEBUG'
10:07:48.582 default [restartedMain] INFO  o.s.b.w.e.tomcat.TomcatWebServer - Tomcat initialized with port(s): 8550 (https) 8080 (http)
10:07:48.597 default [restartedMain] INFO  o.a.coyote.http11.Http11NioProtocol - Initializing ProtocolHandler ["https-jsse-nio-8550"]
10:07:48.606 default [restartedMain] INFO  o.a.coyote.http11.Http11NioProtocol - Initializing ProtocolHandler ["http-nio-8080"]
10:07:48.612 default [restartedMain] INFO  o.a.catalina.core.StandardService - Starting service [Tomcat]
10:07:48.613 default [restartedMain] INFO  o.a.catalina.core.StandardEngine - Starting Servlet engine: [Apache Tomcat/9.0.21]
10:07:48.687 default [restartedMain] INFO  o.a.c.c.C.[.[localhost].[/chat] - Initializing Spring embedded WebApplicationContext
10:07:48.687 default [restartedMain] INFO  o.s.web.context.ContextLoader - Root WebApplicationContext: initialization completed in 1861 ms
10:07:48.848 default [restartedMain] INFO  o.a.c.c.C.[.[localhost].[/chat] - Set web app root system property: 'webapp.root' = [/tmp/tomcat-docbase.5411123882563662537.8550/]
10:07:49.170 default [restartedMain] INFO  o.s.s.c.ThreadPoolTaskExecutor - Initializing ExecutorService 'applicationTaskExecutor'
10:07:49.298 default [restartedMain] WARN  o.t.templatemode.TemplateMode - [THYMELEAF][restartedMain] Template Mode 'LEGACYHTML5' is deprecated. Using Template Mode 'HTML' instead.
10:07:49.326 default [restartedMain] INFO  o.s.b.a.w.s.WelcomePageHandlerMapping - Adding welcome page template: index
10:07:49.627 default [restartedMain] INFO  o.s.s.c.ThreadPoolTaskScheduler - Initializing ExecutorService 'taskScheduler'
10:07:49.674 default [restartedMain] INFO  o.s.b.d.a.OptionalLiveReloadServer - LiveReload server is running on port 35729
10:07:49.726 default [restartedMain] INFO  o.a.coyote.http11.Http11NioProtocol - Starting ProtocolHandler ["https-jsse-nio-8550"]
10:07:49.844 default [restartedMain] INFO  o.a.coyote.http11.Http11NioProtocol - Starting ProtocolHandler ["http-nio-8080"]
10:07:49.857 default [restartedMain] INFO  o.s.b.w.e.tomcat.TomcatWebServer - Tomcat started on port(s): 8550 (https) 8080 (http) with context path '/chat'
10:07:49.959 default [restartedMain] INFO  o.s.b.w.e.tomcat.TomcatWebServer - Tomcat initialized with port(s): 9001 (https)
10:07:49.960 default [restartedMain] INFO  o.a.coyote.http11.Http11NioProtocol - Initializing ProtocolHandler ["https-jsse-nio-127.0.0.1-9001"]
10:07:49.961 default [restartedMain] INFO  o.a.catalina.core.StandardService - Starting service [Tomcat]
10:07:49.961 default [restartedMain] INFO  o.a.catalina.core.StandardEngine - Starting Servlet engine: [Apache Tomcat/9.0.21]
10:07:49.965 default [restartedMain] INFO  o.a.c.c.C.[Tomcat-1].[localhost].[/] - Initializing Spring embedded WebApplicationContext
10:07:49.965 default [restartedMain] INFO  o.s.web.context.ContextLoader - Root WebApplicationContext: initialization completed in 104 ms
10:07:49.988 default [restartedMain] INFO  o.s.b.a.e.web.EndpointLinksResolver - Exposing 16 endpoint(s) beneath base path '/actuator'
10:07:50.041 default [restartedMain] INFO  o.a.coyote.http11.Http11NioProtocol - Starting ProtocolHandler ["https-jsse-nio-127.0.0.1-9001"]
10:07:50.046 default [restartedMain] INFO  o.s.b.w.e.tomcat.TomcatWebServer - Tomcat started on port(s): 9001 (https) with context path ''
10:07:50.465 default [RMI TCP Connection(2)-127.0.0.1] INFO  o.a.c.c.C.[.[localhost].[/chat] - Initializing Spring DispatcherServlet 'dispatcherServlet'
10:07:50.465 default [RMI TCP Connection(2)-127.0.0.1] INFO  o.s.web.servlet.DispatcherServlet - Initializing Servlet 'dispatcherServlet'
10:07:50.481 default [RMI TCP Connection(2)-127.0.0.1] INFO  o.s.web.servlet.DispatcherServlet - Completed initialization in 16 ms
10:57:02.262 default [Thread-13] INFO  o.s.s.c.ThreadPoolTaskScheduler - Shutting down ExecutorService 'taskScheduler'
10:57:02.265 default [Thread-13] INFO  o.s.s.c.ThreadPoolTaskExecutor - Shutting down ExecutorService 'applicationTaskExecutor'
10:57:03.317 default [restartedMain] WARN  o.s.b.w.s.c.AnnotationConfigServletWebServerApplicationContext - Exception encountered during context initialization - cancelling refresh attempt: org.springframework.context.ApplicationContextException: Unable to start web server; nested exception is org.springframework.beans.factory.BeanCreationException: Error creating bean with name 'tomcatServletWebServerFactory' defined in com.mola.molachat.MolachatApplication: Initialization of bean failed; nested exception is org.springframework.beans.factory.UnsatisfiedDependencyException: Error creating bean with name 'org.springframework.boot.autoconfigure.web.servlet.error.ErrorMvcAutoConfiguration': Unsatisfied dependency expressed through constructor parameter 1; nested exception is org.springframework.beans.factory.BeanCreationException: Error creating bean with name 'org.springframework.boot.autoconfigure.web.servlet.DispatcherServletAutoConfiguration$DispatcherServletRegistrationConfiguration': Bean instantiation via constructor failed; nested exception is org.springframework.beans.BeanInstantiationException: Failed to instantiate [org.springframework.boot.autoconfigure.web.servlet.DispatcherServletAutoConfiguration$DispatcherServletRegistrationConfiguration$$EnhancerBySpringCGLIB$$c5de087a]: Constructor threw exception; nested exception is org.springframework.beans.factory.BeanCreationException: Error creating bean with name 'tomcatConfig' defined in file [/home/mola/IdeaProjects/molachat/target/classes/com/mola/molachat/config/TomcatConfig.class]: Post-processing of merged bean definition failed; nested exception is java.lang.IllegalStateException: Failed to introspect Class [com.mola.molachat.config.TomcatConfig] from ClassLoader [org.springframework.boot.devtools.restart.classloader.RestartClassLoader@406cb3b2]
10:57:03.330 default [restartedMain] INFO  o.s.b.a.l.ConditionEvaluationReportLoggingListener - 

Error starting ApplicationContext. To display the conditions report re-run your application with 'debug' enabled.
10:57:05.873 default [restartedMain] INFO  o.s.b.w.e.tomcat.TomcatWebServer - Tomcat initialized with port(s): 8550 (https) 8080 (http)
10:57:05.877 default [restartedMain] INFO  o.a.coyote.http11.Http11NioProtocol - Initializing ProtocolHandler ["https-jsse-nio-8550"]
10:57:05.879 default [restartedMain] INFO  o.a.coyote.http11.Http11NioProtocol - Initializing ProtocolHandler ["http-nio-8080"]
10:57:05.880 default [restartedMain] INFO  o.a.catalina.core.StandardService - Starting service [Tomcat]
10:57:05.880 default [restartedMain] INFO  o.a.catalina.core.StandardEngine - Starting Servlet engine: [Apache Tomcat/9.0.21]
10:57:05.885 default [restartedMain] INFO  o.a.c.c.C.[.[localhost].[/chat] - Initializing Spring embedded WebApplicationContext
10:57:05.885 default [restartedMain] INFO  o.s.web.context.ContextLoader - Root WebApplicationContext: initialization completed in 634 ms
10:57:05.970 default [restartedMain] INFO  o.a.c.c.C.[.[localhost].[/chat] - Set web app root system property: 'webapp.root' = [/tmp/tomcat-docbase.9063737627366485173.8550/]
10:57:06.167 default [restartedMain] INFO  o.s.s.c.ThreadPoolTaskExecutor - Initializing ExecutorService 'applicationTaskExecutor'
10:57:06.259 default [restartedMain] WARN  o.t.templatemode.TemplateMode - [THYMELEAF][restartedMain] Template Mode 'LEGACYHTML5' is deprecated. Using Template Mode 'HTML' instead.
10:57:06.272 default [restartedMain] INFO  o.s.b.a.w.s.WelcomePageHandlerMapping - Adding welcome page template: index
10:57:06.452 default [restartedMain] INFO  o.s.s.c.ThreadPoolTaskScheduler - Initializing ExecutorService 'taskScheduler'
10:57:06.481 default [restartedMain] INFO  o.s.b.d.a.OptionalLiveReloadServer - LiveReload server is running on port 35729
10:57:06.512 default [restartedMain] INFO  o.a.coyote.http11.Http11NioProtocol - Starting ProtocolHandler ["https-jsse-nio-8550"]
10:57:06.532 default [restartedMain] INFO  o.a.coyote.http11.Http11NioProtocol - Starting ProtocolHandler ["http-nio-8080"]
10:57:06.534 default [restartedMain] INFO  o.s.b.w.e.tomcat.TomcatWebServer - Tomcat started on port(s): 8550 (https) 8080 (http) with context path '/chat'
10:57:06.575 default [restartedMain] INFO  o.s.b.w.e.tomcat.TomcatWebServer - Tomcat initialized with port(s): 9001 (https)
10:57:06.576 default [restartedMain] INFO  o.a.coyote.http11.Http11NioProtocol - Initializing ProtocolHandler ["https-jsse-nio-127.0.0.1-9001"]
10:57:06.577 default [restartedMain] INFO  o.a.catalina.core.StandardService - Starting service [Tomcat]
10:57:06.577 default [restartedMain] INFO  o.a.catalina.core.StandardEngine - Starting Servlet engine: [Apache Tomcat/9.0.21]
10:57:06.580 default [restartedMain] INFO  o.a.c.c.C.[Tomcat-1].[localhost].[/] - Initializing Spring embedded WebApplicationContext
10:57:06.581 default [restartedMain] INFO  o.s.web.context.ContextLoader - Root WebApplicationContext: initialization completed in 46 ms
10:57:06.591 default [restartedMain] INFO  o.s.b.a.e.web.EndpointLinksResolver - Exposing 16 endpoint(s) beneath base path '/actuator'
10:57:06.622 default [restartedMain] INFO  o.a.coyote.http11.Http11NioProtocol - Starting ProtocolHandler ["https-jsse-nio-127.0.0.1-9001"]
10:57:06.626 default [restartedMain] INFO  o.s.b.w.e.tomcat.TomcatWebServer - Tomcat started on port(s): 9001 (https) with context path ''
10:57:06.631 default [restartedMain] INFO  o.s.b.d.a.ConditionEvaluationDeltaLoggingListener - Condition evaluation unchanged
10:57:12.891 default [https-jsse-nio-8550-exec-6] INFO  o.a.c.c.C.[.[localhost].[/chat] - Initializing Spring DispatcherServlet 'dispatcherServlet'
10:57:12.892 default [https-jsse-nio-8550-exec-6] INFO  o.s.web.servlet.DispatcherServlet - Initializing Servlet 'dispatcherServlet'
10:57:12.897 default [https-jsse-nio-8550-exec-6] INFO  o.s.web.servlet.DispatcherServlet - Completed initialization in 5 ms
11:23:24.983 default [Thread-39] INFO  o.s.s.c.ThreadPoolTaskScheduler - Shutting down ExecutorService 'taskScheduler'
11:23:24.983 default [Thread-39] INFO  o.s.s.c.ThreadPoolTaskExecutor - Shutting down ExecutorService 'applicationTaskExecutor'
