13:21:36.327 default [main] WARN  o.s.b.t.j.DuplicateJsonObjectContextCustomizerFactory$DuplicateJsonObjectContextCustomizer - 

Found multiple occurrences of org.json.JSONObject on the class path:

	jar:file:/home/mola/.m2/repository/org/json/json/20160212/json-20160212.jar!/org/json/JSONObject.class
	jar:file:/home/mola/.m2/repository/com/vaadin/external/google/android-json/0.0.20131108.vaadin1/android-json-0.0.20131108.vaadin1.jar!/org/json/JSONObject.class

You may wish to exclude one of them to ensure predictable runtime behavior

13:21:37.567 default [main] INFO  o.s.d.r.c.RepositoryConfigurationDelegate - Multiple Spring Data modules found, entering strict repository configuration mode!
13:21:37.572 default [main] INFO  o.s.d.r.c.RepositoryConfigurationDelegate - Bootstrapping Spring Data repositories in DEFAULT mode.
13:21:37.642 default [main] INFO  o.s.d.r.c.RepositoryConfigurationDelegate - Finished Spring Data repository scanning in 45ms. Found 0 repository interfaces.
13:21:38.905 default [main] INFO  o.s.b.w.e.tomcat.TomcatWebServer - Tomcat initialized with port(s): 0 (https)
13:21:38.923 default [main] INFO  o.a.coyote.http11.Http11NioProtocol - Initializing ProtocolHandler ["https-jsse-nio-auto-1"]
13:21:38.939 default [main] INFO  o.a.catalina.core.StandardService - Starting service [Tomcat]
13:21:38.939 default [main] INFO  o.a.catalina.core.StandardEngine - Starting Servlet engine: [Apache Tomcat/9.0.21]
13:21:39.028 default [main] INFO  o.a.c.c.C.[.[localhost].[/chat] - Initializing Spring embedded WebApplicationContext
13:21:39.028 default [main] INFO  o.s.web.context.ContextLoader - Root WebApplicationContext: initialization completed in 2669 ms
13:21:39.324 default [main] INFO  o.a.c.c.C.[.[localhost].[/chat] - Set web app root system property: 'webapp.root' = [/tmp/tomcat-docbase.2813059991995250888.0/]
13:21:39.954 default [main] INFO  o.s.s.c.ThreadPoolTaskScheduler - Initializing ExecutorService
13:21:39.962 default [main] INFO  o.s.s.c.ThreadPoolTaskScheduler - Initializing ExecutorService 'taskScheduler'
13:21:40.358 default [main] INFO  o.s.s.c.ThreadPoolTaskExecutor - Initializing ExecutorService 'applicationTaskExecutor'
13:21:40.543 default [main] WARN  o.t.templatemode.TemplateMode - [THYMELEAF][main] Template Mode 'LEGACYHTML5' is deprecated. Using Template Mode 'HTML' instead.
13:21:40.590 default [main] INFO  o.s.b.a.w.s.WelcomePageHandlerMapping - Adding welcome page template: index
13:21:41.266 default [main] INFO  o.a.coyote.http11.Http11NioProtocol - Starting ProtocolHandler ["https-jsse-nio-auto-1"]
13:21:41.812 default [main] INFO  o.s.b.w.e.tomcat.TomcatWebServer - Tomcat started on port(s): 41139 (https) with context path '/chat'
13:21:41.879 default [main] INFO  o.s.b.w.e.tomcat.TomcatWebServer - Tomcat initialized with port(s): 0 (https)
13:21:41.880 default [main] INFO  o.a.coyote.http11.Http11NioProtocol - Initializing ProtocolHandler ["https-jsse-nio-127.0.0.1-auto-2"]
13:21:41.880 default [main] INFO  o.a.catalina.core.StandardService - Starting service [Tomcat]
13:21:41.881 default [main] INFO  o.a.catalina.core.StandardEngine - Starting Servlet engine: [Apache Tomcat/9.0.21]
13:21:41.886 default [main] INFO  o.a.c.c.C.[Tomcat-1].[localhost].[/] - Initializing Spring embedded WebApplicationContext
13:21:41.886 default [main] INFO  o.s.web.context.ContextLoader - Root WebApplicationContext: initialization completed in 69 ms
13:21:41.913 default [main] INFO  o.s.b.a.e.web.EndpointLinksResolver - Exposing 16 endpoint(s) beneath base path '/actuator'
13:21:41.969 default [main] INFO  o.a.coyote.http11.Http11NioProtocol - Starting ProtocolHandler ["https-jsse-nio-127.0.0.1-auto-2"]
13:21:42.239 default [main] INFO  o.s.b.w.e.tomcat.TomcatWebServer - Tomcat started on port(s): 35961 (https) with context path ''
13:21:42.565 default [Thread-5] INFO  o.s.s.c.ThreadPoolTaskExecutor - Shutting down ExecutorService 'applicationTaskExecutor'
13:21:42.566 default [Thread-5] INFO  o.s.s.c.ThreadPoolTaskScheduler - Shutting down ExecutorService 'taskScheduler'
13:22:10.079 default [main] WARN  o.s.b.t.j.DuplicateJsonObjectContextCustomizerFactory$DuplicateJsonObjectContextCustomizer - 

Found multiple occurrences of org.json.JSONObject on the class path:

	jar:file:/home/mola/.m2/repository/org/json/json/20160212/json-20160212.jar!/org/json/JSONObject.class
	jar:file:/home/mola/.m2/repository/com/vaadin/external/google/android-json/0.0.20131108.vaadin1/android-json-0.0.20131108.vaadin1.jar!/org/json/JSONObject.class

You may wish to exclude one of them to ensure predictable runtime behavior

13:22:11.298 default [main] INFO  o.s.d.r.c.RepositoryConfigurationDelegate - Multiple Spring Data modules found, entering strict repository configuration mode!
13:22:11.302 default [main] INFO  o.s.d.r.c.RepositoryConfigurationDelegate - Bootstrapping Spring Data repositories in DEFAULT mode.
13:22:11.353 default [main] INFO  o.s.d.r.c.RepositoryConfigurationDelegate - Finished Spring Data repository scanning in 37ms. Found 0 repository interfaces.
13:22:12.637 default [main] INFO  o.s.b.w.e.tomcat.TomcatWebServer - Tomcat initialized with port(s): 0 (https)
13:22:12.656 default [main] INFO  o.a.coyote.http11.Http11NioProtocol - Initializing ProtocolHandler ["https-jsse-nio-auto-1"]
13:22:12.673 default [main] INFO  o.a.catalina.core.StandardService - Starting service [Tomcat]
13:22:12.674 default [main] INFO  o.a.catalina.core.StandardEngine - Starting Servlet engine: [Apache Tomcat/9.0.21]
13:22:12.777 default [main] INFO  o.a.c.c.C.[.[localhost].[/chat] - Initializing Spring embedded WebApplicationContext
13:22:12.778 default [main] INFO  o.s.web.context.ContextLoader - Root WebApplicationContext: initialization completed in 2664 ms
13:22:13.081 default [main] INFO  o.a.c.c.C.[.[localhost].[/chat] - Set web app root system property: 'webapp.root' = [/tmp/tomcat-docbase.7216544789921315786.0/]
13:22:13.735 default [main] INFO  o.s.s.c.ThreadPoolTaskScheduler - Initializing ExecutorService
13:22:13.745 default [main] INFO  o.s.s.c.ThreadPoolTaskScheduler - Initializing ExecutorService 'taskScheduler'
13:22:14.112 default [main] INFO  o.s.s.c.ThreadPoolTaskExecutor - Initializing ExecutorService 'applicationTaskExecutor'
13:22:14.309 default [main] WARN  o.t.templatemode.TemplateMode - [THYMELEAF][main] Template Mode 'LEGACYHTML5' is deprecated. Using Template Mode 'HTML' instead.
13:22:14.360 default [main] INFO  o.s.b.a.w.s.WelcomePageHandlerMapping - Adding welcome page template: index
13:22:15.124 default [main] INFO  o.a.coyote.http11.Http11NioProtocol - Starting ProtocolHandler ["https-jsse-nio-auto-1"]
13:22:15.696 default [main] INFO  o.s.b.w.e.tomcat.TomcatWebServer - Tomcat started on port(s): 42379 (https) with context path '/chat'
13:22:15.786 default [main] INFO  o.s.b.w.e.tomcat.TomcatWebServer - Tomcat initialized with port(s): 0 (https)
13:22:15.788 default [main] INFO  o.a.coyote.http11.Http11NioProtocol - Initializing ProtocolHandler ["https-jsse-nio-127.0.0.1-auto-2"]
13:22:15.789 default [main] INFO  o.a.catalina.core.StandardService - Starting service [Tomcat]
13:22:15.789 default [main] INFO  o.a.catalina.core.StandardEngine - Starting Servlet engine: [Apache Tomcat/9.0.21]
13:22:15.798 default [main] INFO  o.a.c.c.C.[Tomcat-1].[localhost].[/] - Initializing Spring embedded WebApplicationContext
13:22:15.798 default [main] INFO  o.s.web.context.ContextLoader - Root WebApplicationContext: initialization completed in 98 ms
13:22:15.834 default [main] INFO  o.s.b.a.e.web.EndpointLinksResolver - Exposing 16 endpoint(s) beneath base path '/actuator'
13:22:15.906 default [main] INFO  o.a.coyote.http11.Http11NioProtocol - Starting ProtocolHandler ["https-jsse-nio-127.0.0.1-auto-2"]
13:22:16.079 default [main] INFO  o.s.b.w.e.tomcat.TomcatWebServer - Tomcat started on port(s): 40895 (https) with context path ''
13:22:16.381 default [Thread-5] INFO  o.s.s.c.ThreadPoolTaskExecutor - Shutting down ExecutorService 'applicationTaskExecutor'
13:22:16.382 default [Thread-5] INFO  o.s.s.c.ThreadPoolTaskScheduler - Shutting down ExecutorService 'taskScheduler'
13:22:35.533 default [main] WARN  o.s.b.t.j.DuplicateJsonObjectContextCustomizerFactory$DuplicateJsonObjectContextCustomizer - 

Found multiple occurrences of org.json.JSONObject on the class path:

	jar:file:/home/mola/.m2/repository/org/json/json/20160212/json-20160212.jar!/org/json/JSONObject.class
	jar:file:/home/mola/.m2/repository/com/vaadin/external/google/android-json/0.0.20131108.vaadin1/android-json-0.0.20131108.vaadin1.jar!/org/json/JSONObject.class

You may wish to exclude one of them to ensure predictable runtime behavior

13:22:36.644 default [main] INFO  o.s.d.r.c.RepositoryConfigurationDelegate - Multiple Spring Data modules found, entering strict repository configuration mode!
13:22:36.648 default [main] INFO  o.s.d.r.c.RepositoryConfigurationDelegate - Bootstrapping Spring Data repositories in DEFAULT mode.
13:22:36.704 default [main] INFO  o.s.d.r.c.RepositoryConfigurationDelegate - Finished Spring Data repository scanning in 38ms. Found 0 repository interfaces.
13:22:37.889 default [main] INFO  o.s.b.w.e.tomcat.TomcatWebServer - Tomcat initialized with port(s): 0 (https)
13:22:37.905 default [main] INFO  o.a.coyote.http11.Http11NioProtocol - Initializing ProtocolHandler ["https-jsse-nio-auto-1"]
13:22:37.920 default [main] INFO  o.a.catalina.core.StandardService - Starting service [Tomcat]
13:22:37.920 default [main] INFO  o.a.catalina.core.StandardEngine - Starting Servlet engine: [Apache Tomcat/9.0.21]
13:22:38.016 default [main] INFO  o.a.c.c.C.[.[localhost].[/chat] - Initializing Spring embedded WebApplicationContext
13:22:38.016 default [main] INFO  o.s.web.context.ContextLoader - Root WebApplicationContext: initialization completed in 2447 ms
13:22:38.345 default [main] INFO  o.a.c.c.C.[.[localhost].[/chat] - Set web app root system property: 'webapp.root' = [/tmp/tomcat-docbase.1609307635821988186.0/]
13:22:38.953 default [main] INFO  o.s.s.c.ThreadPoolTaskScheduler - Initializing ExecutorService
13:22:38.960 default [main] INFO  o.s.s.c.ThreadPoolTaskScheduler - Initializing ExecutorService 'taskScheduler'
13:22:39.339 default [main] INFO  o.s.s.c.ThreadPoolTaskExecutor - Initializing ExecutorService 'applicationTaskExecutor'
13:22:39.578 default [main] WARN  o.t.templatemode.TemplateMode - [THYMELEAF][main] Template Mode 'LEGACYHTML5' is deprecated. Using Template Mode 'HTML' instead.
13:22:39.635 default [main] INFO  o.s.b.a.w.s.WelcomePageHandlerMapping - Adding welcome page template: index
13:22:40.485 default [main] INFO  o.a.coyote.http11.Http11NioProtocol - Starting ProtocolHandler ["https-jsse-nio-auto-1"]
13:22:41.271 default [main] INFO  o.s.b.w.e.tomcat.TomcatWebServer - Tomcat started on port(s): 41213 (https) with context path '/chat'
13:22:41.373 default [main] INFO  o.s.b.w.e.tomcat.TomcatWebServer - Tomcat initialized with port(s): 0 (https)
13:22:41.375 default [main] INFO  o.a.coyote.http11.Http11NioProtocol - Initializing ProtocolHandler ["https-jsse-nio-127.0.0.1-auto-2"]
13:22:41.377 default [main] INFO  o.a.catalina.core.StandardService - Starting service [Tomcat]
13:22:41.377 default [main] INFO  o.a.catalina.core.StandardEngine - Starting Servlet engine: [Apache Tomcat/9.0.21]
13:22:41.393 default [main] INFO  o.a.c.c.C.[Tomcat-1].[localhost].[/] - Initializing Spring embedded WebApplicationContext
13:22:41.393 default [main] INFO  o.s.web.context.ContextLoader - Root WebApplicationContext: initialization completed in 116 ms
13:22:41.431 default [main] INFO  o.s.b.a.e.web.EndpointLinksResolver - Exposing 16 endpoint(s) beneath base path '/actuator'
13:22:41.505 default [main] INFO  o.a.coyote.http11.Http11NioProtocol - Starting ProtocolHandler ["https-jsse-nio-127.0.0.1-auto-2"]
13:22:41.702 default [main] INFO  o.s.b.w.e.tomcat.TomcatWebServer - Tomcat started on port(s): 41567 (https) with context path ''
13:22:42.107 default [Thread-5] INFO  o.s.s.c.ThreadPoolTaskExecutor - Shutting down ExecutorService 'applicationTaskExecutor'
13:22:42.108 default [Thread-5] INFO  o.s.s.c.ThreadPoolTaskScheduler - Shutting down ExecutorService 'taskScheduler'
16:36:50.104 default [main] WARN  o.s.b.t.j.DuplicateJsonObjectContextCustomizerFactory$DuplicateJsonObjectContextCustomizer - 

Found multiple occurrences of org.json.JSONObject on the class path:

	jar:file:/home/mola/.m2/repository/org/json/json/20160212/json-20160212.jar!/org/json/JSONObject.class
	jar:file:/home/mola/.m2/repository/com/vaadin/external/google/android-json/0.0.20131108.vaadin1/android-json-0.0.20131108.vaadin1.jar!/org/json/JSONObject.class

You may wish to exclude one of them to ensure predictable runtime behavior

16:36:51.343 default [main] INFO  o.s.d.r.c.RepositoryConfigurationDelegate - Multiple Spring Data modules found, entering strict repository configuration mode!
16:36:51.346 default [main] INFO  o.s.d.r.c.RepositoryConfigurationDelegate - Bootstrapping Spring Data repositories in DEFAULT mode.
16:36:51.462 default [main] INFO  o.s.d.r.c.RepositoryConfigurationDelegate - Finished Spring Data repository scanning in 101ms. Found 0 repository interfaces.
16:36:52.480 default [main] INFO  o.s.b.w.e.tomcat.TomcatWebServer - Tomcat initialized with port(s): 0 (https)
16:36:52.495 default [main] INFO  o.a.coyote.http11.Http11NioProtocol - Initializing ProtocolHandler ["https-jsse-nio-auto-1"]
16:36:52.511 default [main] INFO  o.a.catalina.core.StandardService - Starting service [Tomcat]
16:36:52.511 default [main] INFO  o.a.catalina.core.StandardEngine - Starting Servlet engine: [Apache Tomcat/9.0.21]
16:36:52.620 default [main] INFO  o.a.c.c.C.[.[localhost].[/chat] - Initializing Spring embedded WebApplicationContext
16:36:52.621 default [main] INFO  o.s.web.context.ContextLoader - Root WebApplicationContext: initialization completed in 2476 ms
16:36:52.933 default [main] INFO  o.a.c.c.C.[.[localhost].[/chat] - Set web app root system property: 'webapp.root' = [/tmp/tomcat-docbase.2823357472548736333.0/]
16:36:53.565 default [main] INFO  o.s.s.c.ThreadPoolTaskScheduler - Initializing ExecutorService
16:36:53.572 default [main] INFO  o.s.s.c.ThreadPoolTaskScheduler - Initializing ExecutorService 'taskScheduler'
16:36:53.962 default [main] INFO  o.s.s.c.ThreadPoolTaskExecutor - Initializing ExecutorService 'applicationTaskExecutor'
16:36:54.145 default [main] WARN  o.t.templatemode.TemplateMode - [THYMELEAF][main] Template Mode 'LEGACYHTML5' is deprecated. Using Template Mode 'HTML' instead.
16:36:54.187 default [main] INFO  o.s.b.a.w.s.WelcomePageHandlerMapping - Adding welcome page template: index
16:36:54.851 default [main] INFO  o.a.coyote.http11.Http11NioProtocol - Starting ProtocolHandler ["https-jsse-nio-auto-1"]
16:36:55.541 default [main] INFO  o.s.b.w.e.tomcat.TomcatWebServer - Tomcat started on port(s): 45261 (https) with context path '/chat'
16:36:55.643 default [main] INFO  o.s.b.w.e.tomcat.TomcatWebServer - Tomcat initialized with port(s): 0 (https)
16:36:55.644 default [main] INFO  o.a.coyote.http11.Http11NioProtocol - Initializing ProtocolHandler ["https-jsse-nio-127.0.0.1-auto-2"]
16:36:55.645 default [main] INFO  o.a.catalina.core.StandardService - Starting service [Tomcat]
16:36:55.646 default [main] INFO  o.a.catalina.core.StandardEngine - Starting Servlet engine: [Apache Tomcat/9.0.21]
16:36:55.654 default [main] INFO  o.a.c.c.C.[Tomcat-1].[localhost].[/] - Initializing Spring embedded WebApplicationContext
16:36:55.655 default [main] INFO  o.s.web.context.ContextLoader - Root WebApplicationContext: initialization completed in 109 ms
16:36:55.689 default [main] INFO  o.s.b.a.e.web.EndpointLinksResolver - Exposing 16 endpoint(s) beneath base path '/actuator'
16:36:55.759 default [main] INFO  o.a.coyote.http11.Http11NioProtocol - Starting ProtocolHandler ["https-jsse-nio-127.0.0.1-auto-2"]
16:36:56.031 default [main] INFO  o.s.b.w.e.tomcat.TomcatWebServer - Tomcat started on port(s): 43145 (https) with context path ''
16:36:56.091 default [Thread-5] INFO  o.s.s.c.ThreadPoolTaskExecutor - Shutting down ExecutorService 'applicationTaskExecutor'
16:36:56.092 default [Thread-5] INFO  o.s.s.c.ThreadPoolTaskScheduler - Shutting down ExecutorService 'taskScheduler'
16:51:16.809 default [main] WARN  o.s.b.t.j.DuplicateJsonObjectContextCustomizerFactory$DuplicateJsonObjectContextCustomizer - 

Found multiple occurrences of org.json.JSONObject on the class path:

	jar:file:/home/mola/.m2/repository/org/json/json/20160212/json-20160212.jar!/org/json/JSONObject.class
	jar:file:/home/mola/.m2/repository/com/vaadin/external/google/android-json/0.0.20131108.vaadin1/android-json-0.0.20131108.vaadin1.jar!/org/json/JSONObject.class

You may wish to exclude one of them to ensure predictable runtime behavior

16:51:17.971 default [main] INFO  o.s.d.r.c.RepositoryConfigurationDelegate - Multiple Spring Data modules found, entering strict repository configuration mode!
16:51:17.975 default [main] INFO  o.s.d.r.c.RepositoryConfigurationDelegate - Bootstrapping Spring Data repositories in DEFAULT mode.
16:51:18.016 default [main] INFO  o.s.d.r.c.RepositoryConfigurationDelegate - Finished Spring Data repository scanning in 26ms. Found 0 repository interfaces.
16:51:19.620 default [main] INFO  o.s.b.w.e.tomcat.TomcatWebServer - Tomcat initialized with port(s): 0 (https)
16:51:19.636 default [main] INFO  o.a.coyote.http11.Http11NioProtocol - Initializing ProtocolHandler ["https-jsse-nio-auto-1"]
16:51:19.651 default [main] INFO  o.a.catalina.core.StandardService - Starting service [Tomcat]
16:51:19.652 default [main] INFO  o.a.catalina.core.StandardEngine - Starting Servlet engine: [Apache Tomcat/9.0.21]
16:51:19.733 default [main] INFO  o.a.c.c.C.[.[localhost].[/chat] - Initializing Spring embedded WebApplicationContext
16:51:19.734 default [main] INFO  o.s.web.context.ContextLoader - Root WebApplicationContext: initialization completed in 2890 ms
16:51:20.046 default [main] INFO  o.a.c.c.C.[.[localhost].[/chat] - Set web app root system property: 'webapp.root' = [/tmp/tomcat-docbase.3149197496588408763.0/]
16:51:20.680 default [main] INFO  o.s.s.c.ThreadPoolTaskScheduler - Initializing ExecutorService
16:51:20.686 default [main] INFO  o.s.s.c.ThreadPoolTaskScheduler - Initializing ExecutorService 'taskScheduler'
16:51:21.084 default [main] INFO  o.s.s.c.ThreadPoolTaskExecutor - Initializing ExecutorService 'applicationTaskExecutor'
16:51:21.264 default [main] WARN  o.t.templatemode.TemplateMode - [THYMELEAF][main] Template Mode 'LEGACYHTML5' is deprecated. Using Template Mode 'HTML' instead.
16:51:21.314 default [main] INFO  o.s.b.a.w.s.WelcomePageHandlerMapping - Adding welcome page template: index
16:51:22.066 default [main] INFO  o.a.coyote.http11.Http11NioProtocol - Starting ProtocolHandler ["https-jsse-nio-auto-1"]
16:51:22.655 default [main] INFO  o.s.b.w.e.tomcat.TomcatWebServer - Tomcat started on port(s): 43219 (https) with context path '/chat'
16:51:22.734 default [main] INFO  o.s.b.w.e.tomcat.TomcatWebServer - Tomcat initialized with port(s): 0 (https)
16:51:22.735 default [main] INFO  o.a.coyote.http11.Http11NioProtocol - Initializing ProtocolHandler ["https-jsse-nio-127.0.0.1-auto-2"]
16:51:22.736 default [main] INFO  o.a.catalina.core.StandardService - Starting service [Tomcat]
16:51:22.736 default [main] INFO  o.a.catalina.core.StandardEngine - Starting Servlet engine: [Apache Tomcat/9.0.21]
16:51:22.742 default [main] INFO  o.a.c.c.C.[Tomcat-1].[localhost].[/] - Initializing Spring embedded WebApplicationContext
16:51:22.743 default [main] INFO  o.s.web.context.ContextLoader - Root WebApplicationContext: initialization completed in 84 ms
16:51:22.775 default [main] INFO  o.s.b.a.e.web.EndpointLinksResolver - Exposing 16 endpoint(s) beneath base path '/actuator'
16:51:22.836 default [main] INFO  o.a.coyote.http11.Http11NioProtocol - Starting ProtocolHandler ["https-jsse-nio-127.0.0.1-auto-2"]
16:51:22.932 default [main] INFO  o.s.b.w.e.tomcat.TomcatWebServer - Tomcat started on port(s): 43745 (https) with context path ''
16:51:23.010 default [Thread-5] INFO  o.s.s.c.ThreadPoolTaskExecutor - Shutting down ExecutorService 'applicationTaskExecutor'
16:51:23.011 default [Thread-5] INFO  o.s.s.c.ThreadPoolTaskScheduler - Shutting down ExecutorService 'taskScheduler'
16:53:53.895 default [main] WARN  o.s.b.t.j.DuplicateJsonObjectContextCustomizerFactory$DuplicateJsonObjectContextCustomizer - 

Found multiple occurrences of org.json.JSONObject on the class path:

	jar:file:/home/mola/.m2/repository/org/json/json/20160212/json-20160212.jar!/org/json/JSONObject.class
	jar:file:/home/mola/.m2/repository/com/vaadin/external/google/android-json/0.0.20131108.vaadin1/android-json-0.0.20131108.vaadin1.jar!/org/json/JSONObject.class

You may wish to exclude one of them to ensure predictable runtime behavior

16:53:55.120 default [main] INFO  o.s.d.r.c.RepositoryConfigurationDelegate - Multiple Spring Data modules found, entering strict repository configuration mode!
16:53:55.123 default [main] INFO  o.s.d.r.c.RepositoryConfigurationDelegate - Bootstrapping Spring Data repositories in DEFAULT mode.
16:53:55.167 default [main] INFO  o.s.d.r.c.RepositoryConfigurationDelegate - Finished Spring Data repository scanning in 32ms. Found 0 repository interfaces.
16:53:56.563 default [main] WARN  o.s.w.c.s.GenericWebApplicationContext - Exception encountered during context initialization - cancelling refresh attempt: org.springframework.beans.factory.BeanCreationException: Error creating bean with name 'serverConfig' defined in file [/home/mola/IdeaProjects/molachat/target/classes/com/mola/molachat/config/ServerConfig.class]: Invocation of init method failed; nested exception is org.springframework.beans.factory.BeanCreationException: Error creating bean with name 'serverEndpointExporter': Invocation of init method failed; nested exception is java.lang.IllegalStateException: javax.websocket.server.ServerContainer not available
16:53:56.575 default [main] INFO  o.s.b.a.l.ConditionEvaluationReportLoggingListener - 

Error starting ApplicationContext. To display the conditions report re-run your application with 'debug' enabled.
16:54:30.604 default [main] WARN  o.s.b.t.j.DuplicateJsonObjectContextCustomizerFactory$DuplicateJsonObjectContextCustomizer - 

Found multiple occurrences of org.json.JSONObject on the class path:

	jar:file:/home/mola/.m2/repository/org/json/json/20160212/json-20160212.jar!/org/json/JSONObject.class
	jar:file:/home/mola/.m2/repository/com/vaadin/external/google/android-json/0.0.20131108.vaadin1/android-json-0.0.20131108.vaadin1.jar!/org/json/JSONObject.class

You may wish to exclude one of them to ensure predictable runtime behavior

16:54:31.700 default [main] INFO  o.s.d.r.c.RepositoryConfigurationDelegate - Multiple Spring Data modules found, entering strict repository configuration mode!
16:54:31.703 default [main] INFO  o.s.d.r.c.RepositoryConfigurationDelegate - Bootstrapping Spring Data repositories in DEFAULT mode.
16:54:31.745 default [main] INFO  o.s.d.r.c.RepositoryConfigurationDelegate - Finished Spring Data repository scanning in 29ms. Found 0 repository interfaces.
16:54:33.287 default [main] INFO  o.s.b.w.e.tomcat.TomcatWebServer - Tomcat initialized with port(s): 0 (https)
16:54:33.301 default [main] INFO  o.a.coyote.http11.Http11NioProtocol - Initializing ProtocolHandler ["https-jsse-nio-auto-1"]
16:54:33.313 default [main] INFO  o.a.catalina.core.StandardService - Starting service [Tomcat]
16:54:33.314 default [main] INFO  o.a.catalina.core.StandardEngine - Starting Servlet engine: [Apache Tomcat/9.0.21]
16:54:33.396 default [main] INFO  o.a.c.c.C.[.[localhost].[/chat] - Initializing Spring embedded WebApplicationContext
16:54:33.397 default [main] INFO  o.s.web.context.ContextLoader - Root WebApplicationContext: initialization completed in 2756 ms
16:54:33.699 default [main] INFO  o.a.c.c.C.[.[localhost].[/chat] - Set web app root system property: 'webapp.root' = [/tmp/tomcat-docbase.6207901135811610899.0/]
16:54:34.285 default [main] INFO  o.s.s.c.ThreadPoolTaskScheduler - Initializing ExecutorService
16:54:34.290 default [main] INFO  o.s.s.c.ThreadPoolTaskScheduler - Initializing ExecutorService 'taskScheduler'
16:54:34.621 default [main] INFO  o.s.s.c.ThreadPoolTaskExecutor - Initializing ExecutorService 'applicationTaskExecutor'
16:54:34.826 default [main] WARN  o.t.templatemode.TemplateMode - [THYMELEAF][main] Template Mode 'LEGACYHTML5' is deprecated. Using Template Mode 'HTML' instead.
16:54:34.878 default [main] INFO  o.s.b.a.w.s.WelcomePageHandlerMapping - Adding welcome page template: index
16:54:35.629 default [main] INFO  o.a.coyote.http11.Http11NioProtocol - Starting ProtocolHandler ["https-jsse-nio-auto-1"]
16:54:36.094 default [main] INFO  o.s.b.w.e.tomcat.TomcatWebServer - Tomcat started on port(s): 34845 (https) with context path '/chat'
16:54:36.167 default [main] INFO  o.s.b.w.e.tomcat.TomcatWebServer - Tomcat initialized with port(s): 0 (https)
16:54:36.168 default [main] INFO  o.a.coyote.http11.Http11NioProtocol - Initializing ProtocolHandler ["https-jsse-nio-127.0.0.1-auto-2"]
16:54:36.169 default [main] INFO  o.a.catalina.core.StandardService - Starting service [Tomcat]
16:54:36.169 default [main] INFO  o.a.catalina.core.StandardEngine - Starting Servlet engine: [Apache Tomcat/9.0.21]
16:54:36.183 default [main] INFO  o.a.c.c.C.[Tomcat-1].[localhost].[/] - Initializing Spring embedded WebApplicationContext
16:54:36.183 default [main] INFO  o.s.web.context.ContextLoader - Root WebApplicationContext: initialization completed in 86 ms
16:54:36.212 default [main] INFO  o.s.b.a.e.web.EndpointLinksResolver - Exposing 16 endpoint(s) beneath base path '/actuator'
16:54:36.276 default [main] INFO  o.a.coyote.http11.Http11NioProtocol - Starting ProtocolHandler ["https-jsse-nio-127.0.0.1-auto-2"]
16:54:36.379 default [main] INFO  o.s.b.w.e.tomcat.TomcatWebServer - Tomcat started on port(s): 44565 (https) with context path ''
16:54:36.459 default [Thread-5] INFO  o.s.s.c.ThreadPoolTaskExecutor - Shutting down ExecutorService 'applicationTaskExecutor'
16:54:36.460 default [Thread-5] INFO  o.s.s.c.ThreadPoolTaskScheduler - Shutting down ExecutorService 'taskScheduler'
16:55:35.959 default [main] WARN  o.s.b.t.j.DuplicateJsonObjectContextCustomizerFactory$DuplicateJsonObjectContextCustomizer - 

Found multiple occurrences of org.json.JSONObject on the class path:

	jar:file:/home/mola/.m2/repository/org/json/json/20160212/json-20160212.jar!/org/json/JSONObject.class
	jar:file:/home/mola/.m2/repository/com/vaadin/external/google/android-json/0.0.20131108.vaadin1/android-json-0.0.20131108.vaadin1.jar!/org/json/JSONObject.class

You may wish to exclude one of them to ensure predictable runtime behavior

16:55:37.067 default [main] INFO  o.s.d.r.c.RepositoryConfigurationDelegate - Multiple Spring Data modules found, entering strict repository configuration mode!
16:55:37.070 default [main] INFO  o.s.d.r.c.RepositoryConfigurationDelegate - Bootstrapping Spring Data repositories in DEFAULT mode.
16:55:37.121 default [main] INFO  o.s.d.r.c.RepositoryConfigurationDelegate - Finished Spring Data repository scanning in 34ms. Found 0 repository interfaces.
16:55:38.761 default [main] INFO  o.s.b.w.e.tomcat.TomcatWebServer - Tomcat initialized with port(s): 0 (https)
16:55:38.781 default [main] INFO  o.a.coyote.http11.Http11NioProtocol - Initializing ProtocolHandler ["https-jsse-nio-auto-1"]
16:55:38.798 default [main] INFO  o.a.catalina.core.StandardService - Starting service [Tomcat]
16:55:38.798 default [main] INFO  o.a.catalina.core.StandardEngine - Starting Servlet engine: [Apache Tomcat/9.0.21]
16:55:38.903 default [main] INFO  o.a.c.c.C.[.[localhost].[/chat] - Initializing Spring embedded WebApplicationContext
16:55:38.904 default [main] INFO  o.s.web.context.ContextLoader - Root WebApplicationContext: initialization completed in 2912 ms
16:55:39.192 default [main] INFO  o.a.c.c.C.[.[localhost].[/chat] - Set web app root system property: 'webapp.root' = [/tmp/tomcat-docbase.3935254200827423464.0/]
16:55:39.822 default [main] INFO  o.s.s.c.ThreadPoolTaskScheduler - Initializing ExecutorService
16:55:39.829 default [main] INFO  o.s.s.c.ThreadPoolTaskScheduler - Initializing ExecutorService 'taskScheduler'
16:55:40.150 default [main] INFO  o.s.s.c.ThreadPoolTaskExecutor - Initializing ExecutorService 'applicationTaskExecutor'
16:55:40.337 default [main] WARN  o.t.templatemode.TemplateMode - [THYMELEAF][main] Template Mode 'LEGACYHTML5' is deprecated. Using Template Mode 'HTML' instead.
16:55:40.385 default [main] INFO  o.s.b.a.w.s.WelcomePageHandlerMapping - Adding welcome page template: index
16:55:41.134 default [main] INFO  o.a.coyote.http11.Http11NioProtocol - Starting ProtocolHandler ["https-jsse-nio-auto-1"]
16:55:41.811 default [main] INFO  o.s.b.w.e.tomcat.TomcatWebServer - Tomcat started on port(s): 40439 (https) with context path '/chat'
16:55:41.883 default [main] INFO  o.s.b.w.e.tomcat.TomcatWebServer - Tomcat initialized with port(s): 0 (https)
16:55:41.884 default [main] INFO  o.a.coyote.http11.Http11NioProtocol - Initializing ProtocolHandler ["https-jsse-nio-127.0.0.1-auto-2"]
16:55:41.885 default [main] INFO  o.a.catalina.core.StandardService - Starting service [Tomcat]
16:55:41.885 default [main] INFO  o.a.catalina.core.StandardEngine - Starting Servlet engine: [Apache Tomcat/9.0.21]
16:55:41.894 default [main] INFO  o.a.c.c.C.[Tomcat-1].[localhost].[/] - Initializing Spring embedded WebApplicationContext
16:55:41.894 default [main] INFO  o.s.web.context.ContextLoader - Root WebApplicationContext: initialization completed in 79 ms
16:55:41.920 default [main] INFO  o.s.b.a.e.web.EndpointLinksResolver - Exposing 16 endpoint(s) beneath base path '/actuator'
16:55:41.970 default [main] INFO  o.a.coyote.http11.Http11NioProtocol - Starting ProtocolHandler ["https-jsse-nio-127.0.0.1-auto-2"]
16:55:42.071 default [main] INFO  o.s.b.w.e.tomcat.TomcatWebServer - Tomcat started on port(s): 46235 (https) with context path ''
16:55:42.145 default [Thread-5] INFO  o.s.s.c.ThreadPoolTaskExecutor - Shutting down ExecutorService 'applicationTaskExecutor'
16:55:42.145 default [Thread-5] INFO  o.s.s.c.ThreadPoolTaskScheduler - Shutting down ExecutorService 'taskScheduler'
16:56:51.753 default [main] WARN  o.s.b.t.j.DuplicateJsonObjectContextCustomizerFactory$DuplicateJsonObjectContextCustomizer - 

Found multiple occurrences of org.json.JSONObject on the class path:

	jar:file:/home/mola/.m2/repository/org/json/json/20160212/json-20160212.jar!/org/json/JSONObject.class
	jar:file:/home/mola/.m2/repository/com/vaadin/external/google/android-json/0.0.20131108.vaadin1/android-json-0.0.20131108.vaadin1.jar!/org/json/JSONObject.class

You may wish to exclude one of them to ensure predictable runtime behavior

16:56:52.886 default [main] INFO  o.s.d.r.c.RepositoryConfigurationDelegate - Multiple Spring Data modules found, entering strict repository configuration mode!
16:56:52.889 default [main] INFO  o.s.d.r.c.RepositoryConfigurationDelegate - Bootstrapping Spring Data repositories in DEFAULT mode.
16:56:52.935 default [main] INFO  o.s.d.r.c.RepositoryConfigurationDelegate - Finished Spring Data repository scanning in 33ms. Found 0 repository interfaces.
16:56:54.239 default [main] INFO  o.s.b.w.e.tomcat.TomcatWebServer - Tomcat initialized with port(s): 0 (https)
16:56:54.256 default [main] INFO  o.a.coyote.http11.Http11NioProtocol - Initializing ProtocolHandler ["https-jsse-nio-auto-1"]
16:56:54.268 default [main] INFO  o.a.catalina.core.StandardService - Starting service [Tomcat]
16:56:54.268 default [main] INFO  o.a.catalina.core.StandardEngine - Starting Servlet engine: [Apache Tomcat/9.0.21]
16:56:54.358 default [main] INFO  o.a.c.c.C.[.[localhost].[/chat] - Initializing Spring embedded WebApplicationContext
16:56:54.358 default [main] INFO  o.s.web.context.ContextLoader - Root WebApplicationContext: initialization completed in 2573 ms
16:56:54.646 default [main] INFO  o.a.c.c.C.[.[localhost].[/chat] - Set web app root system property: 'webapp.root' = [/tmp/tomcat-docbase.2083900477772345748.0/]
16:56:55.288 default [main] INFO  o.s.s.c.ThreadPoolTaskScheduler - Initializing ExecutorService
16:56:55.295 default [main] INFO  o.s.s.c.ThreadPoolTaskScheduler - Initializing ExecutorService 'taskScheduler'
16:56:55.681 default [main] INFO  o.s.s.c.ThreadPoolTaskExecutor - Initializing ExecutorService 'applicationTaskExecutor'
16:56:55.864 default [main] WARN  o.t.templatemode.TemplateMode - [THYMELEAF][main] Template Mode 'LEGACYHTML5' is deprecated. Using Template Mode 'HTML' instead.
16:56:55.915 default [main] INFO  o.s.b.a.w.s.WelcomePageHandlerMapping - Adding welcome page template: index
16:56:56.615 default [main] INFO  o.a.coyote.http11.Http11NioProtocol - Starting ProtocolHandler ["https-jsse-nio-auto-1"]
16:56:57.117 default [main] INFO  o.s.b.w.e.tomcat.TomcatWebServer - Tomcat started on port(s): 36933 (https) with context path '/chat'
16:56:57.220 default [main] INFO  o.s.b.w.e.tomcat.TomcatWebServer - Tomcat initialized with port(s): 0 (https)
16:56:57.221 default [main] INFO  o.a.coyote.http11.Http11NioProtocol - Initializing ProtocolHandler ["https-jsse-nio-127.0.0.1-auto-2"]
16:56:57.221 default [main] INFO  o.a.catalina.core.StandardService - Starting service [Tomcat]
16:56:57.222 default [main] INFO  o.a.catalina.core.StandardEngine - Starting Servlet engine: [Apache Tomcat/9.0.21]
16:56:57.227 default [main] INFO  o.a.c.c.C.[Tomcat-1].[localhost].[/] - Initializing Spring embedded WebApplicationContext
16:56:57.228 default [main] INFO  o.s.web.context.ContextLoader - Root WebApplicationContext: initialization completed in 105 ms
16:56:57.256 default [main] INFO  o.s.b.a.e.web.EndpointLinksResolver - Exposing 16 endpoint(s) beneath base path '/actuator'
16:56:57.316 default [main] INFO  o.a.coyote.http11.Http11NioProtocol - Starting ProtocolHandler ["https-jsse-nio-127.0.0.1-auto-2"]
16:56:57.598 default [main] INFO  o.s.b.w.e.tomcat.TomcatWebServer - Tomcat started on port(s): 39811 (https) with context path ''
16:56:57.673 default [Thread-5] INFO  o.s.s.c.ThreadPoolTaskExecutor - Shutting down ExecutorService 'applicationTaskExecutor'
16:56:57.674 default [Thread-5] INFO  o.s.s.c.ThreadPoolTaskScheduler - Shutting down ExecutorService 'taskScheduler'
16:57:36.545 default [main] WARN  o.s.b.t.j.DuplicateJsonObjectContextCustomizerFactory$DuplicateJsonObjectContextCustomizer - 

Found multiple occurrences of org.json.JSONObject on the class path:

	jar:file:/home/mola/.m2/repository/org/json/json/20160212/json-20160212.jar!/org/json/JSONObject.class
	jar:file:/home/mola/.m2/repository/com/vaadin/external/google/android-json/0.0.20131108.vaadin1/android-json-0.0.20131108.vaadin1.jar!/org/json/JSONObject.class

You may wish to exclude one of them to ensure predictable runtime behavior

16:57:37.662 default [main] INFO  o.s.d.r.c.RepositoryConfigurationDelegate - Multiple Spring Data modules found, entering strict repository configuration mode!
16:57:37.666 default [main] INFO  o.s.d.r.c.RepositoryConfigurationDelegate - Bootstrapping Spring Data repositories in DEFAULT mode.
16:57:37.713 default [main] INFO  o.s.d.r.c.RepositoryConfigurationDelegate - Finished Spring Data repository scanning in 32ms. Found 0 repository interfaces.
16:57:38.939 default [main] INFO  o.s.b.w.e.tomcat.TomcatWebServer - Tomcat initialized with port(s): 0 (https)
16:57:38.958 default [main] INFO  o.a.coyote.http11.Http11NioProtocol - Initializing ProtocolHandler ["https-jsse-nio-auto-1"]
16:57:38.976 default [main] INFO  o.a.catalina.core.StandardService - Starting service [Tomcat]
16:57:38.976 default [main] INFO  o.a.catalina.core.StandardEngine - Starting Servlet engine: [Apache Tomcat/9.0.21]
16:57:39.084 default [main] INFO  o.a.c.c.C.[.[localhost].[/chat] - Initializing Spring embedded WebApplicationContext
16:57:39.085 default [main] INFO  o.s.web.context.ContextLoader - Root WebApplicationContext: initialization completed in 2494 ms
16:57:39.391 default [main] INFO  o.a.c.c.C.[.[localhost].[/chat] - Set web app root system property: 'webapp.root' = [/tmp/tomcat-docbase.316108515916298896.0/]
16:57:39.999 default [main] INFO  o.s.s.c.ThreadPoolTaskScheduler - Initializing ExecutorService
16:57:40.006 default [main] INFO  o.s.s.c.ThreadPoolTaskScheduler - Initializing ExecutorService 'taskScheduler'
16:57:40.389 default [main] INFO  o.s.s.c.ThreadPoolTaskExecutor - Initializing ExecutorService 'applicationTaskExecutor'
16:57:40.568 default [main] WARN  o.t.templatemode.TemplateMode - [THYMELEAF][main] Template Mode 'LEGACYHTML5' is deprecated. Using Template Mode 'HTML' instead.
16:57:40.610 default [main] INFO  o.s.b.a.w.s.WelcomePageHandlerMapping - Adding welcome page template: index
16:57:41.285 default [main] INFO  o.a.coyote.http11.Http11NioProtocol - Starting ProtocolHandler ["https-jsse-nio-auto-1"]
16:57:41.749 default [main] INFO  o.s.b.w.e.tomcat.TomcatWebServer - Tomcat started on port(s): 39535 (https) with context path '/chat'
16:57:41.838 default [main] INFO  o.s.b.w.e.tomcat.TomcatWebServer - Tomcat initialized with port(s): 0 (https)
16:57:41.840 default [main] INFO  o.a.coyote.http11.Http11NioProtocol - Initializing ProtocolHandler ["https-jsse-nio-127.0.0.1-auto-2"]
16:57:41.840 default [main] INFO  o.a.catalina.core.StandardService - Starting service [Tomcat]
16:57:41.840 default [main] INFO  o.a.catalina.core.StandardEngine - Starting Servlet engine: [Apache Tomcat/9.0.21]
16:57:41.849 default [main] INFO  o.a.c.c.C.[Tomcat-1].[localhost].[/] - Initializing Spring embedded WebApplicationContext
16:57:41.849 default [main] INFO  o.s.web.context.ContextLoader - Root WebApplicationContext: initialization completed in 95 ms
16:57:41.875 default [main] INFO  o.s.b.a.e.web.EndpointLinksResolver - Exposing 16 endpoint(s) beneath base path '/actuator'
16:57:41.929 default [main] INFO  o.a.coyote.http11.Http11NioProtocol - Starting ProtocolHandler ["https-jsse-nio-127.0.0.1-auto-2"]
16:57:42.033 default [main] INFO  o.s.b.w.e.tomcat.TomcatWebServer - Tomcat started on port(s): 37279 (https) with context path ''
16:57:42.373 default [Thread-5] INFO  o.s.s.c.ThreadPoolTaskExecutor - Shutting down ExecutorService 'applicationTaskExecutor'
16:57:42.373 default [Thread-5] INFO  o.s.s.c.ThreadPoolTaskScheduler - Shutting down ExecutorService 'taskScheduler'
16:58:56.681 default [main] WARN  o.s.b.t.j.DuplicateJsonObjectContextCustomizerFactory$DuplicateJsonObjectContextCustomizer - 

Found multiple occurrences of org.json.JSONObject on the class path:

	jar:file:/home/mola/.m2/repository/org/json/json/20160212/json-20160212.jar!/org/json/JSONObject.class
	jar:file:/home/mola/.m2/repository/com/vaadin/external/google/android-json/0.0.20131108.vaadin1/android-json-0.0.20131108.vaadin1.jar!/org/json/JSONObject.class

You may wish to exclude one of them to ensure predictable runtime behavior

16:58:57.829 default [main] INFO  o.s.d.r.c.RepositoryConfigurationDelegate - Multiple Spring Data modules found, entering strict repository configuration mode!
16:58:57.833 default [main] INFO  o.s.d.r.c.RepositoryConfigurationDelegate - Bootstrapping Spring Data repositories in DEFAULT mode.
16:58:57.886 default [main] INFO  o.s.d.r.c.RepositoryConfigurationDelegate - Finished Spring Data repository scanning in 35ms. Found 0 repository interfaces.
16:58:59.116 default [main] INFO  o.s.b.w.e.tomcat.TomcatWebServer - Tomcat initialized with port(s): 0 (https)
16:58:59.132 default [main] INFO  o.a.coyote.http11.Http11NioProtocol - Initializing ProtocolHandler ["https-jsse-nio-auto-1"]
16:58:59.150 default [main] INFO  o.a.catalina.core.StandardService - Starting service [Tomcat]
16:58:59.150 default [main] INFO  o.a.catalina.core.StandardEngine - Starting Servlet engine: [Apache Tomcat/9.0.21]
16:58:59.269 default [main] INFO  o.a.c.c.C.[.[localhost].[/chat] - Initializing Spring embedded WebApplicationContext
16:58:59.270 default [main] INFO  o.s.web.context.ContextLoader - Root WebApplicationContext: initialization completed in 2554 ms
16:58:59.571 default [main] INFO  o.a.c.c.C.[.[localhost].[/chat] - Set web app root system property: 'webapp.root' = [/tmp/tomcat-docbase.2135421726740340405.0/]
16:59:00.175 default [main] INFO  o.s.s.c.ThreadPoolTaskScheduler - Initializing ExecutorService
16:59:00.181 default [main] INFO  o.s.s.c.ThreadPoolTaskScheduler - Initializing ExecutorService 'taskScheduler'
16:59:00.503 default [main] INFO  o.s.s.c.ThreadPoolTaskExecutor - Initializing ExecutorService 'applicationTaskExecutor'
16:59:00.724 default [main] WARN  o.t.templatemode.TemplateMode - [THYMELEAF][main] Template Mode 'LEGACYHTML5' is deprecated. Using Template Mode 'HTML' instead.
16:59:00.773 default [main] INFO  o.s.b.a.w.s.WelcomePageHandlerMapping - Adding welcome page template: index
16:59:01.514 default [main] INFO  o.a.coyote.http11.Http11NioProtocol - Starting ProtocolHandler ["https-jsse-nio-auto-1"]
16:59:02.125 default [main] INFO  o.s.b.w.e.tomcat.TomcatWebServer - Tomcat started on port(s): 41375 (https) with context path '/chat'
16:59:02.207 default [main] INFO  o.s.b.w.e.tomcat.TomcatWebServer - Tomcat initialized with port(s): 0 (https)
16:59:02.209 default [main] INFO  o.a.coyote.http11.Http11NioProtocol - Initializing ProtocolHandler ["https-jsse-nio-127.0.0.1-auto-2"]
16:59:02.209 default [main] INFO  o.a.catalina.core.StandardService - Starting service [Tomcat]
16:59:02.210 default [main] INFO  o.a.catalina.core.StandardEngine - Starting Servlet engine: [Apache Tomcat/9.0.21]
16:59:02.217 default [main] INFO  o.a.c.c.C.[Tomcat-1].[localhost].[/] - Initializing Spring embedded WebApplicationContext
16:59:02.218 default [main] INFO  o.s.web.context.ContextLoader - Root WebApplicationContext: initialization completed in 90 ms
16:59:02.247 default [main] INFO  o.s.b.a.e.web.EndpointLinksResolver - Exposing 16 endpoint(s) beneath base path '/actuator'
16:59:02.304 default [main] INFO  o.a.coyote.http11.Http11NioProtocol - Starting ProtocolHandler ["https-jsse-nio-127.0.0.1-auto-2"]
16:59:02.410 default [main] INFO  o.s.b.w.e.tomcat.TomcatWebServer - Tomcat started on port(s): 37049 (https) with context path ''
16:59:02.472 default [Thread-5] INFO  o.s.s.c.ThreadPoolTaskExecutor - Shutting down ExecutorService 'applicationTaskExecutor'
16:59:02.473 default [Thread-5] INFO  o.s.s.c.ThreadPoolTaskScheduler - Shutting down ExecutorService 'taskScheduler'
