00:05:32.756 default [restartedMain] INFO  o.s.b.d.e.DevToolsPropertyDefaultsPostProcessor - Devtools property defaults active! Set 'spring.devtools.add-properties' to 'false' to disable
00:05:32.758 default [restartedMain] INFO  o.s.b.d.e.DevToolsPropertyDefaultsPostProcessor - For additional web related logging consider setting the 'logging.level.web' property to 'DEBUG'
00:05:34.581 default [restartedMain] INFO  o.s.d.r.c.RepositoryConfigurationDelegate - Multiple Spring Data modules found, entering strict repository configuration mode!
00:05:34.586 default [restartedMain] INFO  o.s.d.r.c.RepositoryConfigurationDelegate - Bootstrapping Spring Data repositories in DEFAULT mode.
00:05:34.676 default [restartedMain] INFO  o.s.d.r.c.RepositoryConfigurationDelegate - Finished Spring Data repository scanning in 60ms. Found 0 repository interfaces.
00:05:36.377 default [restartedMain] INFO  o.s.b.w.e.tomcat.TomcatWebServer - Tomcat initialized with port(s): 8550 (https)
00:05:36.401 default [restartedMain] INFO  o.a.coyote.http11.Http11NioProtocol - Initializing ProtocolHandler ["https-jsse-nio-8550"]
00:05:36.421 default [restartedMain] INFO  o.a.catalina.core.StandardService - Starting service [Tomcat]
00:05:36.421 default [restartedMain] INFO  o.a.catalina.core.StandardEngine - Starting Servlet engine: [Apache Tomcat/9.0.21]
00:05:36.528 default [restartedMain] INFO  o.a.c.c.C.[.[localhost].[/chat] - Initializing Spring embedded WebApplicationContext
00:05:36.528 default [restartedMain] INFO  o.s.web.context.ContextLoader - Root WebApplicationContext: initialization completed in 3770 ms
00:05:36.821 default [restartedMain] INFO  o.a.c.c.C.[.[localhost].[/chat] - Set web app root system property: 'webapp.root' = [/tmp/tomcat-docbase.1641195841460578198.8550/]
00:05:37.356 default [restartedMain] INFO  io.lettuce.core.EpollProvider - Starting without optional epoll library
00:05:37.359 default [restartedMain] INFO  io.lettuce.core.KqueueProvider - Starting without optional kqueue library
00:05:37.896 default [restartedMain] INFO  o.s.s.c.ThreadPoolTaskScheduler - Initializing ExecutorService
00:05:37.899 default [restartedMain] INFO  o.s.s.c.ThreadPoolTaskScheduler - Initializing ExecutorService 'taskScheduler'
00:05:38.329 default [restartedMain] INFO  o.s.s.c.ThreadPoolTaskExecutor - Initializing ExecutorService 'applicationTaskExecutor'
00:05:38.569 default [restartedMain] WARN  o.t.templatemode.TemplateMode - [THYMELEAF][restartedMain] Template Mode 'LEGACYHTML5' is deprecated. Using Template Mode 'HTML' instead.
00:05:38.611 default [restartedMain] INFO  o.s.b.a.w.s.WelcomePageHandlerMapping - Adding welcome page template: index
00:05:39.353 default [restartedMain] INFO  o.s.b.d.a.OptionalLiveReloadServer - LiveReload server is running on port 35729
00:05:39.423 default [restartedMain] INFO  o.a.coyote.http11.Http11NioProtocol - Starting ProtocolHandler ["https-jsse-nio-8550"]
00:05:39.850 default [restartedMain] INFO  o.s.b.w.e.tomcat.TomcatWebServer - Tomcat started on port(s): 8550 (https) with context path '/chat'
00:05:39.976 default [restartedMain] INFO  o.s.b.w.e.tomcat.TomcatWebServer - Tomcat initialized with port(s): 9001 (https)
00:05:39.977 default [restartedMain] INFO  o.a.coyote.http11.Http11NioProtocol - Initializing ProtocolHandler ["https-jsse-nio-127.0.0.1-9001"]
00:05:39.978 default [restartedMain] INFO  o.a.catalina.core.StandardService - Starting service [Tomcat]
00:05:39.978 default [restartedMain] INFO  o.a.catalina.core.StandardEngine - Starting Servlet engine: [Apache Tomcat/9.0.21]
00:05:39.984 default [restartedMain] INFO  o.a.c.c.C.[Tomcat-1].[localhost].[/] - Initializing Spring embedded WebApplicationContext
00:05:39.984 default [restartedMain] INFO  o.s.web.context.ContextLoader - Root WebApplicationContext: initialization completed in 128 ms
00:05:40.018 default [restartedMain] INFO  o.s.b.a.e.web.EndpointLinksResolver - Exposing 16 endpoint(s) beneath base path '/actuator'
00:05:40.104 default [restartedMain] INFO  o.a.coyote.http11.Http11NioProtocol - Starting ProtocolHandler ["https-jsse-nio-127.0.0.1-9001"]
00:05:40.293 default [restartedMain] INFO  o.s.b.w.e.tomcat.TomcatWebServer - Tomcat started on port(s): 9001 (https) with context path ''
00:05:40.425 default [RMI TCP Connection(4)-127.0.0.1] INFO  o.a.c.c.C.[.[localhost].[/chat] - Initializing Spring DispatcherServlet 'dispatcherServlet'
00:05:40.426 default [RMI TCP Connection(4)-127.0.0.1] INFO  o.s.web.servlet.DispatcherServlet - Initializing Servlet 'dispatcherServlet'
00:05:40.477 default [RMI TCP Connection(4)-127.0.0.1] INFO  o.s.web.servlet.DispatcherServlet - Completed initialization in 51 ms
00:10:32.431 default [Thread-27] INFO  o.s.s.c.ThreadPoolTaskExecutor - Shutting down ExecutorService 'applicationTaskExecutor'
00:10:32.437 default [Thread-27] INFO  o.s.s.c.ThreadPoolTaskScheduler - Shutting down ExecutorService 'taskScheduler'
00:10:35.375 default [restartedMain] INFO  o.s.d.r.c.RepositoryConfigurationDelegate - Multiple Spring Data modules found, entering strict repository configuration mode!
00:10:35.376 default [restartedMain] INFO  o.s.d.r.c.RepositoryConfigurationDelegate - Bootstrapping Spring Data repositories in DEFAULT mode.
00:10:35.400 default [restartedMain] INFO  o.s.d.r.c.RepositoryConfigurationDelegate - Finished Spring Data repository scanning in 23ms. Found 0 repository interfaces.
00:10:35.728 default [restartedMain] INFO  o.s.b.w.e.tomcat.TomcatWebServer - Tomcat initialized with port(s): 8550 (https)
00:10:35.733 default [restartedMain] INFO  o.a.coyote.http11.Http11NioProtocol - Initializing ProtocolHandler ["https-jsse-nio-8550"]
00:10:35.735 default [restartedMain] INFO  o.a.catalina.core.StandardService - Starting service [Tomcat]
00:10:35.737 default [restartedMain] INFO  o.a.catalina.core.StandardEngine - Starting Servlet engine: [Apache Tomcat/9.0.21]
00:10:35.751 default [restartedMain] INFO  o.a.c.c.C.[.[localhost].[/chat] - Initializing Spring embedded WebApplicationContext
00:10:35.752 default [restartedMain] INFO  o.s.web.context.ContextLoader - Root WebApplicationContext: initialization completed in 1578 ms
00:10:35.913 default [restartedMain] INFO  o.a.c.c.C.[.[localhost].[/chat] - Set web app root system property: 'webapp.root' = [/tmp/tomcat-docbase.1253513199143823462.8550/]
00:10:36.020 default [restartedMain] WARN  o.s.b.w.s.c.AnnotationConfigServletWebServerApplicationContext - Exception encountered during context initialization - cancelling refresh attempt: org.springframework.beans.factory.BeanCreationException: Error creating bean with name 'uploadExceptionHandler': Injection of resource dependencies failed; nested exception is org.springframework.beans.factory.UnsatisfiedDependencyException: Error creating bean with name 'serverServiceImpl': Unsatisfied dependency expressed through field 'chatterFactory'; nested exception is org.springframework.beans.factory.BeanCreationException: Error creating bean with name 'redisChatterFactory': Invocation of init method failed; nested exception is java.lang.ClassCastException: com.mola.molachat.entity.Chatter cannot be cast to com.mola.molachat.entity.Chatter
00:10:37.145 default [restartedMain] INFO  o.a.catalina.core.StandardService - Stopping service [Tomcat]
00:10:37.186 default [restartedMain] INFO  o.s.b.a.l.ConditionEvaluationReportLoggingListener - 

Error starting ApplicationContext. To display the conditions report re-run your application with 'debug' enabled.
00:11:23.117 default [restartedMain] INFO  o.s.b.d.e.DevToolsPropertyDefaultsPostProcessor - Devtools property defaults active! Set 'spring.devtools.add-properties' to 'false' to disable
00:11:23.119 default [restartedMain] INFO  o.s.b.d.e.DevToolsPropertyDefaultsPostProcessor - For additional web related logging consider setting the 'logging.level.web' property to 'DEBUG'
00:11:24.386 default [restartedMain] INFO  o.s.d.r.c.RepositoryConfigurationDelegate - Multiple Spring Data modules found, entering strict repository configuration mode!
00:11:24.388 default [restartedMain] INFO  o.s.d.r.c.RepositoryConfigurationDelegate - Bootstrapping Spring Data repositories in DEFAULT mode.
00:11:24.425 default [restartedMain] INFO  o.s.d.r.c.RepositoryConfigurationDelegate - Finished Spring Data repository scanning in 25ms. Found 0 repository interfaces.
00:11:25.300 default [restartedMain] INFO  o.s.b.w.e.tomcat.TomcatWebServer - Tomcat initialized with port(s): 8550 (https)
00:11:25.314 default [restartedMain] INFO  o.a.coyote.http11.Http11NioProtocol - Initializing ProtocolHandler ["https-jsse-nio-8550"]
00:11:25.327 default [restartedMain] INFO  o.a.catalina.core.StandardService - Starting service [Tomcat]
00:11:25.327 default [restartedMain] INFO  o.a.catalina.core.StandardEngine - Starting Servlet engine: [Apache Tomcat/9.0.21]
00:11:25.393 default [restartedMain] INFO  o.a.c.c.C.[.[localhost].[/chat] - Initializing Spring embedded WebApplicationContext
00:11:25.394 default [restartedMain] INFO  o.s.web.context.ContextLoader - Root WebApplicationContext: initialization completed in 2274 ms
00:11:25.578 default [restartedMain] INFO  o.a.c.c.C.[.[localhost].[/chat] - Set web app root system property: 'webapp.root' = [/tmp/tomcat-docbase.4649517164636521267.8550/]
00:11:25.948 default [restartedMain] INFO  io.lettuce.core.EpollProvider - Starting without optional epoll library
00:11:25.950 default [restartedMain] INFO  io.lettuce.core.KqueueProvider - Starting without optional kqueue library
00:11:26.272 default [restartedMain] INFO  o.s.s.c.ThreadPoolTaskScheduler - Initializing ExecutorService
00:11:26.274 default [restartedMain] INFO  o.s.s.c.ThreadPoolTaskScheduler - Initializing ExecutorService 'taskScheduler'
00:11:26.554 default [restartedMain] INFO  o.s.s.c.ThreadPoolTaskExecutor - Initializing ExecutorService 'applicationTaskExecutor'
00:11:26.725 default [restartedMain] WARN  o.t.templatemode.TemplateMode - [THYMELEAF][restartedMain] Template Mode 'LEGACYHTML5' is deprecated. Using Template Mode 'HTML' instead.
00:11:26.757 default [restartedMain] INFO  o.s.b.a.w.s.WelcomePageHandlerMapping - Adding welcome page template: index
00:11:27.385 default [restartedMain] INFO  o.s.b.d.a.OptionalLiveReloadServer - LiveReload server is running on port 35729
00:11:27.468 default [restartedMain] INFO  o.a.coyote.http11.Http11NioProtocol - Starting ProtocolHandler ["https-jsse-nio-8550"]
00:11:28.138 default [restartedMain] INFO  o.s.b.w.e.tomcat.TomcatWebServer - Tomcat started on port(s): 8550 (https) with context path '/chat'
00:11:28.260 default [restartedMain] INFO  o.s.b.w.e.tomcat.TomcatWebServer - Tomcat initialized with port(s): 9001 (https)
00:11:28.261 default [restartedMain] INFO  o.a.coyote.http11.Http11NioProtocol - Initializing ProtocolHandler ["https-jsse-nio-127.0.0.1-9001"]
00:11:28.262 default [restartedMain] INFO  o.a.catalina.core.StandardService - Starting service [Tomcat]
00:11:28.263 default [restartedMain] INFO  o.a.catalina.core.StandardEngine - Starting Servlet engine: [Apache Tomcat/9.0.21]
00:11:28.271 default [restartedMain] INFO  o.a.c.c.C.[Tomcat-1].[localhost].[/] - Initializing Spring embedded WebApplicationContext
00:11:28.272 default [restartedMain] INFO  o.s.web.context.ContextLoader - Root WebApplicationContext: initialization completed in 124 ms
00:11:28.302 default [restartedMain] INFO  o.s.b.a.e.web.EndpointLinksResolver - Exposing 16 endpoint(s) beneath base path '/actuator'
00:11:28.393 default [restartedMain] INFO  o.a.coyote.http11.Http11NioProtocol - Starting ProtocolHandler ["https-jsse-nio-127.0.0.1-9001"]
00:11:28.662 default [restartedMain] INFO  o.s.b.w.e.tomcat.TomcatWebServer - Tomcat started on port(s): 9001 (https) with context path ''
00:11:28.850 default [RMI TCP Connection(4)-127.0.0.1] INFO  o.a.c.c.C.[.[localhost].[/chat] - Initializing Spring DispatcherServlet 'dispatcherServlet'
00:11:28.851 default [RMI TCP Connection(4)-127.0.0.1] INFO  o.s.web.servlet.DispatcherServlet - Initializing Servlet 'dispatcherServlet'
00:11:28.867 default [RMI TCP Connection(4)-127.0.0.1] INFO  o.s.web.servlet.DispatcherServlet - Completed initialization in 16 ms
00:12:48.562 default [Thread-25] INFO  o.s.s.c.ThreadPoolTaskExecutor - Shutting down ExecutorService 'applicationTaskExecutor'
00:12:48.563 default [Thread-25] INFO  o.s.s.c.ThreadPoolTaskScheduler - Shutting down ExecutorService 'taskScheduler'
00:24:25.546 default [restartedMain] INFO  o.s.b.d.e.DevToolsPropertyDefaultsPostProcessor - Devtools property defaults active! Set 'spring.devtools.add-properties' to 'false' to disable
00:24:25.551 default [restartedMain] INFO  o.s.b.d.e.DevToolsPropertyDefaultsPostProcessor - For additional web related logging consider setting the 'logging.level.web' property to 'DEBUG'
00:24:30.014 default [restartedMain] INFO  o.s.d.r.c.RepositoryConfigurationDelegate - Multiple Spring Data modules found, entering strict repository configuration mode!
00:24:30.022 default [restartedMain] INFO  o.s.d.r.c.RepositoryConfigurationDelegate - Bootstrapping Spring Data repositories in DEFAULT mode.
00:24:30.287 default [restartedMain] INFO  o.s.d.r.c.RepositoryConfigurationDelegate - Finished Spring Data repository scanning in 182ms. Found 0 repository interfaces.
00:24:33.825 default [restartedMain] INFO  o.s.b.w.e.tomcat.TomcatWebServer - Tomcat initialized with port(s): 8550 (https)
00:24:33.891 default [restartedMain] INFO  o.a.coyote.http11.Http11NioProtocol - Initializing ProtocolHandler ["https-jsse-nio-8550"]
00:24:33.955 default [restartedMain] INFO  o.a.catalina.core.StandardService - Starting service [Tomcat]
00:24:33.957 default [restartedMain] INFO  o.a.catalina.core.StandardEngine - Starting Servlet engine: [Apache Tomcat/9.0.21]
00:24:34.210 default [restartedMain] INFO  o.a.c.c.C.[.[localhost].[/chat] - Initializing Spring embedded WebApplicationContext
00:24:34.212 default [restartedMain] INFO  o.s.web.context.ContextLoader - Root WebApplicationContext: initialization completed in 8657 ms
00:24:34.857 default [restartedMain] INFO  o.a.c.c.C.[.[localhost].[/chat] - Set web app root system property: 'webapp.root' = [/tmp/tomcat-docbase.6971628920791703289.8550/]
00:24:36.948 default [restartedMain] INFO  io.lettuce.core.EpollProvider - Starting without optional epoll library
00:24:36.953 default [restartedMain] INFO  io.lettuce.core.KqueueProvider - Starting without optional kqueue library
00:24:39.471 default [restartedMain] INFO  o.s.s.c.ThreadPoolTaskScheduler - Initializing ExecutorService
00:24:39.481 default [restartedMain] INFO  o.s.s.c.ThreadPoolTaskScheduler - Initializing ExecutorService 'taskScheduler'
00:24:41.002 default [restartedMain] INFO  o.s.s.c.ThreadPoolTaskExecutor - Initializing ExecutorService 'applicationTaskExecutor'
00:24:41.928 default [restartedMain] WARN  o.t.templatemode.TemplateMode - [THYMELEAF][restartedMain] Template Mode 'LEGACYHTML5' is deprecated. Using Template Mode 'HTML' instead.
00:24:42.070 default [restartedMain] INFO  o.s.b.a.w.s.WelcomePageHandlerMapping - Adding welcome page template: index
00:24:44.887 default [restartedMain] INFO  o.s.b.d.a.OptionalLiveReloadServer - LiveReload server is running on port 35729
00:24:45.048 default [restartedMain] INFO  o.a.coyote.http11.Http11NioProtocol - Starting ProtocolHandler ["https-jsse-nio-8550"]
00:24:45.776 default [restartedMain] INFO  o.s.b.w.e.tomcat.TomcatWebServer - Tomcat started on port(s): 8550 (https) with context path '/chat'
00:24:45.963 default [restartedMain] INFO  o.s.b.w.e.tomcat.TomcatWebServer - Tomcat initialized with port(s): 9001 (https)
00:24:45.967 default [restartedMain] INFO  o.a.coyote.http11.Http11NioProtocol - Initializing ProtocolHandler ["https-jsse-nio-127.0.0.1-9001"]
00:24:45.968 default [restartedMain] INFO  o.a.catalina.core.StandardService - Starting service [Tomcat]
00:24:45.970 default [restartedMain] INFO  o.a.catalina.core.StandardEngine - Starting Servlet engine: [Apache Tomcat/9.0.21]
00:24:45.989 default [restartedMain] INFO  o.a.c.c.C.[Tomcat-1].[localhost].[/] - Initializing Spring embedded WebApplicationContext
00:24:45.990 default [restartedMain] INFO  o.s.web.context.ContextLoader - Root WebApplicationContext: initialization completed in 206 ms
00:24:46.099 default [restartedMain] INFO  o.s.b.a.e.web.EndpointLinksResolver - Exposing 16 endpoint(s) beneath base path '/actuator'
00:24:46.221 default [restartedMain] INFO  o.a.coyote.http11.Http11NioProtocol - Starting ProtocolHandler ["https-jsse-nio-127.0.0.1-9001"]
00:24:46.532 default [restartedMain] INFO  o.s.b.w.e.tomcat.TomcatWebServer - Tomcat started on port(s): 9001 (https) with context path ''
00:24:46.757 default [RMI TCP Connection(11)-127.0.0.1] INFO  o.a.c.c.C.[.[localhost].[/chat] - Initializing Spring DispatcherServlet 'dispatcherServlet'
00:24:46.758 default [RMI TCP Connection(11)-127.0.0.1] INFO  o.s.web.servlet.DispatcherServlet - Initializing Servlet 'dispatcherServlet'
00:24:46.839 default [RMI TCP Connection(11)-127.0.0.1] INFO  o.s.web.servlet.DispatcherServlet - Completed initialization in 78 ms
00:34:23.521 default [Thread-56] INFO  o.s.s.c.ThreadPoolTaskExecutor - Shutting down ExecutorService 'applicationTaskExecutor'
00:34:23.522 default [Thread-56] INFO  o.s.s.c.ThreadPoolTaskScheduler - Shutting down ExecutorService 'taskScheduler'
