00:26:45.787 default [restartedMain] INFO  o.s.b.d.e.DevToolsPropertyDefaultsPostProcessor - Devtools property defaults active! Set 'spring.devtools.add-properties' to 'false' to disable
00:26:45.788 default [restartedMain] INFO  o.s.b.d.e.DevToolsPropertyDefaultsPostProcessor - For additional web related logging consider setting the 'logging.level.web' property to 'DEBUG'
00:26:46.762 default [restartedMain] INFO  o.s.d.r.c.RepositoryConfigurationDelegate - Multiple Spring Data modules found, entering strict repository configuration mode!
00:26:46.764 default [restartedMain] INFO  o.s.d.r.c.RepositoryConfigurationDelegate - Bootstrapping Spring Data repositories in DEFAULT mode.
00:26:46.805 default [restartedMain] INFO  o.s.d.r.c.RepositoryConfigurationDelegate - Finished Spring Data repository scanning in 22ms. Found 0 repository interfaces.
00:26:47.706 default [restartedMain] INFO  o.s.b.w.e.tomcat.TomcatWebServer - Tomcat initialized with port(s): 8550 (https)
00:26:47.720 default [restartedMain] INFO  o.a.coyote.http11.Http11NioProtocol - Initializing ProtocolHandler ["https-jsse-nio-8550"]
00:26:47.731 default [restartedMain] INFO  o.a.catalina.core.StandardService - Starting service [Tomcat]
00:26:47.732 default [restartedMain] INFO  o.a.catalina.core.StandardEngine - Starting Servlet engine: [Apache Tomcat/9.0.21]
00:26:47.790 default [restartedMain] INFO  o.a.c.c.C.[.[localhost].[/chat] - Initializing Spring embedded WebApplicationContext
00:26:47.790 default [restartedMain] INFO  o.s.web.context.ContextLoader - Root WebApplicationContext: initialization completed in 2001 ms
00:26:47.954 default [restartedMain] INFO  o.a.c.c.C.[.[localhost].[/chat] - Set web app root system property: 'webapp.root' = [/tmp/tomcat-docbase.8975864334458269071.8550/]
00:26:48.356 default [restartedMain] INFO  o.s.s.c.ThreadPoolTaskScheduler - Initializing ExecutorService
00:26:48.358 default [restartedMain] INFO  o.s.s.c.ThreadPoolTaskScheduler - Initializing ExecutorService 'taskScheduler'
00:26:48.563 default [restartedMain] INFO  o.s.s.c.ThreadPoolTaskExecutor - Initializing ExecutorService 'applicationTaskExecutor'
00:26:48.674 default [restartedMain] WARN  o.t.templatemode.TemplateMode - [THYMELEAF][restartedMain] Template Mode 'LEGACYHTML5' is deprecated. Using Template Mode 'HTML' instead.
00:26:48.698 default [restartedMain] INFO  o.s.b.a.w.s.WelcomePageHandlerMapping - Adding welcome page template: index
00:26:49.122 default [restartedMain] INFO  o.s.b.d.a.OptionalLiveReloadServer - LiveReload server is running on port 35729
00:26:49.166 default [restartedMain] INFO  o.a.coyote.http11.Http11NioProtocol - Starting ProtocolHandler ["https-jsse-nio-8550"]
00:26:49.300 default [restartedMain] INFO  o.a.coyote.http11.Http11NioProtocol - Pausing ProtocolHandler ["https-jsse-nio-8550"]
00:26:49.301 default [restartedMain] INFO  o.a.catalina.core.StandardService - Stopping service [Tomcat]
00:26:49.305 default [restartedMain] INFO  o.apache.catalina.util.LifecycleBase - The stop() method was called on component [StandardServer[-1]] after stop() had already been called. The second call will be ignored.
00:26:49.306 default [restartedMain] INFO  o.a.coyote.http11.Http11NioProtocol - Stopping ProtocolHandler ["https-jsse-nio-8550"]
00:26:49.306 default [restartedMain] INFO  o.a.coyote.http11.Http11NioProtocol - Destroying ProtocolHandler ["https-jsse-nio-8550"]
00:26:49.308 default [restartedMain] INFO  o.s.b.a.l.ConditionEvaluationReportLoggingListener - 

Error starting ApplicationContext. To display the conditions report re-run your application with 'debug' enabled.
00:26:49.316 default [restartedMain] INFO  o.s.s.c.ThreadPoolTaskExecutor - Shutting down ExecutorService 'applicationTaskExecutor'
00:26:49.316 default [restartedMain] INFO  o.s.s.c.ThreadPoolTaskScheduler - Shutting down ExecutorService 'taskScheduler'
00:28:25.602 default [restartedMain] INFO  o.s.b.d.e.DevToolsPropertyDefaultsPostProcessor - Devtools property defaults active! Set 'spring.devtools.add-properties' to 'false' to disable
00:28:25.603 default [restartedMain] INFO  o.s.b.d.e.DevToolsPropertyDefaultsPostProcessor - For additional web related logging consider setting the 'logging.level.web' property to 'DEBUG'
00:28:26.532 default [restartedMain] INFO  o.s.d.r.c.RepositoryConfigurationDelegate - Multiple Spring Data modules found, entering strict repository configuration mode!
00:28:26.535 default [restartedMain] INFO  o.s.d.r.c.RepositoryConfigurationDelegate - Bootstrapping Spring Data repositories in DEFAULT mode.
00:28:26.590 default [restartedMain] INFO  o.s.d.r.c.RepositoryConfigurationDelegate - Finished Spring Data repository scanning in 25ms. Found 0 repository interfaces.
00:28:27.251 default [restartedMain] INFO  o.s.b.w.e.tomcat.TomcatWebServer - Tomcat initialized with port(s): 8550 (https)
00:28:27.260 default [restartedMain] INFO  o.a.coyote.http11.Http11NioProtocol - Initializing ProtocolHandler ["https-jsse-nio-8550"]
00:28:27.268 default [restartedMain] INFO  o.a.catalina.core.StandardService - Starting service [Tomcat]
00:28:27.269 default [restartedMain] INFO  o.a.catalina.core.StandardEngine - Starting Servlet engine: [Apache Tomcat/9.0.21]
00:28:27.317 default [restartedMain] INFO  o.a.c.c.C.[.[localhost].[/chat] - Initializing Spring embedded WebApplicationContext
00:28:27.317 default [restartedMain] INFO  o.s.web.context.ContextLoader - Root WebApplicationContext: initialization completed in 1713 ms
00:28:27.441 default [restartedMain] INFO  o.a.c.c.C.[.[localhost].[/chat] - Set web app root system property: 'webapp.root' = [/tmp/tomcat-docbase.8476451139249678302.8550/]
00:28:27.750 default [restartedMain] INFO  o.s.s.c.ThreadPoolTaskScheduler - Initializing ExecutorService
00:28:27.752 default [restartedMain] INFO  o.s.s.c.ThreadPoolTaskScheduler - Initializing ExecutorService 'taskScheduler'
00:28:27.951 default [restartedMain] INFO  o.s.s.c.ThreadPoolTaskExecutor - Initializing ExecutorService 'applicationTaskExecutor'
00:28:28.070 default [restartedMain] WARN  o.t.templatemode.TemplateMode - [THYMELEAF][restartedMain] Template Mode 'LEGACYHTML5' is deprecated. Using Template Mode 'HTML' instead.
00:28:28.091 default [restartedMain] INFO  o.s.b.a.w.s.WelcomePageHandlerMapping - Adding welcome page template: index
00:28:28.461 default [restartedMain] INFO  o.s.b.d.a.OptionalLiveReloadServer - LiveReload server is running on port 35729
00:28:28.501 default [restartedMain] INFO  o.a.coyote.http11.Http11NioProtocol - Starting ProtocolHandler ["https-jsse-nio-8550"]
00:28:28.639 default [restartedMain] INFO  o.a.coyote.http11.Http11NioProtocol - Pausing ProtocolHandler ["https-jsse-nio-8550"]
00:28:28.639 default [restartedMain] INFO  o.a.catalina.core.StandardService - Stopping service [Tomcat]
00:28:28.645 default [restartedMain] INFO  o.apache.catalina.util.LifecycleBase - The stop() method was called on component [StandardServer[-1]] after stop() had already been called. The second call will be ignored.
00:28:28.645 default [restartedMain] INFO  o.a.coyote.http11.Http11NioProtocol - Stopping ProtocolHandler ["https-jsse-nio-8550"]
00:28:28.645 default [restartedMain] INFO  o.a.coyote.http11.Http11NioProtocol - Destroying ProtocolHandler ["https-jsse-nio-8550"]
00:28:28.648 default [restartedMain] INFO  o.s.b.a.l.ConditionEvaluationReportLoggingListener - 

Error starting ApplicationContext. To display the conditions report re-run your application with 'debug' enabled.
00:28:28.656 default [restartedMain] INFO  o.s.s.c.ThreadPoolTaskExecutor - Shutting down ExecutorService 'applicationTaskExecutor'
00:28:28.657 default [restartedMain] INFO  o.s.s.c.ThreadPoolTaskScheduler - Shutting down ExecutorService 'taskScheduler'
00:29:22.542 default [restartedMain] INFO  o.s.b.d.e.DevToolsPropertyDefaultsPostProcessor - Devtools property defaults active! Set 'spring.devtools.add-properties' to 'false' to disable
00:29:22.542 default [restartedMain] INFO  o.s.b.d.e.DevToolsPropertyDefaultsPostProcessor - For additional web related logging consider setting the 'logging.level.web' property to 'DEBUG'
00:29:23.252 default [restartedMain] INFO  o.s.d.r.c.RepositoryConfigurationDelegate - Multiple Spring Data modules found, entering strict repository configuration mode!
00:29:23.254 default [restartedMain] INFO  o.s.d.r.c.RepositoryConfigurationDelegate - Bootstrapping Spring Data repositories in DEFAULT mode.
00:29:23.288 default [restartedMain] INFO  o.s.d.r.c.RepositoryConfigurationDelegate - Finished Spring Data repository scanning in 19ms. Found 0 repository interfaces.
00:29:23.905 default [restartedMain] INFO  o.s.b.w.e.tomcat.TomcatWebServer - Tomcat initialized with port(s): 8550 (https)
00:29:23.914 default [restartedMain] INFO  o.a.coyote.http11.Http11NioProtocol - Initializing ProtocolHandler ["https-jsse-nio-8550"]
00:29:23.922 default [restartedMain] INFO  o.a.catalina.core.StandardService - Starting service [Tomcat]
00:29:23.922 default [restartedMain] INFO  o.a.catalina.core.StandardEngine - Starting Servlet engine: [Apache Tomcat/9.0.21]
00:29:23.975 default [restartedMain] INFO  o.a.c.c.C.[.[localhost].[/chat] - Initializing Spring embedded WebApplicationContext
00:29:23.975 default [restartedMain] INFO  o.s.web.context.ContextLoader - Root WebApplicationContext: initialization completed in 1433 ms
00:29:24.106 default [restartedMain] INFO  o.a.c.c.C.[.[localhost].[/chat] - Set web app root system property: 'webapp.root' = [/tmp/tomcat-docbase.595082193138363278.8550/]
00:29:24.405 default [restartedMain] INFO  o.s.s.c.ThreadPoolTaskScheduler - Initializing ExecutorService
00:29:24.407 default [restartedMain] INFO  o.s.s.c.ThreadPoolTaskScheduler - Initializing ExecutorService 'taskScheduler'
00:29:24.598 default [restartedMain] INFO  o.s.s.c.ThreadPoolTaskExecutor - Initializing ExecutorService 'applicationTaskExecutor'
00:29:24.704 default [restartedMain] WARN  o.t.templatemode.TemplateMode - [THYMELEAF][restartedMain] Template Mode 'LEGACYHTML5' is deprecated. Using Template Mode 'HTML' instead.
00:29:24.725 default [restartedMain] INFO  o.s.b.a.w.s.WelcomePageHandlerMapping - Adding welcome page template: index
00:29:25.121 default [restartedMain] INFO  o.s.b.d.a.OptionalLiveReloadServer - LiveReload server is running on port 35729
00:29:25.168 default [restartedMain] INFO  o.a.coyote.http11.Http11NioProtocol - Starting ProtocolHandler ["https-jsse-nio-8550"]
00:29:25.471 default [restartedMain] INFO  o.s.b.w.e.tomcat.TomcatWebServer - Tomcat started on port(s): 8550 (https) with context path '/chat'
00:29:25.528 default [restartedMain] INFO  o.s.b.w.e.tomcat.TomcatWebServer - Tomcat initialized with port(s): 9001 (https)
00:29:25.529 default [restartedMain] INFO  o.a.coyote.http11.Http11NioProtocol - Initializing ProtocolHandler ["https-jsse-nio-127.0.0.1-9001"]
00:29:25.529 default [restartedMain] INFO  o.a.catalina.core.StandardService - Starting service [Tomcat]
00:29:25.529 default [restartedMain] INFO  o.a.catalina.core.StandardEngine - Starting Servlet engine: [Apache Tomcat/9.0.21]
00:29:25.533 default [restartedMain] INFO  o.a.c.c.C.[Tomcat-1].[localhost].[/] - Initializing Spring embedded WebApplicationContext
00:29:25.533 default [restartedMain] INFO  o.s.web.context.ContextLoader - Root WebApplicationContext: initialization completed in 59 ms
00:29:25.557 default [restartedMain] INFO  o.s.b.a.e.web.EndpointLinksResolver - Exposing 16 endpoint(s) beneath base path '/actuator'
00:29:25.608 default [restartedMain] INFO  o.a.coyote.http11.Http11NioProtocol - Starting ProtocolHandler ["https-jsse-nio-127.0.0.1-9001"]
00:29:25.821 default [restartedMain] INFO  o.s.b.w.e.tomcat.TomcatWebServer - Tomcat started on port(s): 9001 (https) with context path ''
00:29:26.266 default [RMI TCP Connection(1)-127.0.0.1] INFO  o.a.c.c.C.[.[localhost].[/chat] - Initializing Spring DispatcherServlet 'dispatcherServlet'
00:29:26.267 default [RMI TCP Connection(1)-127.0.0.1] INFO  o.s.web.servlet.DispatcherServlet - Initializing Servlet 'dispatcherServlet'
00:29:26.279 default [RMI TCP Connection(1)-127.0.0.1] INFO  o.s.web.servlet.DispatcherServlet - Completed initialization in 12 ms
00:29:26.394 default [parallel-1] INFO  io.lettuce.core.EpollProvider - Starting without optional epoll library
00:29:26.395 default [parallel-1] INFO  io.lettuce.core.KqueueProvider - Starting without optional kqueue library
00:29:28.712 default [Thread-17] INFO  o.s.s.c.ThreadPoolTaskExecutor - Shutting down ExecutorService 'applicationTaskExecutor'
00:29:28.713 default [Thread-17] INFO  o.s.s.c.ThreadPoolTaskScheduler - Shutting down ExecutorService 'taskScheduler'
