11:07:15.881 default [restartedMain] ERROR o.s.b.d.LoggingFailureAnalysisReporter - 

***************************
APPLICATION FAILED TO START
***************************

Description:

A component required a bean of type 'java.util.List' that could not be found.


Action:

Consider defining a bean of type 'java.util.List' in your configuration.

11:41:19.275 default [restartedMain] ERROR o.s.b.d.LoggingFailureAnalysisReporter - 

***************************
APPLICATION FAILED TO START
***************************

Description:

A component required a bean of type 'java.util.List' that could not be found.


Action:

Consider defining a bean of type 'java.util.List' in your configuration.

12:14:51.428 default [restartedMain] ERROR o.s.b.d.LoggingFailureAnalysisReporter - 

***************************
APPLICATION FAILED TO START
***************************

Description:

A component required a bean of type 'java.util.List' that could not be found.


Action:

Consider defining a bean of type 'java.util.List' in your configuration.

