17:07:18.913 default [http-nio-8550-exec-2] ERROR o.a.t.w.pojo.PojoEndpointBase - Failed to call onError method of POJO end point for POJO of type [com.mola.molachat.server.ChatServer]
java.lang.reflect.InvocationTargetException: null
	at sun.reflect.NativeMethodAccessorImpl.invoke0(Native Method)
	at sun.reflect.NativeMethodAccessorImpl.invoke(NativeMethodAccessorImpl.java:62)
	at sun.reflect.DelegatingMethodAccessorImpl.invoke(DelegatingMethodAccessorImpl.java:43)
	at java.lang.reflect.Method.invoke(Method.java:498)
	at org.apache.tomcat.websocket.pojo.PojoEndpointBase.onError(PojoEndpointBase.java:130)
	at org.apache.tomcat.websocket.WsSession.sendCloseMessage(WsSession.java:625)
	at org.apache.tomcat.websocket.WsSession.doClose(WsSession.java:497)
	at org.apache.tomcat.websocket.WsSession.doClose(WsSession.java:459)
	at org.apache.tomcat.websocket.WsRemoteEndpointImplBase.sendMessageBlock(WsRemoteEndpointImplBase.java:313)
	at org.apache.tomcat.websocket.WsRemoteEndpointImplBase.sendMessageBlock(WsRemoteEndpointImplBase.java:250)
	at org.apache.tomcat.websocket.WsRemoteEndpointImplBase.sendString(WsRemoteEndpointImplBase.java:191)
	at org.apache.tomcat.websocket.WsRemoteEndpointImplBase.sendObject(WsRemoteEndpointImplBase.java:586)
	at org.apache.tomcat.websocket.WsRemoteEndpointBasic.sendObject(WsRemoteEndpointBasic.java:74)
	at com.mola.molachat.server.ChatServer.onError(ChatServer.java:188)
	at sun.reflect.NativeMethodAccessorImpl.invoke0(Native Method)
	at sun.reflect.NativeMethodAccessorImpl.invoke(NativeMethodAccessorImpl.java:62)
	at sun.reflect.DelegatingMethodAccessorImpl.invoke(DelegatingMethodAccessorImpl.java:43)
	at java.lang.reflect.Method.invoke(Method.java:498)
	at org.apache.tomcat.websocket.pojo.PojoEndpointBase.onError(PojoEndpointBase.java:130)
	at org.apache.tomcat.websocket.server.WsHttpUpgradeHandler.onError(WsHttpUpgradeHandler.java:216)
	at org.apache.tomcat.websocket.server.WsHttpUpgradeHandler.upgradeDispatch(WsHttpUpgradeHandler.java:152)
	at org.apache.coyote.http11.upgrade.UpgradeProcessorInternal.dispatch(UpgradeProcessorInternal.java:54)
	at org.apache.coyote.AbstractProcessorLight.process(AbstractProcessorLight.java:53)
	at org.apache.coyote.AbstractProtocol$ConnectionHandler.process(AbstractProtocol.java:853)
	at org.apache.tomcat.util.net.NioEndpoint$SocketProcessor.doRun(NioEndpoint.java:1587)
	at org.apache.tomcat.util.net.SocketProcessorBase.run(SocketProcessorBase.java:49)
	at java.util.concurrent.ThreadPoolExecutor.runWorker(ThreadPoolExecutor.java:1149)
	at java.util.concurrent.ThreadPoolExecutor$Worker.run(ThreadPoolExecutor.java:624)
	at org.apache.tomcat.util.threads.TaskThread$WrappingRunnable.run(TaskThread.java:61)
	at java.lang.Thread.run(Thread.java:748)
Caused by: java.lang.IllegalStateException: The remote endpoint was in state [TEXT_FULL_WRITING] which is an invalid state for called method
	at org.apache.tomcat.websocket.WsRemoteEndpointImplBase$StateMachine.checkState(WsRemoteEndpointImplBase.java:1229)
	at org.apache.tomcat.websocket.WsRemoteEndpointImplBase$StateMachine.textStart(WsRemoteEndpointImplBase.java:1191)
	at org.apache.tomcat.websocket.WsRemoteEndpointImplBase.sendString(WsRemoteEndpointImplBase.java:190)
	at org.apache.tomcat.websocket.WsRemoteEndpointImplBase.sendObject(WsRemoteEndpointImplBase.java:586)
	at org.apache.tomcat.websocket.WsRemoteEndpointBasic.sendObject(WsRemoteEndpointBasic.java:74)
	at com.mola.molachat.server.ChatServer.onError(ChatServer.java:188)
	... 30 common frames omitted
17:07:18.916 default [http-nio-8550-exec-2] ERROR o.a.t.w.pojo.PojoEndpointBase - Failed to call onError method of POJO end point for POJO of type [com.mola.molachat.server.ChatServer]
java.lang.reflect.InvocationTargetException: null
	at sun.reflect.NativeMethodAccessorImpl.invoke0(Native Method)
	at sun.reflect.NativeMethodAccessorImpl.invoke(NativeMethodAccessorImpl.java:62)
	at sun.reflect.DelegatingMethodAccessorImpl.invoke(DelegatingMethodAccessorImpl.java:43)
	at java.lang.reflect.Method.invoke(Method.java:498)
	at org.apache.tomcat.websocket.pojo.PojoEndpointBase.onError(PojoEndpointBase.java:130)
	at org.apache.tomcat.websocket.server.WsHttpUpgradeHandler.onError(WsHttpUpgradeHandler.java:216)
	at org.apache.tomcat.websocket.server.WsHttpUpgradeHandler.upgradeDispatch(WsHttpUpgradeHandler.java:152)
	at org.apache.coyote.http11.upgrade.UpgradeProcessorInternal.dispatch(UpgradeProcessorInternal.java:54)
	at org.apache.coyote.AbstractProcessorLight.process(AbstractProcessorLight.java:53)
	at org.apache.coyote.AbstractProtocol$ConnectionHandler.process(AbstractProtocol.java:853)
	at org.apache.tomcat.util.net.NioEndpoint$SocketProcessor.doRun(NioEndpoint.java:1587)
	at org.apache.tomcat.util.net.SocketProcessorBase.run(SocketProcessorBase.java:49)
	at java.util.concurrent.ThreadPoolExecutor.runWorker(ThreadPoolExecutor.java:1149)
	at java.util.concurrent.ThreadPoolExecutor$Worker.run(ThreadPoolExecutor.java:624)
	at org.apache.tomcat.util.threads.TaskThread$WrappingRunnable.run(TaskThread.java:61)
	at java.lang.Thread.run(Thread.java:748)
Caused by: java.io.IOException: java.io.IOException: Broken pipe
	at org.apache.tomcat.websocket.WsRemoteEndpointImplBase.sendMessageBlock(WsRemoteEndpointImplBase.java:315)
	at org.apache.tomcat.websocket.WsRemoteEndpointImplBase.sendMessageBlock(WsRemoteEndpointImplBase.java:250)
	at org.apache.tomcat.websocket.WsRemoteEndpointImplBase.sendString(WsRemoteEndpointImplBase.java:191)
	at org.apache.tomcat.websocket.WsRemoteEndpointImplBase.sendObject(WsRemoteEndpointImplBase.java:586)
	at org.apache.tomcat.websocket.WsRemoteEndpointBasic.sendObject(WsRemoteEndpointBasic.java:74)
	at com.mola.molachat.server.ChatServer.onError(ChatServer.java:188)
	... 16 common frames omitted
Caused by: java.io.IOException: Broken pipe
	at sun.nio.ch.FileDispatcherImpl.writev0(Native Method)
	at sun.nio.ch.SocketDispatcher.writev(SocketDispatcher.java:51)
	at sun.nio.ch.IOUtil.write(IOUtil.java:148)
	at sun.nio.ch.SocketChannelImpl.write(SocketChannelImpl.java:501)
	at org.apache.tomcat.util.net.NioChannel.write(NioChannel.java:152)
	at org.apache.tomcat.util.net.NioEndpoint$NioSocketWrapper$NioOperationState.run(NioEndpoint.java:1490)
	at org.apache.tomcat.util.net.SocketWrapperBase$OperationState.start(SocketWrapperBase.java:1066)
	at org.apache.tomcat.util.net.SocketWrapperBase.vectoredOperation(SocketWrapperBase.java:1477)
	at org.apache.tomcat.util.net.SocketWrapperBase.write(SocketWrapperBase.java:1403)
	at org.apache.tomcat.util.net.SocketWrapperBase.write(SocketWrapperBase.java:1374)
	at org.apache.tomcat.websocket.server.WsRemoteEndpointImplServer.doWrite(WsRemoteEndpointImplServer.java:90)
	at org.apache.tomcat.websocket.WsRemoteEndpointImplBase.writeMessagePart(WsRemoteEndpointImplBase.java:494)
	at org.apache.tomcat.websocket.WsRemoteEndpointImplBase.sendMessageBlock(WsRemoteEndpointImplBase.java:309)
	... 21 common frames omitted
17:48:53.901 default [http-nio-8550-exec-3] ERROR o.a.t.w.pojo.PojoEndpointBase - Failed to call onError method of POJO end point for POJO of type [com.mola.molachat.server.ChatServer]
java.lang.reflect.InvocationTargetException: null
	at sun.reflect.NativeMethodAccessorImpl.invoke0(Native Method)
	at sun.reflect.NativeMethodAccessorImpl.invoke(NativeMethodAccessorImpl.java:62)
	at sun.reflect.DelegatingMethodAccessorImpl.invoke(DelegatingMethodAccessorImpl.java:43)
	at java.lang.reflect.Method.invoke(Method.java:498)
	at org.apache.tomcat.websocket.pojo.PojoEndpointBase.onError(PojoEndpointBase.java:130)
	at org.apache.tomcat.websocket.WsSession.sendCloseMessage(WsSession.java:625)
	at org.apache.tomcat.websocket.WsSession.doClose(WsSession.java:497)
	at org.apache.tomcat.websocket.WsSession.doClose(WsSession.java:459)
	at org.apache.tomcat.websocket.WsRemoteEndpointImplBase.sendMessageBlock(WsRemoteEndpointImplBase.java:313)
	at org.apache.tomcat.websocket.WsRemoteEndpointImplBase.sendMessageBlock(WsRemoteEndpointImplBase.java:250)
	at org.apache.tomcat.websocket.WsRemoteEndpointImplBase.sendString(WsRemoteEndpointImplBase.java:191)
	at org.apache.tomcat.websocket.WsRemoteEndpointImplBase.sendObject(WsRemoteEndpointImplBase.java:586)
	at org.apache.tomcat.websocket.WsRemoteEndpointBasic.sendObject(WsRemoteEndpointBasic.java:74)
	at com.mola.molachat.server.ChatServer.onError(ChatServer.java:187)
	at sun.reflect.NativeMethodAccessorImpl.invoke0(Native Method)
	at sun.reflect.NativeMethodAccessorImpl.invoke(NativeMethodAccessorImpl.java:62)
	at sun.reflect.DelegatingMethodAccessorImpl.invoke(DelegatingMethodAccessorImpl.java:43)
	at java.lang.reflect.Method.invoke(Method.java:498)
	at org.apache.tomcat.websocket.pojo.PojoEndpointBase.onError(PojoEndpointBase.java:130)
	at org.apache.tomcat.websocket.server.WsHttpUpgradeHandler.onError(WsHttpUpgradeHandler.java:216)
	at org.apache.tomcat.websocket.server.WsHttpUpgradeHandler.upgradeDispatch(WsHttpUpgradeHandler.java:152)
	at org.apache.coyote.http11.upgrade.UpgradeProcessorInternal.dispatch(UpgradeProcessorInternal.java:54)
	at org.apache.coyote.AbstractProcessorLight.process(AbstractProcessorLight.java:53)
	at org.apache.coyote.AbstractProtocol$ConnectionHandler.process(AbstractProtocol.java:853)
	at org.apache.tomcat.util.net.NioEndpoint$SocketProcessor.doRun(NioEndpoint.java:1587)
	at org.apache.tomcat.util.net.SocketProcessorBase.run(SocketProcessorBase.java:49)
	at java.util.concurrent.ThreadPoolExecutor.runWorker(ThreadPoolExecutor.java:1149)
	at java.util.concurrent.ThreadPoolExecutor$Worker.run(ThreadPoolExecutor.java:624)
	at org.apache.tomcat.util.threads.TaskThread$WrappingRunnable.run(TaskThread.java:61)
	at java.lang.Thread.run(Thread.java:748)
Caused by: java.lang.IllegalStateException: The remote endpoint was in state [TEXT_FULL_WRITING] which is an invalid state for called method
	at org.apache.tomcat.websocket.WsRemoteEndpointImplBase$StateMachine.checkState(WsRemoteEndpointImplBase.java:1229)
	at org.apache.tomcat.websocket.WsRemoteEndpointImplBase$StateMachine.textStart(WsRemoteEndpointImplBase.java:1191)
	at org.apache.tomcat.websocket.WsRemoteEndpointImplBase.sendString(WsRemoteEndpointImplBase.java:190)
	at org.apache.tomcat.websocket.WsRemoteEndpointImplBase.sendObject(WsRemoteEndpointImplBase.java:586)
	at org.apache.tomcat.websocket.WsRemoteEndpointBasic.sendObject(WsRemoteEndpointBasic.java:74)
	at com.mola.molachat.server.ChatServer.onError(ChatServer.java:187)
	... 30 common frames omitted
17:48:53.906 default [http-nio-8550-exec-3] ERROR o.a.t.w.pojo.PojoEndpointBase - Failed to call onError method of POJO end point for POJO of type [com.mola.molachat.server.ChatServer]
java.lang.reflect.InvocationTargetException: null
	at sun.reflect.NativeMethodAccessorImpl.invoke0(Native Method)
	at sun.reflect.NativeMethodAccessorImpl.invoke(NativeMethodAccessorImpl.java:62)
	at sun.reflect.DelegatingMethodAccessorImpl.invoke(DelegatingMethodAccessorImpl.java:43)
	at java.lang.reflect.Method.invoke(Method.java:498)
	at org.apache.tomcat.websocket.pojo.PojoEndpointBase.onError(PojoEndpointBase.java:130)
	at org.apache.tomcat.websocket.server.WsHttpUpgradeHandler.onError(WsHttpUpgradeHandler.java:216)
	at org.apache.tomcat.websocket.server.WsHttpUpgradeHandler.upgradeDispatch(WsHttpUpgradeHandler.java:152)
	at org.apache.coyote.http11.upgrade.UpgradeProcessorInternal.dispatch(UpgradeProcessorInternal.java:54)
	at org.apache.coyote.AbstractProcessorLight.process(AbstractProcessorLight.java:53)
	at org.apache.coyote.AbstractProtocol$ConnectionHandler.process(AbstractProtocol.java:853)
	at org.apache.tomcat.util.net.NioEndpoint$SocketProcessor.doRun(NioEndpoint.java:1587)
	at org.apache.tomcat.util.net.SocketProcessorBase.run(SocketProcessorBase.java:49)
	at java.util.concurrent.ThreadPoolExecutor.runWorker(ThreadPoolExecutor.java:1149)
	at java.util.concurrent.ThreadPoolExecutor$Worker.run(ThreadPoolExecutor.java:624)
	at org.apache.tomcat.util.threads.TaskThread$WrappingRunnable.run(TaskThread.java:61)
	at java.lang.Thread.run(Thread.java:748)
Caused by: java.io.IOException: java.io.IOException: Broken pipe
	at org.apache.tomcat.websocket.WsRemoteEndpointImplBase.sendMessageBlock(WsRemoteEndpointImplBase.java:315)
	at org.apache.tomcat.websocket.WsRemoteEndpointImplBase.sendMessageBlock(WsRemoteEndpointImplBase.java:250)
	at org.apache.tomcat.websocket.WsRemoteEndpointImplBase.sendString(WsRemoteEndpointImplBase.java:191)
	at org.apache.tomcat.websocket.WsRemoteEndpointImplBase.sendObject(WsRemoteEndpointImplBase.java:586)
	at org.apache.tomcat.websocket.WsRemoteEndpointBasic.sendObject(WsRemoteEndpointBasic.java:74)
	at com.mola.molachat.server.ChatServer.onError(ChatServer.java:187)
	... 16 common frames omitted
Caused by: java.io.IOException: Broken pipe
	at sun.nio.ch.FileDispatcherImpl.writev0(Native Method)
	at sun.nio.ch.SocketDispatcher.writev(SocketDispatcher.java:51)
	at sun.nio.ch.IOUtil.write(IOUtil.java:148)
	at sun.nio.ch.SocketChannelImpl.write(SocketChannelImpl.java:501)
	at org.apache.tomcat.util.net.NioChannel.write(NioChannel.java:152)
	at org.apache.tomcat.util.net.NioEndpoint$NioSocketWrapper$NioOperationState.run(NioEndpoint.java:1490)
	at org.apache.tomcat.util.net.SocketWrapperBase$OperationState.start(SocketWrapperBase.java:1066)
	at org.apache.tomcat.util.net.SocketWrapperBase.vectoredOperation(SocketWrapperBase.java:1477)
	at org.apache.tomcat.util.net.SocketWrapperBase.write(SocketWrapperBase.java:1403)
	at org.apache.tomcat.util.net.SocketWrapperBase.write(SocketWrapperBase.java:1374)
	at org.apache.tomcat.websocket.server.WsRemoteEndpointImplServer.doWrite(WsRemoteEndpointImplServer.java:90)
	at org.apache.tomcat.websocket.WsRemoteEndpointImplBase.writeMessagePart(WsRemoteEndpointImplBase.java:494)
	at org.apache.tomcat.websocket.WsRemoteEndpointImplBase.sendMessageBlock(WsRemoteEndpointImplBase.java:309)
	... 21 common frames omitted
17:51:35.148 default [http-nio-8550-exec-3] ERROR o.a.t.w.pojo.PojoEndpointBase - Failed to call onError method of POJO end point for POJO of type [com.mola.molachat.server.ChatServer]
java.lang.reflect.InvocationTargetException: null
	at sun.reflect.NativeMethodAccessorImpl.invoke0(Native Method)
	at sun.reflect.NativeMethodAccessorImpl.invoke(NativeMethodAccessorImpl.java:62)
	at sun.reflect.DelegatingMethodAccessorImpl.invoke(DelegatingMethodAccessorImpl.java:43)
	at java.lang.reflect.Method.invoke(Method.java:498)
	at org.apache.tomcat.websocket.pojo.PojoEndpointBase.onError(PojoEndpointBase.java:130)
	at org.apache.tomcat.websocket.WsSession.sendCloseMessage(WsSession.java:625)
	at org.apache.tomcat.websocket.WsSession.doClose(WsSession.java:497)
	at org.apache.tomcat.websocket.WsSession.doClose(WsSession.java:459)
	at org.apache.tomcat.websocket.WsRemoteEndpointImplBase.sendMessageBlock(WsRemoteEndpointImplBase.java:313)
	at org.apache.tomcat.websocket.WsRemoteEndpointImplBase.sendMessageBlock(WsRemoteEndpointImplBase.java:250)
	at org.apache.tomcat.websocket.WsRemoteEndpointImplBase.sendString(WsRemoteEndpointImplBase.java:191)
	at org.apache.tomcat.websocket.WsRemoteEndpointImplBase.sendObject(WsRemoteEndpointImplBase.java:586)
	at org.apache.tomcat.websocket.WsRemoteEndpointBasic.sendObject(WsRemoteEndpointBasic.java:74)
	at com.mola.molachat.server.ChatServer.onError(ChatServer.java:187)
	at sun.reflect.NativeMethodAccessorImpl.invoke0(Native Method)
	at sun.reflect.NativeMethodAccessorImpl.invoke(NativeMethodAccessorImpl.java:62)
	at sun.reflect.DelegatingMethodAccessorImpl.invoke(DelegatingMethodAccessorImpl.java:43)
	at java.lang.reflect.Method.invoke(Method.java:498)
	at org.apache.tomcat.websocket.pojo.PojoEndpointBase.onError(PojoEndpointBase.java:130)
	at org.apache.tomcat.websocket.server.WsHttpUpgradeHandler.onError(WsHttpUpgradeHandler.java:216)
	at org.apache.tomcat.websocket.server.WsHttpUpgradeHandler.upgradeDispatch(WsHttpUpgradeHandler.java:152)
	at org.apache.coyote.http11.upgrade.UpgradeProcessorInternal.dispatch(UpgradeProcessorInternal.java:54)
	at org.apache.coyote.AbstractProcessorLight.process(AbstractProcessorLight.java:53)
	at org.apache.coyote.AbstractProtocol$ConnectionHandler.process(AbstractProtocol.java:853)
	at org.apache.tomcat.util.net.NioEndpoint$SocketProcessor.doRun(NioEndpoint.java:1587)
	at org.apache.tomcat.util.net.SocketProcessorBase.run(SocketProcessorBase.java:49)
	at java.util.concurrent.ThreadPoolExecutor.runWorker(ThreadPoolExecutor.java:1149)
	at java.util.concurrent.ThreadPoolExecutor$Worker.run(ThreadPoolExecutor.java:624)
	at org.apache.tomcat.util.threads.TaskThread$WrappingRunnable.run(TaskThread.java:61)
	at java.lang.Thread.run(Thread.java:748)
Caused by: java.lang.IllegalStateException: The remote endpoint was in state [TEXT_FULL_WRITING] which is an invalid state for called method
	at org.apache.tomcat.websocket.WsRemoteEndpointImplBase$StateMachine.checkState(WsRemoteEndpointImplBase.java:1229)
	at org.apache.tomcat.websocket.WsRemoteEndpointImplBase$StateMachine.textStart(WsRemoteEndpointImplBase.java:1191)
	at org.apache.tomcat.websocket.WsRemoteEndpointImplBase.sendString(WsRemoteEndpointImplBase.java:190)
	at org.apache.tomcat.websocket.WsRemoteEndpointImplBase.sendObject(WsRemoteEndpointImplBase.java:586)
	at org.apache.tomcat.websocket.WsRemoteEndpointBasic.sendObject(WsRemoteEndpointBasic.java:74)
	at com.mola.molachat.server.ChatServer.onError(ChatServer.java:187)
	... 30 common frames omitted
17:51:35.151 default [http-nio-8550-exec-3] ERROR o.a.t.w.pojo.PojoEndpointBase - Failed to call onError method of POJO end point for POJO of type [com.mola.molachat.server.ChatServer]
java.lang.reflect.InvocationTargetException: null
	at sun.reflect.NativeMethodAccessorImpl.invoke0(Native Method)
	at sun.reflect.NativeMethodAccessorImpl.invoke(NativeMethodAccessorImpl.java:62)
	at sun.reflect.DelegatingMethodAccessorImpl.invoke(DelegatingMethodAccessorImpl.java:43)
	at java.lang.reflect.Method.invoke(Method.java:498)
	at org.apache.tomcat.websocket.pojo.PojoEndpointBase.onError(PojoEndpointBase.java:130)
	at org.apache.tomcat.websocket.server.WsHttpUpgradeHandler.onError(WsHttpUpgradeHandler.java:216)
	at org.apache.tomcat.websocket.server.WsHttpUpgradeHandler.upgradeDispatch(WsHttpUpgradeHandler.java:152)
	at org.apache.coyote.http11.upgrade.UpgradeProcessorInternal.dispatch(UpgradeProcessorInternal.java:54)
	at org.apache.coyote.AbstractProcessorLight.process(AbstractProcessorLight.java:53)
	at org.apache.coyote.AbstractProtocol$ConnectionHandler.process(AbstractProtocol.java:853)
	at org.apache.tomcat.util.net.NioEndpoint$SocketProcessor.doRun(NioEndpoint.java:1587)
	at org.apache.tomcat.util.net.SocketProcessorBase.run(SocketProcessorBase.java:49)
	at java.util.concurrent.ThreadPoolExecutor.runWorker(ThreadPoolExecutor.java:1149)
	at java.util.concurrent.ThreadPoolExecutor$Worker.run(ThreadPoolExecutor.java:624)
	at org.apache.tomcat.util.threads.TaskThread$WrappingRunnable.run(TaskThread.java:61)
	at java.lang.Thread.run(Thread.java:748)
Caused by: java.io.IOException: java.io.IOException: Broken pipe
	at org.apache.tomcat.websocket.WsRemoteEndpointImplBase.sendMessageBlock(WsRemoteEndpointImplBase.java:315)
	at org.apache.tomcat.websocket.WsRemoteEndpointImplBase.sendMessageBlock(WsRemoteEndpointImplBase.java:250)
	at org.apache.tomcat.websocket.WsRemoteEndpointImplBase.sendString(WsRemoteEndpointImplBase.java:191)
	at org.apache.tomcat.websocket.WsRemoteEndpointImplBase.sendObject(WsRemoteEndpointImplBase.java:586)
	at org.apache.tomcat.websocket.WsRemoteEndpointBasic.sendObject(WsRemoteEndpointBasic.java:74)
	at com.mola.molachat.server.ChatServer.onError(ChatServer.java:187)
	... 16 common frames omitted
Caused by: java.io.IOException: Broken pipe
	at sun.nio.ch.FileDispatcherImpl.writev0(Native Method)
	at sun.nio.ch.SocketDispatcher.writev(SocketDispatcher.java:51)
	at sun.nio.ch.IOUtil.write(IOUtil.java:148)
	at sun.nio.ch.SocketChannelImpl.write(SocketChannelImpl.java:501)
	at org.apache.tomcat.util.net.NioChannel.write(NioChannel.java:152)
	at org.apache.tomcat.util.net.NioEndpoint$NioSocketWrapper$NioOperationState.run(NioEndpoint.java:1490)
	at org.apache.tomcat.util.net.SocketWrapperBase$OperationState.start(SocketWrapperBase.java:1066)
	at org.apache.tomcat.util.net.SocketWrapperBase.vectoredOperation(SocketWrapperBase.java:1477)
	at org.apache.tomcat.util.net.SocketWrapperBase.write(SocketWrapperBase.java:1403)
	at org.apache.tomcat.util.net.SocketWrapperBase.write(SocketWrapperBase.java:1374)
	at org.apache.tomcat.websocket.server.WsRemoteEndpointImplServer.doWrite(WsRemoteEndpointImplServer.java:90)
	at org.apache.tomcat.websocket.WsRemoteEndpointImplBase.writeMessagePart(WsRemoteEndpointImplBase.java:494)
	at org.apache.tomcat.websocket.WsRemoteEndpointImplBase.sendMessageBlock(WsRemoteEndpointImplBase.java:309)
	... 21 common frames omitted
18:00:43.665 default [http-nio-8550-exec-8] ERROR o.a.t.w.pojo.PojoEndpointBase - Failed to call onError method of POJO end point for POJO of type [com.mola.molachat.server.ChatServer]
java.lang.reflect.InvocationTargetException: null
	at sun.reflect.NativeMethodAccessorImpl.invoke0(Native Method)
	at sun.reflect.NativeMethodAccessorImpl.invoke(NativeMethodAccessorImpl.java:62)
	at sun.reflect.DelegatingMethodAccessorImpl.invoke(DelegatingMethodAccessorImpl.java:43)
	at java.lang.reflect.Method.invoke(Method.java:498)
	at org.apache.tomcat.websocket.pojo.PojoEndpointBase.onError(PojoEndpointBase.java:130)
	at org.apache.tomcat.websocket.WsSession.sendCloseMessage(WsSession.java:625)
	at org.apache.tomcat.websocket.WsSession.doClose(WsSession.java:497)
	at org.apache.tomcat.websocket.WsSession.doClose(WsSession.java:459)
	at org.apache.tomcat.websocket.WsRemoteEndpointImplBase.sendMessageBlock(WsRemoteEndpointImplBase.java:313)
	at org.apache.tomcat.websocket.WsRemoteEndpointImplBase.sendMessageBlock(WsRemoteEndpointImplBase.java:250)
	at org.apache.tomcat.websocket.WsRemoteEndpointImplBase.sendString(WsRemoteEndpointImplBase.java:191)
	at org.apache.tomcat.websocket.WsRemoteEndpointImplBase.sendObject(WsRemoteEndpointImplBase.java:586)
	at org.apache.tomcat.websocket.WsRemoteEndpointBasic.sendObject(WsRemoteEndpointBasic.java:74)
	at com.mola.molachat.server.ChatServer.onError(ChatServer.java:187)
	at sun.reflect.NativeMethodAccessorImpl.invoke0(Native Method)
	at sun.reflect.NativeMethodAccessorImpl.invoke(NativeMethodAccessorImpl.java:62)
	at sun.reflect.DelegatingMethodAccessorImpl.invoke(DelegatingMethodAccessorImpl.java:43)
	at java.lang.reflect.Method.invoke(Method.java:498)
	at org.apache.tomcat.websocket.pojo.PojoEndpointBase.onError(PojoEndpointBase.java:130)
	at org.apache.tomcat.websocket.server.WsHttpUpgradeHandler.onError(WsHttpUpgradeHandler.java:216)
	at org.apache.tomcat.websocket.server.WsHttpUpgradeHandler.upgradeDispatch(WsHttpUpgradeHandler.java:152)
	at org.apache.coyote.http11.upgrade.UpgradeProcessorInternal.dispatch(UpgradeProcessorInternal.java:54)
	at org.apache.coyote.AbstractProcessorLight.process(AbstractProcessorLight.java:53)
	at org.apache.coyote.AbstractProtocol$ConnectionHandler.process(AbstractProtocol.java:853)
	at org.apache.tomcat.util.net.NioEndpoint$SocketProcessor.doRun(NioEndpoint.java:1587)
	at org.apache.tomcat.util.net.SocketProcessorBase.run(SocketProcessorBase.java:49)
	at java.util.concurrent.ThreadPoolExecutor.runWorker(ThreadPoolExecutor.java:1149)
	at java.util.concurrent.ThreadPoolExecutor$Worker.run(ThreadPoolExecutor.java:624)
	at org.apache.tomcat.util.threads.TaskThread$WrappingRunnable.run(TaskThread.java:61)
	at java.lang.Thread.run(Thread.java:748)
Caused by: java.lang.IllegalStateException: The remote endpoint was in state [TEXT_FULL_WRITING] which is an invalid state for called method
	at org.apache.tomcat.websocket.WsRemoteEndpointImplBase$StateMachine.checkState(WsRemoteEndpointImplBase.java:1229)
	at org.apache.tomcat.websocket.WsRemoteEndpointImplBase$StateMachine.textStart(WsRemoteEndpointImplBase.java:1191)
	at org.apache.tomcat.websocket.WsRemoteEndpointImplBase.sendString(WsRemoteEndpointImplBase.java:190)
	at org.apache.tomcat.websocket.WsRemoteEndpointImplBase.sendObject(WsRemoteEndpointImplBase.java:586)
	at org.apache.tomcat.websocket.WsRemoteEndpointBasic.sendObject(WsRemoteEndpointBasic.java:74)
	at com.mola.molachat.server.ChatServer.onError(ChatServer.java:187)
	... 30 common frames omitted
18:00:43.670 default [http-nio-8550-exec-8] ERROR o.a.t.w.pojo.PojoEndpointBase - Failed to call onError method of POJO end point for POJO of type [com.mola.molachat.server.ChatServer]
java.lang.reflect.InvocationTargetException: null
	at sun.reflect.NativeMethodAccessorImpl.invoke0(Native Method)
	at sun.reflect.NativeMethodAccessorImpl.invoke(NativeMethodAccessorImpl.java:62)
	at sun.reflect.DelegatingMethodAccessorImpl.invoke(DelegatingMethodAccessorImpl.java:43)
	at java.lang.reflect.Method.invoke(Method.java:498)
	at org.apache.tomcat.websocket.pojo.PojoEndpointBase.onError(PojoEndpointBase.java:130)
	at org.apache.tomcat.websocket.server.WsHttpUpgradeHandler.onError(WsHttpUpgradeHandler.java:216)
	at org.apache.tomcat.websocket.server.WsHttpUpgradeHandler.upgradeDispatch(WsHttpUpgradeHandler.java:152)
	at org.apache.coyote.http11.upgrade.UpgradeProcessorInternal.dispatch(UpgradeProcessorInternal.java:54)
	at org.apache.coyote.AbstractProcessorLight.process(AbstractProcessorLight.java:53)
	at org.apache.coyote.AbstractProtocol$ConnectionHandler.process(AbstractProtocol.java:853)
	at org.apache.tomcat.util.net.NioEndpoint$SocketProcessor.doRun(NioEndpoint.java:1587)
	at org.apache.tomcat.util.net.SocketProcessorBase.run(SocketProcessorBase.java:49)
	at java.util.concurrent.ThreadPoolExecutor.runWorker(ThreadPoolExecutor.java:1149)
	at java.util.concurrent.ThreadPoolExecutor$Worker.run(ThreadPoolExecutor.java:624)
	at org.apache.tomcat.util.threads.TaskThread$WrappingRunnable.run(TaskThread.java:61)
	at java.lang.Thread.run(Thread.java:748)
Caused by: java.io.IOException: java.io.IOException: Broken pipe
	at org.apache.tomcat.websocket.WsRemoteEndpointImplBase.sendMessageBlock(WsRemoteEndpointImplBase.java:315)
	at org.apache.tomcat.websocket.WsRemoteEndpointImplBase.sendMessageBlock(WsRemoteEndpointImplBase.java:250)
	at org.apache.tomcat.websocket.WsRemoteEndpointImplBase.sendString(WsRemoteEndpointImplBase.java:191)
	at org.apache.tomcat.websocket.WsRemoteEndpointImplBase.sendObject(WsRemoteEndpointImplBase.java:586)
	at org.apache.tomcat.websocket.WsRemoteEndpointBasic.sendObject(WsRemoteEndpointBasic.java:74)
	at com.mola.molachat.server.ChatServer.onError(ChatServer.java:187)
	... 16 common frames omitted
Caused by: java.io.IOException: Broken pipe
	at sun.nio.ch.FileDispatcherImpl.writev0(Native Method)
	at sun.nio.ch.SocketDispatcher.writev(SocketDispatcher.java:51)
	at sun.nio.ch.IOUtil.write(IOUtil.java:148)
	at sun.nio.ch.SocketChannelImpl.write(SocketChannelImpl.java:501)
	at org.apache.tomcat.util.net.NioChannel.write(NioChannel.java:152)
	at org.apache.tomcat.util.net.NioEndpoint$NioSocketWrapper$NioOperationState.run(NioEndpoint.java:1490)
	at org.apache.tomcat.util.net.SocketWrapperBase$OperationState.start(SocketWrapperBase.java:1066)
	at org.apache.tomcat.util.net.SocketWrapperBase.vectoredOperation(SocketWrapperBase.java:1477)
	at org.apache.tomcat.util.net.SocketWrapperBase.write(SocketWrapperBase.java:1403)
	at org.apache.tomcat.util.net.SocketWrapperBase.write(SocketWrapperBase.java:1374)
	at org.apache.tomcat.websocket.server.WsRemoteEndpointImplServer.doWrite(WsRemoteEndpointImplServer.java:90)
	at org.apache.tomcat.websocket.WsRemoteEndpointImplBase.writeMessagePart(WsRemoteEndpointImplBase.java:494)
	at org.apache.tomcat.websocket.WsRemoteEndpointImplBase.sendMessageBlock(WsRemoteEndpointImplBase.java:309)
	... 21 common frames omitted
18:03:57.502 default [http-nio-8550-exec-4] ERROR o.a.t.w.pojo.PojoEndpointBase - Failed to call onError method of POJO end point for POJO of type [com.mola.molachat.server.ChatServer]
java.lang.reflect.InvocationTargetException: null
	at sun.reflect.NativeMethodAccessorImpl.invoke0(Native Method)
	at sun.reflect.NativeMethodAccessorImpl.invoke(NativeMethodAccessorImpl.java:62)
	at sun.reflect.DelegatingMethodAccessorImpl.invoke(DelegatingMethodAccessorImpl.java:43)
	at java.lang.reflect.Method.invoke(Method.java:498)
	at org.apache.tomcat.websocket.pojo.PojoEndpointBase.onError(PojoEndpointBase.java:130)
	at org.apache.tomcat.websocket.WsSession.sendCloseMessage(WsSession.java:625)
	at org.apache.tomcat.websocket.WsSession.doClose(WsSession.java:497)
	at org.apache.tomcat.websocket.WsSession.doClose(WsSession.java:459)
	at org.apache.tomcat.websocket.WsRemoteEndpointImplBase.sendMessageBlock(WsRemoteEndpointImplBase.java:313)
	at org.apache.tomcat.websocket.WsRemoteEndpointImplBase.sendMessageBlock(WsRemoteEndpointImplBase.java:250)
	at org.apache.tomcat.websocket.WsRemoteEndpointImplBase.sendString(WsRemoteEndpointImplBase.java:191)
	at org.apache.tomcat.websocket.WsRemoteEndpointImplBase.sendObject(WsRemoteEndpointImplBase.java:586)
	at org.apache.tomcat.websocket.WsRemoteEndpointBasic.sendObject(WsRemoteEndpointBasic.java:74)
	at com.mola.molachat.server.ChatServer.onError(ChatServer.java:187)
	at sun.reflect.NativeMethodAccessorImpl.invoke0(Native Method)
	at sun.reflect.NativeMethodAccessorImpl.invoke(NativeMethodAccessorImpl.java:62)
	at sun.reflect.DelegatingMethodAccessorImpl.invoke(DelegatingMethodAccessorImpl.java:43)
	at java.lang.reflect.Method.invoke(Method.java:498)
	at org.apache.tomcat.websocket.pojo.PojoEndpointBase.onError(PojoEndpointBase.java:130)
	at org.apache.tomcat.websocket.server.WsHttpUpgradeHandler.onError(WsHttpUpgradeHandler.java:216)
	at org.apache.tomcat.websocket.server.WsHttpUpgradeHandler.upgradeDispatch(WsHttpUpgradeHandler.java:152)
	at org.apache.coyote.http11.upgrade.UpgradeProcessorInternal.dispatch(UpgradeProcessorInternal.java:54)
	at org.apache.coyote.AbstractProcessorLight.process(AbstractProcessorLight.java:53)
	at org.apache.coyote.AbstractProtocol$ConnectionHandler.process(AbstractProtocol.java:853)
	at org.apache.tomcat.util.net.NioEndpoint$SocketProcessor.doRun(NioEndpoint.java:1587)
	at org.apache.tomcat.util.net.SocketProcessorBase.run(SocketProcessorBase.java:49)
	at java.util.concurrent.ThreadPoolExecutor.runWorker(ThreadPoolExecutor.java:1149)
	at java.util.concurrent.ThreadPoolExecutor$Worker.run(ThreadPoolExecutor.java:624)
	at org.apache.tomcat.util.threads.TaskThread$WrappingRunnable.run(TaskThread.java:61)
	at java.lang.Thread.run(Thread.java:748)
Caused by: java.lang.IllegalStateException: The remote endpoint was in state [TEXT_FULL_WRITING] which is an invalid state for called method
	at org.apache.tomcat.websocket.WsRemoteEndpointImplBase$StateMachine.checkState(WsRemoteEndpointImplBase.java:1229)
	at org.apache.tomcat.websocket.WsRemoteEndpointImplBase$StateMachine.textStart(WsRemoteEndpointImplBase.java:1191)
	at org.apache.tomcat.websocket.WsRemoteEndpointImplBase.sendString(WsRemoteEndpointImplBase.java:190)
	at org.apache.tomcat.websocket.WsRemoteEndpointImplBase.sendObject(WsRemoteEndpointImplBase.java:586)
	at org.apache.tomcat.websocket.WsRemoteEndpointBasic.sendObject(WsRemoteEndpointBasic.java:74)
	at com.mola.molachat.server.ChatServer.onError(ChatServer.java:187)
	... 30 common frames omitted
18:03:57.504 default [http-nio-8550-exec-4] ERROR o.a.t.w.pojo.PojoEndpointBase - Failed to call onError method of POJO end point for POJO of type [com.mola.molachat.server.ChatServer]
java.lang.reflect.InvocationTargetException: null
	at sun.reflect.NativeMethodAccessorImpl.invoke0(Native Method)
	at sun.reflect.NativeMethodAccessorImpl.invoke(NativeMethodAccessorImpl.java:62)
	at sun.reflect.DelegatingMethodAccessorImpl.invoke(DelegatingMethodAccessorImpl.java:43)
	at java.lang.reflect.Method.invoke(Method.java:498)
	at org.apache.tomcat.websocket.pojo.PojoEndpointBase.onError(PojoEndpointBase.java:130)
	at org.apache.tomcat.websocket.server.WsHttpUpgradeHandler.onError(WsHttpUpgradeHandler.java:216)
	at org.apache.tomcat.websocket.server.WsHttpUpgradeHandler.upgradeDispatch(WsHttpUpgradeHandler.java:152)
	at org.apache.coyote.http11.upgrade.UpgradeProcessorInternal.dispatch(UpgradeProcessorInternal.java:54)
	at org.apache.coyote.AbstractProcessorLight.process(AbstractProcessorLight.java:53)
	at org.apache.coyote.AbstractProtocol$ConnectionHandler.process(AbstractProtocol.java:853)
	at org.apache.tomcat.util.net.NioEndpoint$SocketProcessor.doRun(NioEndpoint.java:1587)
	at org.apache.tomcat.util.net.SocketProcessorBase.run(SocketProcessorBase.java:49)
	at java.util.concurrent.ThreadPoolExecutor.runWorker(ThreadPoolExecutor.java:1149)
	at java.util.concurrent.ThreadPoolExecutor$Worker.run(ThreadPoolExecutor.java:624)
	at org.apache.tomcat.util.threads.TaskThread$WrappingRunnable.run(TaskThread.java:61)
	at java.lang.Thread.run(Thread.java:748)
Caused by: java.io.IOException: java.io.IOException: Broken pipe
	at org.apache.tomcat.websocket.WsRemoteEndpointImplBase.sendMessageBlock(WsRemoteEndpointImplBase.java:315)
	at org.apache.tomcat.websocket.WsRemoteEndpointImplBase.sendMessageBlock(WsRemoteEndpointImplBase.java:250)
	at org.apache.tomcat.websocket.WsRemoteEndpointImplBase.sendString(WsRemoteEndpointImplBase.java:191)
	at org.apache.tomcat.websocket.WsRemoteEndpointImplBase.sendObject(WsRemoteEndpointImplBase.java:586)
	at org.apache.tomcat.websocket.WsRemoteEndpointBasic.sendObject(WsRemoteEndpointBasic.java:74)
	at com.mola.molachat.server.ChatServer.onError(ChatServer.java:187)
	... 16 common frames omitted
Caused by: java.io.IOException: Broken pipe
	at sun.nio.ch.FileDispatcherImpl.writev0(Native Method)
	at sun.nio.ch.SocketDispatcher.writev(SocketDispatcher.java:51)
	at sun.nio.ch.IOUtil.write(IOUtil.java:148)
	at sun.nio.ch.SocketChannelImpl.write(SocketChannelImpl.java:501)
	at org.apache.tomcat.util.net.NioChannel.write(NioChannel.java:152)
	at org.apache.tomcat.util.net.NioEndpoint$NioSocketWrapper$NioOperationState.run(NioEndpoint.java:1490)
	at org.apache.tomcat.util.net.SocketWrapperBase$OperationState.start(SocketWrapperBase.java:1066)
	at org.apache.tomcat.util.net.SocketWrapperBase.vectoredOperation(SocketWrapperBase.java:1477)
	at org.apache.tomcat.util.net.SocketWrapperBase.write(SocketWrapperBase.java:1403)
	at org.apache.tomcat.util.net.SocketWrapperBase.write(SocketWrapperBase.java:1374)
	at org.apache.tomcat.websocket.server.WsRemoteEndpointImplServer.doWrite(WsRemoteEndpointImplServer.java:90)
	at org.apache.tomcat.websocket.WsRemoteEndpointImplBase.writeMessagePart(WsRemoteEndpointImplBase.java:494)
	at org.apache.tomcat.websocket.WsRemoteEndpointImplBase.sendMessageBlock(WsRemoteEndpointImplBase.java:309)
	... 21 common frames omitted
18:09:59.030 default [http-nio-8550-exec-2] ERROR o.a.t.w.pojo.PojoEndpointBase - Failed to call onError method of POJO end point for POJO of type [com.mola.molachat.server.ChatServer]
java.lang.reflect.InvocationTargetException: null
	at sun.reflect.NativeMethodAccessorImpl.invoke0(Native Method)
	at sun.reflect.NativeMethodAccessorImpl.invoke(NativeMethodAccessorImpl.java:62)
	at sun.reflect.DelegatingMethodAccessorImpl.invoke(DelegatingMethodAccessorImpl.java:43)
	at java.lang.reflect.Method.invoke(Method.java:498)
	at org.apache.tomcat.websocket.pojo.PojoEndpointBase.onError(PojoEndpointBase.java:130)
	at org.apache.tomcat.websocket.WsSession.sendCloseMessage(WsSession.java:625)
	at org.apache.tomcat.websocket.WsSession.doClose(WsSession.java:497)
	at org.apache.tomcat.websocket.WsSession.doClose(WsSession.java:459)
	at org.apache.tomcat.websocket.WsRemoteEndpointImplBase.sendMessageBlock(WsRemoteEndpointImplBase.java:313)
	at org.apache.tomcat.websocket.WsRemoteEndpointImplBase.sendMessageBlock(WsRemoteEndpointImplBase.java:250)
	at org.apache.tomcat.websocket.WsRemoteEndpointImplBase.sendString(WsRemoteEndpointImplBase.java:191)
	at org.apache.tomcat.websocket.WsRemoteEndpointImplBase.sendObject(WsRemoteEndpointImplBase.java:586)
	at org.apache.tomcat.websocket.WsRemoteEndpointBasic.sendObject(WsRemoteEndpointBasic.java:74)
	at com.mola.molachat.server.ChatServer.onError(ChatServer.java:187)
	at sun.reflect.NativeMethodAccessorImpl.invoke0(Native Method)
	at sun.reflect.NativeMethodAccessorImpl.invoke(NativeMethodAccessorImpl.java:62)
	at sun.reflect.DelegatingMethodAccessorImpl.invoke(DelegatingMethodAccessorImpl.java:43)
	at java.lang.reflect.Method.invoke(Method.java:498)
	at org.apache.tomcat.websocket.pojo.PojoEndpointBase.onError(PojoEndpointBase.java:130)
	at org.apache.tomcat.websocket.server.WsHttpUpgradeHandler.onError(WsHttpUpgradeHandler.java:216)
	at org.apache.tomcat.websocket.server.WsHttpUpgradeHandler.upgradeDispatch(WsHttpUpgradeHandler.java:152)
	at org.apache.coyote.http11.upgrade.UpgradeProcessorInternal.dispatch(UpgradeProcessorInternal.java:54)
	at org.apache.coyote.AbstractProcessorLight.process(AbstractProcessorLight.java:53)
	at org.apache.coyote.AbstractProtocol$ConnectionHandler.process(AbstractProtocol.java:853)
	at org.apache.tomcat.util.net.NioEndpoint$SocketProcessor.doRun(NioEndpoint.java:1587)
	at org.apache.tomcat.util.net.SocketProcessorBase.run(SocketProcessorBase.java:49)
	at java.util.concurrent.ThreadPoolExecutor.runWorker(ThreadPoolExecutor.java:1149)
	at java.util.concurrent.ThreadPoolExecutor$Worker.run(ThreadPoolExecutor.java:624)
	at org.apache.tomcat.util.threads.TaskThread$WrappingRunnable.run(TaskThread.java:61)
	at java.lang.Thread.run(Thread.java:748)
Caused by: java.lang.IllegalStateException: The remote endpoint was in state [TEXT_FULL_WRITING] which is an invalid state for called method
	at org.apache.tomcat.websocket.WsRemoteEndpointImplBase$StateMachine.checkState(WsRemoteEndpointImplBase.java:1229)
	at org.apache.tomcat.websocket.WsRemoteEndpointImplBase$StateMachine.textStart(WsRemoteEndpointImplBase.java:1191)
	at org.apache.tomcat.websocket.WsRemoteEndpointImplBase.sendString(WsRemoteEndpointImplBase.java:190)
	at org.apache.tomcat.websocket.WsRemoteEndpointImplBase.sendObject(WsRemoteEndpointImplBase.java:586)
	at org.apache.tomcat.websocket.WsRemoteEndpointBasic.sendObject(WsRemoteEndpointBasic.java:74)
	at com.mola.molachat.server.ChatServer.onError(ChatServer.java:187)
	... 30 common frames omitted
18:09:59.032 default [http-nio-8550-exec-2] ERROR o.a.t.w.pojo.PojoEndpointBase - Failed to call onError method of POJO end point for POJO of type [com.mola.molachat.server.ChatServer]
java.lang.reflect.InvocationTargetException: null
	at sun.reflect.NativeMethodAccessorImpl.invoke0(Native Method)
	at sun.reflect.NativeMethodAccessorImpl.invoke(NativeMethodAccessorImpl.java:62)
	at sun.reflect.DelegatingMethodAccessorImpl.invoke(DelegatingMethodAccessorImpl.java:43)
	at java.lang.reflect.Method.invoke(Method.java:498)
	at org.apache.tomcat.websocket.pojo.PojoEndpointBase.onError(PojoEndpointBase.java:130)
	at org.apache.tomcat.websocket.server.WsHttpUpgradeHandler.onError(WsHttpUpgradeHandler.java:216)
	at org.apache.tomcat.websocket.server.WsHttpUpgradeHandler.upgradeDispatch(WsHttpUpgradeHandler.java:152)
	at org.apache.coyote.http11.upgrade.UpgradeProcessorInternal.dispatch(UpgradeProcessorInternal.java:54)
	at org.apache.coyote.AbstractProcessorLight.process(AbstractProcessorLight.java:53)
	at org.apache.coyote.AbstractProtocol$ConnectionHandler.process(AbstractProtocol.java:853)
	at org.apache.tomcat.util.net.NioEndpoint$SocketProcessor.doRun(NioEndpoint.java:1587)
	at org.apache.tomcat.util.net.SocketProcessorBase.run(SocketProcessorBase.java:49)
	at java.util.concurrent.ThreadPoolExecutor.runWorker(ThreadPoolExecutor.java:1149)
	at java.util.concurrent.ThreadPoolExecutor$Worker.run(ThreadPoolExecutor.java:624)
	at org.apache.tomcat.util.threads.TaskThread$WrappingRunnable.run(TaskThread.java:61)
	at java.lang.Thread.run(Thread.java:748)
Caused by: java.io.IOException: java.io.IOException: Broken pipe
	at org.apache.tomcat.websocket.WsRemoteEndpointImplBase.sendMessageBlock(WsRemoteEndpointImplBase.java:315)
	at org.apache.tomcat.websocket.WsRemoteEndpointImplBase.sendMessageBlock(WsRemoteEndpointImplBase.java:250)
	at org.apache.tomcat.websocket.WsRemoteEndpointImplBase.sendString(WsRemoteEndpointImplBase.java:191)
	at org.apache.tomcat.websocket.WsRemoteEndpointImplBase.sendObject(WsRemoteEndpointImplBase.java:586)
	at org.apache.tomcat.websocket.WsRemoteEndpointBasic.sendObject(WsRemoteEndpointBasic.java:74)
	at com.mola.molachat.server.ChatServer.onError(ChatServer.java:187)
	... 16 common frames omitted
Caused by: java.io.IOException: Broken pipe
	at sun.nio.ch.FileDispatcherImpl.writev0(Native Method)
	at sun.nio.ch.SocketDispatcher.writev(SocketDispatcher.java:51)
	at sun.nio.ch.IOUtil.write(IOUtil.java:148)
	at sun.nio.ch.SocketChannelImpl.write(SocketChannelImpl.java:501)
	at org.apache.tomcat.util.net.NioChannel.write(NioChannel.java:152)
	at org.apache.tomcat.util.net.NioEndpoint$NioSocketWrapper$NioOperationState.run(NioEndpoint.java:1490)
	at org.apache.tomcat.util.net.SocketWrapperBase$OperationState.start(SocketWrapperBase.java:1066)
	at org.apache.tomcat.util.net.SocketWrapperBase.vectoredOperation(SocketWrapperBase.java:1477)
	at org.apache.tomcat.util.net.SocketWrapperBase.write(SocketWrapperBase.java:1403)
	at org.apache.tomcat.util.net.SocketWrapperBase.write(SocketWrapperBase.java:1374)
	at org.apache.tomcat.websocket.server.WsRemoteEndpointImplServer.doWrite(WsRemoteEndpointImplServer.java:90)
	at org.apache.tomcat.websocket.WsRemoteEndpointImplBase.writeMessagePart(WsRemoteEndpointImplBase.java:494)
	at org.apache.tomcat.websocket.WsRemoteEndpointImplBase.sendMessageBlock(WsRemoteEndpointImplBase.java:309)
	... 21 common frames omitted
18:35:59.833 default [http-nio-8550-exec-8] ERROR o.a.t.w.pojo.PojoEndpointBase - Failed to call onError method of POJO end point for POJO of type [com.mola.molachat.server.ChatServer]
java.lang.reflect.InvocationTargetException: null
	at sun.reflect.NativeMethodAccessorImpl.invoke0(Native Method)
	at sun.reflect.NativeMethodAccessorImpl.invoke(NativeMethodAccessorImpl.java:62)
	at sun.reflect.DelegatingMethodAccessorImpl.invoke(DelegatingMethodAccessorImpl.java:43)
	at java.lang.reflect.Method.invoke(Method.java:498)
	at org.apache.tomcat.websocket.pojo.PojoEndpointBase.onError(PojoEndpointBase.java:130)
	at org.apache.tomcat.websocket.WsSession.sendCloseMessage(WsSession.java:625)
	at org.apache.tomcat.websocket.WsSession.doClose(WsSession.java:497)
	at org.apache.tomcat.websocket.WsSession.doClose(WsSession.java:459)
	at org.apache.tomcat.websocket.WsRemoteEndpointImplBase.sendMessageBlock(WsRemoteEndpointImplBase.java:313)
	at org.apache.tomcat.websocket.WsRemoteEndpointImplBase.sendMessageBlock(WsRemoteEndpointImplBase.java:250)
	at org.apache.tomcat.websocket.WsRemoteEndpointImplBase.sendString(WsRemoteEndpointImplBase.java:191)
	at org.apache.tomcat.websocket.WsRemoteEndpointImplBase.sendObject(WsRemoteEndpointImplBase.java:586)
	at org.apache.tomcat.websocket.WsRemoteEndpointBasic.sendObject(WsRemoteEndpointBasic.java:74)
	at com.mola.molachat.server.ChatServer.onError(ChatServer.java:187)
	at sun.reflect.NativeMethodAccessorImpl.invoke0(Native Method)
	at sun.reflect.NativeMethodAccessorImpl.invoke(NativeMethodAccessorImpl.java:62)
	at sun.reflect.DelegatingMethodAccessorImpl.invoke(DelegatingMethodAccessorImpl.java:43)
	at java.lang.reflect.Method.invoke(Method.java:498)
	at org.apache.tomcat.websocket.pojo.PojoEndpointBase.onError(PojoEndpointBase.java:130)
	at org.apache.tomcat.websocket.server.WsHttpUpgradeHandler.onError(WsHttpUpgradeHandler.java:216)
	at org.apache.tomcat.websocket.server.WsHttpUpgradeHandler.upgradeDispatch(WsHttpUpgradeHandler.java:152)
	at org.apache.coyote.http11.upgrade.UpgradeProcessorInternal.dispatch(UpgradeProcessorInternal.java:54)
	at org.apache.coyote.AbstractProcessorLight.process(AbstractProcessorLight.java:53)
	at org.apache.coyote.AbstractProtocol$ConnectionHandler.process(AbstractProtocol.java:853)
	at org.apache.tomcat.util.net.NioEndpoint$SocketProcessor.doRun(NioEndpoint.java:1587)
	at org.apache.tomcat.util.net.SocketProcessorBase.run(SocketProcessorBase.java:49)
	at java.util.concurrent.ThreadPoolExecutor.runWorker(ThreadPoolExecutor.java:1149)
	at java.util.concurrent.ThreadPoolExecutor$Worker.run(ThreadPoolExecutor.java:624)
	at org.apache.tomcat.util.threads.TaskThread$WrappingRunnable.run(TaskThread.java:61)
	at java.lang.Thread.run(Thread.java:748)
Caused by: java.lang.IllegalStateException: The remote endpoint was in state [TEXT_FULL_WRITING] which is an invalid state for called method
	at org.apache.tomcat.websocket.WsRemoteEndpointImplBase$StateMachine.checkState(WsRemoteEndpointImplBase.java:1229)
	at org.apache.tomcat.websocket.WsRemoteEndpointImplBase$StateMachine.textStart(WsRemoteEndpointImplBase.java:1191)
	at org.apache.tomcat.websocket.WsRemoteEndpointImplBase.sendString(WsRemoteEndpointImplBase.java:190)
	at org.apache.tomcat.websocket.WsRemoteEndpointImplBase.sendObject(WsRemoteEndpointImplBase.java:586)
	at org.apache.tomcat.websocket.WsRemoteEndpointBasic.sendObject(WsRemoteEndpointBasic.java:74)
	at com.mola.molachat.server.ChatServer.onError(ChatServer.java:187)
	... 30 common frames omitted
18:35:59.834 default [http-nio-8550-exec-8] ERROR o.a.t.w.pojo.PojoEndpointBase - Failed to call onError method of POJO end point for POJO of type [com.mola.molachat.server.ChatServer]
java.lang.reflect.InvocationTargetException: null
	at sun.reflect.NativeMethodAccessorImpl.invoke0(Native Method)
	at sun.reflect.NativeMethodAccessorImpl.invoke(NativeMethodAccessorImpl.java:62)
	at sun.reflect.DelegatingMethodAccessorImpl.invoke(DelegatingMethodAccessorImpl.java:43)
	at java.lang.reflect.Method.invoke(Method.java:498)
	at org.apache.tomcat.websocket.pojo.PojoEndpointBase.onError(PojoEndpointBase.java:130)
	at org.apache.tomcat.websocket.server.WsHttpUpgradeHandler.onError(WsHttpUpgradeHandler.java:216)
	at org.apache.tomcat.websocket.server.WsHttpUpgradeHandler.upgradeDispatch(WsHttpUpgradeHandler.java:152)
	at org.apache.coyote.http11.upgrade.UpgradeProcessorInternal.dispatch(UpgradeProcessorInternal.java:54)
	at org.apache.coyote.AbstractProcessorLight.process(AbstractProcessorLight.java:53)
	at org.apache.coyote.AbstractProtocol$ConnectionHandler.process(AbstractProtocol.java:853)
	at org.apache.tomcat.util.net.NioEndpoint$SocketProcessor.doRun(NioEndpoint.java:1587)
	at org.apache.tomcat.util.net.SocketProcessorBase.run(SocketProcessorBase.java:49)
	at java.util.concurrent.ThreadPoolExecutor.runWorker(ThreadPoolExecutor.java:1149)
	at java.util.concurrent.ThreadPoolExecutor$Worker.run(ThreadPoolExecutor.java:624)
	at org.apache.tomcat.util.threads.TaskThread$WrappingRunnable.run(TaskThread.java:61)
	at java.lang.Thread.run(Thread.java:748)
Caused by: java.io.IOException: java.io.IOException: Broken pipe
	at org.apache.tomcat.websocket.WsRemoteEndpointImplBase.sendMessageBlock(WsRemoteEndpointImplBase.java:315)
	at org.apache.tomcat.websocket.WsRemoteEndpointImplBase.sendMessageBlock(WsRemoteEndpointImplBase.java:250)
	at org.apache.tomcat.websocket.WsRemoteEndpointImplBase.sendString(WsRemoteEndpointImplBase.java:191)
	at org.apache.tomcat.websocket.WsRemoteEndpointImplBase.sendObject(WsRemoteEndpointImplBase.java:586)
	at org.apache.tomcat.websocket.WsRemoteEndpointBasic.sendObject(WsRemoteEndpointBasic.java:74)
	at com.mola.molachat.server.ChatServer.onError(ChatServer.java:187)
	... 16 common frames omitted
Caused by: java.io.IOException: Broken pipe
	at sun.nio.ch.FileDispatcherImpl.writev0(Native Method)
	at sun.nio.ch.SocketDispatcher.writev(SocketDispatcher.java:51)
	at sun.nio.ch.IOUtil.write(IOUtil.java:148)
	at sun.nio.ch.SocketChannelImpl.write(SocketChannelImpl.java:501)
	at org.apache.tomcat.util.net.NioChannel.write(NioChannel.java:152)
	at org.apache.tomcat.util.net.NioEndpoint$NioSocketWrapper$NioOperationState.run(NioEndpoint.java:1490)
	at org.apache.tomcat.util.net.SocketWrapperBase$OperationState.start(SocketWrapperBase.java:1066)
	at org.apache.tomcat.util.net.SocketWrapperBase.vectoredOperation(SocketWrapperBase.java:1477)
	at org.apache.tomcat.util.net.SocketWrapperBase.write(SocketWrapperBase.java:1403)
	at org.apache.tomcat.util.net.SocketWrapperBase.write(SocketWrapperBase.java:1374)
	at org.apache.tomcat.websocket.server.WsRemoteEndpointImplServer.doWrite(WsRemoteEndpointImplServer.java:90)
	at org.apache.tomcat.websocket.WsRemoteEndpointImplBase.writeMessagePart(WsRemoteEndpointImplBase.java:494)
	at org.apache.tomcat.websocket.WsRemoteEndpointImplBase.sendMessageBlock(WsRemoteEndpointImplBase.java:309)
	... 21 common frames omitted
18:43:54.802 default [http-nio-8550-exec-5] ERROR o.a.t.w.pojo.PojoEndpointBase - Failed to call onError method of POJO end point for POJO of type [com.mola.molachat.server.ChatServer]
java.lang.reflect.InvocationTargetException: null
	at sun.reflect.NativeMethodAccessorImpl.invoke0(Native Method)
	at sun.reflect.NativeMethodAccessorImpl.invoke(NativeMethodAccessorImpl.java:62)
	at sun.reflect.DelegatingMethodAccessorImpl.invoke(DelegatingMethodAccessorImpl.java:43)
	at java.lang.reflect.Method.invoke(Method.java:498)
	at org.apache.tomcat.websocket.pojo.PojoEndpointBase.onError(PojoEndpointBase.java:130)
	at org.apache.tomcat.websocket.WsSession.sendCloseMessage(WsSession.java:625)
	at org.apache.tomcat.websocket.WsSession.doClose(WsSession.java:497)
	at org.apache.tomcat.websocket.WsSession.doClose(WsSession.java:459)
	at org.apache.tomcat.websocket.WsRemoteEndpointImplBase.sendMessageBlock(WsRemoteEndpointImplBase.java:313)
	at org.apache.tomcat.websocket.WsRemoteEndpointImplBase.sendMessageBlock(WsRemoteEndpointImplBase.java:250)
	at org.apache.tomcat.websocket.WsRemoteEndpointImplBase.sendString(WsRemoteEndpointImplBase.java:191)
	at org.apache.tomcat.websocket.WsRemoteEndpointImplBase.sendObject(WsRemoteEndpointImplBase.java:586)
	at org.apache.tomcat.websocket.WsRemoteEndpointBasic.sendObject(WsRemoteEndpointBasic.java:74)
	at com.mola.molachat.server.ChatServer.onError(ChatServer.java:187)
	at sun.reflect.NativeMethodAccessorImpl.invoke0(Native Method)
	at sun.reflect.NativeMethodAccessorImpl.invoke(NativeMethodAccessorImpl.java:62)
	at sun.reflect.DelegatingMethodAccessorImpl.invoke(DelegatingMethodAccessorImpl.java:43)
	at java.lang.reflect.Method.invoke(Method.java:498)
	at org.apache.tomcat.websocket.pojo.PojoEndpointBase.onError(PojoEndpointBase.java:130)
	at org.apache.tomcat.websocket.server.WsHttpUpgradeHandler.onError(WsHttpUpgradeHandler.java:216)
	at org.apache.tomcat.websocket.server.WsHttpUpgradeHandler.upgradeDispatch(WsHttpUpgradeHandler.java:152)
	at org.apache.coyote.http11.upgrade.UpgradeProcessorInternal.dispatch(UpgradeProcessorInternal.java:54)
	at org.apache.coyote.AbstractProcessorLight.process(AbstractProcessorLight.java:53)
	at org.apache.coyote.AbstractProtocol$ConnectionHandler.process(AbstractProtocol.java:853)
	at org.apache.tomcat.util.net.NioEndpoint$SocketProcessor.doRun(NioEndpoint.java:1587)
	at org.apache.tomcat.util.net.SocketProcessorBase.run(SocketProcessorBase.java:49)
	at java.util.concurrent.ThreadPoolExecutor.runWorker(ThreadPoolExecutor.java:1149)
	at java.util.concurrent.ThreadPoolExecutor$Worker.run(ThreadPoolExecutor.java:624)
	at org.apache.tomcat.util.threads.TaskThread$WrappingRunnable.run(TaskThread.java:61)
	at java.lang.Thread.run(Thread.java:748)
Caused by: java.lang.IllegalStateException: The remote endpoint was in state [TEXT_FULL_WRITING] which is an invalid state for called method
	at org.apache.tomcat.websocket.WsRemoteEndpointImplBase$StateMachine.checkState(WsRemoteEndpointImplBase.java:1229)
	at org.apache.tomcat.websocket.WsRemoteEndpointImplBase$StateMachine.textStart(WsRemoteEndpointImplBase.java:1191)
	at org.apache.tomcat.websocket.WsRemoteEndpointImplBase.sendString(WsRemoteEndpointImplBase.java:190)
	at org.apache.tomcat.websocket.WsRemoteEndpointImplBase.sendObject(WsRemoteEndpointImplBase.java:586)
	at org.apache.tomcat.websocket.WsRemoteEndpointBasic.sendObject(WsRemoteEndpointBasic.java:74)
	at com.mola.molachat.server.ChatServer.onError(ChatServer.java:187)
	... 30 common frames omitted
18:43:54.804 default [http-nio-8550-exec-5] ERROR o.a.t.w.pojo.PojoEndpointBase - Failed to call onError method of POJO end point for POJO of type [com.mola.molachat.server.ChatServer]
java.lang.reflect.InvocationTargetException: null
	at sun.reflect.NativeMethodAccessorImpl.invoke0(Native Method)
	at sun.reflect.NativeMethodAccessorImpl.invoke(NativeMethodAccessorImpl.java:62)
	at sun.reflect.DelegatingMethodAccessorImpl.invoke(DelegatingMethodAccessorImpl.java:43)
	at java.lang.reflect.Method.invoke(Method.java:498)
	at org.apache.tomcat.websocket.pojo.PojoEndpointBase.onError(PojoEndpointBase.java:130)
	at org.apache.tomcat.websocket.server.WsHttpUpgradeHandler.onError(WsHttpUpgradeHandler.java:216)
	at org.apache.tomcat.websocket.server.WsHttpUpgradeHandler.upgradeDispatch(WsHttpUpgradeHandler.java:152)
	at org.apache.coyote.http11.upgrade.UpgradeProcessorInternal.dispatch(UpgradeProcessorInternal.java:54)
	at org.apache.coyote.AbstractProcessorLight.process(AbstractProcessorLight.java:53)
	at org.apache.coyote.AbstractProtocol$ConnectionHandler.process(AbstractProtocol.java:853)
	at org.apache.tomcat.util.net.NioEndpoint$SocketProcessor.doRun(NioEndpoint.java:1587)
	at org.apache.tomcat.util.net.SocketProcessorBase.run(SocketProcessorBase.java:49)
	at java.util.concurrent.ThreadPoolExecutor.runWorker(ThreadPoolExecutor.java:1149)
	at java.util.concurrent.ThreadPoolExecutor$Worker.run(ThreadPoolExecutor.java:624)
	at org.apache.tomcat.util.threads.TaskThread$WrappingRunnable.run(TaskThread.java:61)
	at java.lang.Thread.run(Thread.java:748)
Caused by: java.io.IOException: java.io.IOException: Broken pipe
	at org.apache.tomcat.websocket.WsRemoteEndpointImplBase.sendMessageBlock(WsRemoteEndpointImplBase.java:315)
	at org.apache.tomcat.websocket.WsRemoteEndpointImplBase.sendMessageBlock(WsRemoteEndpointImplBase.java:250)
	at org.apache.tomcat.websocket.WsRemoteEndpointImplBase.sendString(WsRemoteEndpointImplBase.java:191)
	at org.apache.tomcat.websocket.WsRemoteEndpointImplBase.sendObject(WsRemoteEndpointImplBase.java:586)
	at org.apache.tomcat.websocket.WsRemoteEndpointBasic.sendObject(WsRemoteEndpointBasic.java:74)
	at com.mola.molachat.server.ChatServer.onError(ChatServer.java:187)
	... 16 common frames omitted
Caused by: java.io.IOException: Broken pipe
	at sun.nio.ch.FileDispatcherImpl.writev0(Native Method)
	at sun.nio.ch.SocketDispatcher.writev(SocketDispatcher.java:51)
	at sun.nio.ch.IOUtil.write(IOUtil.java:148)
	at sun.nio.ch.SocketChannelImpl.write(SocketChannelImpl.java:501)
	at org.apache.tomcat.util.net.NioChannel.write(NioChannel.java:152)
	at org.apache.tomcat.util.net.NioEndpoint$NioSocketWrapper$NioOperationState.run(NioEndpoint.java:1490)
	at org.apache.tomcat.util.net.SocketWrapperBase$OperationState.start(SocketWrapperBase.java:1066)
	at org.apache.tomcat.util.net.SocketWrapperBase.vectoredOperation(SocketWrapperBase.java:1477)
	at org.apache.tomcat.util.net.SocketWrapperBase.write(SocketWrapperBase.java:1403)
	at org.apache.tomcat.util.net.SocketWrapperBase.write(SocketWrapperBase.java:1374)
	at org.apache.tomcat.websocket.server.WsRemoteEndpointImplServer.doWrite(WsRemoteEndpointImplServer.java:90)
	at org.apache.tomcat.websocket.WsRemoteEndpointImplBase.writeMessagePart(WsRemoteEndpointImplBase.java:494)
	at org.apache.tomcat.websocket.WsRemoteEndpointImplBase.sendMessageBlock(WsRemoteEndpointImplBase.java:309)
	... 21 common frames omitted
