23:35:28.940 default [https-jsse-nio-8550-exec-2] ERROR o.a.t.w.pojo.PojoEndpointBase - Failed to call onClose method of POJO end point for POJO of type [com.mola.molachat.server.ChatServer]
java.lang.reflect.InvocationTargetException: null
	at sun.reflect.NativeMethodAccessorImpl.invoke0(Native Method)
	at sun.reflect.NativeMethodAccessorImpl.invoke(NativeMethodAccessorImpl.java:62)
	at sun.reflect.DelegatingMethodAccessorImpl.invoke(DelegatingMethodAccessorImpl.java:43)
	at java.lang.reflect.Method.invoke(Method.java:498)
	at org.apache.tomcat.websocket.pojo.PojoEndpointBase.onClose(PojoEndpointBase.java:103)
	at org.apache.tomcat.websocket.WsSession.fireEndpointOnClose(WsSession.java:555)
	at org.apache.tomcat.websocket.WsSession.onClose(WsSession.java:533)
	at org.apache.tomcat.websocket.WsFrameBase.processDataControl(WsFrameBase.java:347)
	at org.apache.tomcat.websocket.WsFrameBase.processData(WsFrameBase.java:289)
	at org.apache.tomcat.websocket.WsFrameBase.processInputBuffer(WsFrameBase.java:133)
	at org.apache.tomcat.websocket.server.WsFrameServer.onDataAvailable(WsFrameServer.java:82)
	at org.apache.tomcat.websocket.server.WsFrameServer.doOnDataAvailable(WsFrameServer.java:171)
	at org.apache.tomcat.websocket.server.WsFrameServer.notifyDataAvailable(WsFrameServer.java:151)
	at org.apache.tomcat.websocket.server.WsHttpUpgradeHandler.upgradeDispatch(WsHttpUpgradeHandler.java:148)
	at org.apache.coyote.http11.upgrade.UpgradeProcessorInternal.dispatch(UpgradeProcessorInternal.java:54)
	at org.apache.coyote.AbstractProcessorLight.process(AbstractProcessorLight.java:53)
	at org.apache.coyote.AbstractProtocol$ConnectionHandler.process(AbstractProtocol.java:853)
	at org.apache.tomcat.util.net.NioEndpoint$SocketProcessor.doRun(NioEndpoint.java:1587)
	at org.apache.tomcat.util.net.SocketProcessorBase.run(SocketProcessorBase.java:49)
	at java.util.concurrent.ThreadPoolExecutor.runWorker(ThreadPoolExecutor.java:1149)
	at java.util.concurrent.ThreadPoolExecutor$Worker.run(ThreadPoolExecutor.java:624)
	at org.apache.tomcat.util.threads.TaskThread$WrappingRunnable.run(TaskThread.java:61)
	at java.lang.Thread.run(Thread.java:748)
Caused by: java.lang.NullPointerException: null
	at com.mola.molachat.data.impl.cache.SessionFactory.removeVideoSession(SessionFactory.java:149)
	at com.mola.molachat.service.impl.SessionServiceImpl.deleteVideoSession(SessionServiceImpl.java:207)
	at com.mola.molachat.service.impl.SessionServiceImpl$$FastClassBySpringCGLIB$$ad2398bf.invoke(<generated>)
	at org.springframework.cglib.proxy.MethodProxy.invoke(MethodProxy.java:218)
	at org.springframework.aop.framework.CglibAopProxy$CglibMethodInvocation.invokeJoinpoint(CglibAopProxy.java:749)
	at org.springframework.aop.framework.ReflectiveMethodInvocation.proceed(ReflectiveMethodInvocation.java:163)
	at org.springframework.aop.interceptor.ExposeInvocationInterceptor.invoke(ExposeInvocationInterceptor.java:93)
	at org.springframework.aop.framework.ReflectiveMethodInvocation.proceed(ReflectiveMethodInvocation.java:186)
	at org.springframework.aop.framework.CglibAopProxy$DynamicAdvisedInterceptor.intercept(CglibAopProxy.java:688)
	at com.mola.molachat.service.impl.SessionServiceImpl$$EnhancerBySpringCGLIB$$212983bd.deleteVideoSession(<generated>)
	at com.mola.molachat.server.ChatServer.onClose(ChatServer.java:125)
	... 23 common frames omitted
23:35:28.943 default [https-jsse-nio-8550-exec-2] ERROR o.a.t.w.pojo.PojoEndpointBase - Failed to call onError method of POJO end point for POJO of type [com.mola.molachat.server.ChatServer]
java.lang.reflect.InvocationTargetException: null
	at sun.reflect.NativeMethodAccessorImpl.invoke0(Native Method)
	at sun.reflect.NativeMethodAccessorImpl.invoke(NativeMethodAccessorImpl.java:62)
	at sun.reflect.DelegatingMethodAccessorImpl.invoke(DelegatingMethodAccessorImpl.java:43)
	at java.lang.reflect.Method.invoke(Method.java:498)
	at org.apache.tomcat.websocket.pojo.PojoEndpointBase.onError(PojoEndpointBase.java:130)
	at org.apache.tomcat.websocket.pojo.PojoEndpointBase.handleOnOpenOrCloseError(PojoEndpointBase.java:90)
	at org.apache.tomcat.websocket.pojo.PojoEndpointBase.onClose(PojoEndpointBase.java:108)
	at org.apache.tomcat.websocket.WsSession.fireEndpointOnClose(WsSession.java:555)
	at org.apache.tomcat.websocket.WsSession.onClose(WsSession.java:533)
	at org.apache.tomcat.websocket.WsFrameBase.processDataControl(WsFrameBase.java:347)
	at org.apache.tomcat.websocket.WsFrameBase.processData(WsFrameBase.java:289)
	at org.apache.tomcat.websocket.WsFrameBase.processInputBuffer(WsFrameBase.java:133)
	at org.apache.tomcat.websocket.server.WsFrameServer.onDataAvailable(WsFrameServer.java:82)
	at org.apache.tomcat.websocket.server.WsFrameServer.doOnDataAvailable(WsFrameServer.java:171)
	at org.apache.tomcat.websocket.server.WsFrameServer.notifyDataAvailable(WsFrameServer.java:151)
	at org.apache.tomcat.websocket.server.WsHttpUpgradeHandler.upgradeDispatch(WsHttpUpgradeHandler.java:148)
	at org.apache.coyote.http11.upgrade.UpgradeProcessorInternal.dispatch(UpgradeProcessorInternal.java:54)
	at org.apache.coyote.AbstractProcessorLight.process(AbstractProcessorLight.java:53)
	at org.apache.coyote.AbstractProtocol$ConnectionHandler.process(AbstractProtocol.java:853)
	at org.apache.tomcat.util.net.NioEndpoint$SocketProcessor.doRun(NioEndpoint.java:1587)
	at org.apache.tomcat.util.net.SocketProcessorBase.run(SocketProcessorBase.java:49)
	at java.util.concurrent.ThreadPoolExecutor.runWorker(ThreadPoolExecutor.java:1149)
	at java.util.concurrent.ThreadPoolExecutor$Worker.run(ThreadPoolExecutor.java:624)
	at org.apache.tomcat.util.threads.TaskThread$WrappingRunnable.run(TaskThread.java:61)
	at java.lang.Thread.run(Thread.java:748)
Caused by: java.lang.IllegalStateException: Message will not be sent because the WebSocket session has been closed
	at org.apache.tomcat.websocket.WsRemoteEndpointImplBase.writeMessagePart(WsRemoteEndpointImplBase.java:425)
	at org.apache.tomcat.websocket.WsRemoteEndpointImplBase.sendMessageBlock(WsRemoteEndpointImplBase.java:309)
	at org.apache.tomcat.websocket.WsRemoteEndpointImplBase.sendMessageBlock(WsRemoteEndpointImplBase.java:250)
	at org.apache.tomcat.websocket.WsRemoteEndpointImplBase.sendString(WsRemoteEndpointImplBase.java:191)
	at org.apache.tomcat.websocket.WsRemoteEndpointImplBase.sendObject(WsRemoteEndpointImplBase.java:586)
	at org.apache.tomcat.websocket.WsRemoteEndpointBasic.sendObject(WsRemoteEndpointBasic.java:74)
	at com.mola.molachat.server.ChatServer.onError(ChatServer.java:231)
	... 25 common frames omitted
23:40:46.776 default [https-jsse-nio-8550-exec-3] ERROR o.a.t.w.pojo.PojoEndpointBase - Failed to call onClose method of POJO end point for POJO of type [com.mola.molachat.server.ChatServer]
java.lang.reflect.InvocationTargetException: null
	at sun.reflect.NativeMethodAccessorImpl.invoke0(Native Method)
	at sun.reflect.NativeMethodAccessorImpl.invoke(NativeMethodAccessorImpl.java:62)
	at sun.reflect.DelegatingMethodAccessorImpl.invoke(DelegatingMethodAccessorImpl.java:43)
	at java.lang.reflect.Method.invoke(Method.java:498)
	at org.apache.tomcat.websocket.pojo.PojoEndpointBase.onClose(PojoEndpointBase.java:103)
	at org.apache.tomcat.websocket.WsSession.fireEndpointOnClose(WsSession.java:555)
	at org.apache.tomcat.websocket.WsSession.onClose(WsSession.java:533)
	at org.apache.tomcat.websocket.WsFrameBase.processDataControl(WsFrameBase.java:347)
	at org.apache.tomcat.websocket.WsFrameBase.processData(WsFrameBase.java:289)
	at org.apache.tomcat.websocket.WsFrameBase.processInputBuffer(WsFrameBase.java:133)
	at org.apache.tomcat.websocket.server.WsFrameServer.onDataAvailable(WsFrameServer.java:82)
	at org.apache.tomcat.websocket.server.WsFrameServer.doOnDataAvailable(WsFrameServer.java:171)
	at org.apache.tomcat.websocket.server.WsFrameServer.notifyDataAvailable(WsFrameServer.java:151)
	at org.apache.tomcat.websocket.server.WsHttpUpgradeHandler.upgradeDispatch(WsHttpUpgradeHandler.java:148)
	at org.apache.coyote.http11.upgrade.UpgradeProcessorInternal.dispatch(UpgradeProcessorInternal.java:54)
	at org.apache.coyote.AbstractProcessorLight.process(AbstractProcessorLight.java:53)
	at org.apache.coyote.AbstractProtocol$ConnectionHandler.process(AbstractProtocol.java:853)
	at org.apache.tomcat.util.net.NioEndpoint$SocketProcessor.doRun(NioEndpoint.java:1587)
	at org.apache.tomcat.util.net.SocketProcessorBase.run(SocketProcessorBase.java:49)
	at java.util.concurrent.ThreadPoolExecutor.runWorker(ThreadPoolExecutor.java:1149)
	at java.util.concurrent.ThreadPoolExecutor$Worker.run(ThreadPoolExecutor.java:624)
	at org.apache.tomcat.util.threads.TaskThread$WrappingRunnable.run(TaskThread.java:61)
	at java.lang.Thread.run(Thread.java:748)
Caused by: java.lang.NullPointerException: null
	at com.mola.molachat.data.impl.cache.SessionFactory.removeVideoSession(SessionFactory.java:149)
	at com.mola.molachat.service.impl.SessionServiceImpl.deleteVideoSession(SessionServiceImpl.java:207)
	at com.mola.molachat.service.impl.SessionServiceImpl$$FastClassBySpringCGLIB$$ad2398bf.invoke(<generated>)
	at org.springframework.cglib.proxy.MethodProxy.invoke(MethodProxy.java:218)
	at org.springframework.aop.framework.CglibAopProxy$CglibMethodInvocation.invokeJoinpoint(CglibAopProxy.java:749)
	at org.springframework.aop.framework.ReflectiveMethodInvocation.proceed(ReflectiveMethodInvocation.java:163)
	at org.springframework.aop.interceptor.ExposeInvocationInterceptor.invoke(ExposeInvocationInterceptor.java:93)
	at org.springframework.aop.framework.ReflectiveMethodInvocation.proceed(ReflectiveMethodInvocation.java:186)
	at org.springframework.aop.framework.CglibAopProxy$DynamicAdvisedInterceptor.intercept(CglibAopProxy.java:688)
	at com.mola.molachat.service.impl.SessionServiceImpl$$EnhancerBySpringCGLIB$$212983bd.deleteVideoSession(<generated>)
	at com.mola.molachat.server.ChatServer.onClose(ChatServer.java:125)
	... 23 common frames omitted
23:40:46.778 default [https-jsse-nio-8550-exec-3] ERROR o.a.t.w.pojo.PojoEndpointBase - Failed to call onError method of POJO end point for POJO of type [com.mola.molachat.server.ChatServer]
java.lang.reflect.InvocationTargetException: null
	at sun.reflect.NativeMethodAccessorImpl.invoke0(Native Method)
	at sun.reflect.NativeMethodAccessorImpl.invoke(NativeMethodAccessorImpl.java:62)
	at sun.reflect.DelegatingMethodAccessorImpl.invoke(DelegatingMethodAccessorImpl.java:43)
	at java.lang.reflect.Method.invoke(Method.java:498)
	at org.apache.tomcat.websocket.pojo.PojoEndpointBase.onError(PojoEndpointBase.java:130)
	at org.apache.tomcat.websocket.pojo.PojoEndpointBase.handleOnOpenOrCloseError(PojoEndpointBase.java:90)
	at org.apache.tomcat.websocket.pojo.PojoEndpointBase.onClose(PojoEndpointBase.java:108)
	at org.apache.tomcat.websocket.WsSession.fireEndpointOnClose(WsSession.java:555)
	at org.apache.tomcat.websocket.WsSession.onClose(WsSession.java:533)
	at org.apache.tomcat.websocket.WsFrameBase.processDataControl(WsFrameBase.java:347)
	at org.apache.tomcat.websocket.WsFrameBase.processData(WsFrameBase.java:289)
	at org.apache.tomcat.websocket.WsFrameBase.processInputBuffer(WsFrameBase.java:133)
	at org.apache.tomcat.websocket.server.WsFrameServer.onDataAvailable(WsFrameServer.java:82)
	at org.apache.tomcat.websocket.server.WsFrameServer.doOnDataAvailable(WsFrameServer.java:171)
	at org.apache.tomcat.websocket.server.WsFrameServer.notifyDataAvailable(WsFrameServer.java:151)
	at org.apache.tomcat.websocket.server.WsHttpUpgradeHandler.upgradeDispatch(WsHttpUpgradeHandler.java:148)
	at org.apache.coyote.http11.upgrade.UpgradeProcessorInternal.dispatch(UpgradeProcessorInternal.java:54)
	at org.apache.coyote.AbstractProcessorLight.process(AbstractProcessorLight.java:53)
	at org.apache.coyote.AbstractProtocol$ConnectionHandler.process(AbstractProtocol.java:853)
	at org.apache.tomcat.util.net.NioEndpoint$SocketProcessor.doRun(NioEndpoint.java:1587)
	at org.apache.tomcat.util.net.SocketProcessorBase.run(SocketProcessorBase.java:49)
	at java.util.concurrent.ThreadPoolExecutor.runWorker(ThreadPoolExecutor.java:1149)
	at java.util.concurrent.ThreadPoolExecutor$Worker.run(ThreadPoolExecutor.java:624)
	at org.apache.tomcat.util.threads.TaskThread$WrappingRunnable.run(TaskThread.java:61)
	at java.lang.Thread.run(Thread.java:748)
Caused by: java.lang.IllegalStateException: Message will not be sent because the WebSocket session has been closed
	at org.apache.tomcat.websocket.WsRemoteEndpointImplBase.writeMessagePart(WsRemoteEndpointImplBase.java:425)
	at org.apache.tomcat.websocket.WsRemoteEndpointImplBase.sendMessageBlock(WsRemoteEndpointImplBase.java:309)
	at org.apache.tomcat.websocket.WsRemoteEndpointImplBase.sendMessageBlock(WsRemoteEndpointImplBase.java:250)
	at org.apache.tomcat.websocket.WsRemoteEndpointImplBase.sendString(WsRemoteEndpointImplBase.java:191)
	at org.apache.tomcat.websocket.WsRemoteEndpointImplBase.sendObject(WsRemoteEndpointImplBase.java:586)
	at org.apache.tomcat.websocket.WsRemoteEndpointBasic.sendObject(WsRemoteEndpointBasic.java:74)
	at com.mola.molachat.server.ChatServer.onError(ChatServer.java:231)
	... 25 common frames omitted
23:41:15.328 default [https-jsse-nio-8550-exec-8] ERROR o.a.c.c.C.[.[.[.[dispatcherServlet] - Servlet.service() for servlet [dispatcherServlet] in context with path [/chat] threw exception [Request processing failed; nested exception is java.lang.NullPointerException] with root cause
java.lang.NullPointerException: null
	at com.mola.molachat.data.impl.cache.SessionFactory.removeVideoSession(SessionFactory.java:149)
	at com.mola.molachat.service.impl.SessionServiceImpl.deleteVideoSession(SessionServiceImpl.java:207)
	at com.mola.molachat.service.impl.SessionServiceImpl$$FastClassBySpringCGLIB$$ad2398bf.invoke(<generated>)
	at org.springframework.cglib.proxy.MethodProxy.invoke(MethodProxy.java:218)
	at org.springframework.aop.framework.CglibAopProxy$CglibMethodInvocation.invokeJoinpoint(CglibAopProxy.java:749)
	at org.springframework.aop.framework.ReflectiveMethodInvocation.proceed(ReflectiveMethodInvocation.java:163)
	at org.springframework.aop.interceptor.ExposeInvocationInterceptor.invoke(ExposeInvocationInterceptor.java:93)
	at org.springframework.aop.framework.ReflectiveMethodInvocation.proceed(ReflectiveMethodInvocation.java:186)
	at org.springframework.aop.framework.CglibAopProxy$DynamicAdvisedInterceptor.intercept(CglibAopProxy.java:688)
	at com.mola.molachat.service.impl.SessionServiceImpl$$EnhancerBySpringCGLIB$$212983bd.deleteVideoSession(<generated>)
	at com.mola.molachat.server.ChatServer.onClose(ChatServer.java:125)
	at com.mola.molachat.controller.ChatterController.reconnect(ChatterController.java:209)
	at sun.reflect.NativeMethodAccessorImpl.invoke0(Native Method)
	at sun.reflect.NativeMethodAccessorImpl.invoke(NativeMethodAccessorImpl.java:62)
	at sun.reflect.DelegatingMethodAccessorImpl.invoke(DelegatingMethodAccessorImpl.java:43)
	at java.lang.reflect.Method.invoke(Method.java:498)
	at org.springframework.web.method.support.InvocableHandlerMethod.doInvoke(InvocableHandlerMethod.java:190)
	at org.springframework.web.method.support.InvocableHandlerMethod.invokeForRequest(InvocableHandlerMethod.java:138)
	at org.springframework.web.servlet.mvc.method.annotation.ServletInvocableHandlerMethod.invokeAndHandle(ServletInvocableHandlerMethod.java:104)
	at org.springframework.web.servlet.mvc.method.annotation.RequestMappingHandlerAdapter.invokeHandlerMethod(RequestMappingHandlerAdapter.java:892)
	at org.springframework.web.servlet.mvc.method.annotation.RequestMappingHandlerAdapter.handleInternal(RequestMappingHandlerAdapter.java:797)
	at org.springframework.web.servlet.mvc.method.AbstractHandlerMethodAdapter.handle(AbstractHandlerMethodAdapter.java:87)
	at org.springframework.web.servlet.DispatcherServlet.doDispatch(DispatcherServlet.java:1039)
	at org.springframework.web.servlet.DispatcherServlet.doService(DispatcherServlet.java:942)
	at org.springframework.web.servlet.FrameworkServlet.processRequest(FrameworkServlet.java:1005)
	at org.springframework.web.servlet.FrameworkServlet.doPost(FrameworkServlet.java:908)
	at javax.servlet.http.HttpServlet.service(HttpServlet.java:660)
	at org.springframework.web.servlet.FrameworkServlet.service(FrameworkServlet.java:882)
	at javax.servlet.http.HttpServlet.service(HttpServlet.java:741)
	at org.apache.catalina.core.ApplicationFilterChain.internalDoFilter(ApplicationFilterChain.java:231)
	at org.apache.catalina.core.ApplicationFilterChain.doFilter(ApplicationFilterChain.java:166)
	at org.apache.tomcat.websocket.server.WsFilter.doFilter(WsFilter.java:53)
	at org.apache.catalina.core.ApplicationFilterChain.internalDoFilter(ApplicationFilterChain.java:193)
	at org.apache.catalina.core.ApplicationFilterChain.doFilter(ApplicationFilterChain.java:166)
	at org.springframework.web.filter.CorsFilter.doFilterInternal(CorsFilter.java:96)
	at org.springframework.web.filter.OncePerRequestFilter.doFilter(OncePerRequestFilter.java:109)
	at org.apache.catalina.core.ApplicationFilterChain.internalDoFilter(ApplicationFilterChain.java:193)
	at org.apache.catalina.core.ApplicationFilterChain.doFilter(ApplicationFilterChain.java:166)
	at org.springframework.boot.actuate.web.trace.servlet.HttpTraceFilter.doFilterInternal(HttpTraceFilter.java:88)
	at org.springframework.web.filter.OncePerRequestFilter.doFilter(OncePerRequestFilter.java:109)
	at org.apache.catalina.core.ApplicationFilterChain.internalDoFilter(ApplicationFilterChain.java:193)
	at org.apache.catalina.core.ApplicationFilterChain.doFilter(ApplicationFilterChain.java:166)
	at org.springframework.web.filter.RequestContextFilter.doFilterInternal(RequestContextFilter.java:99)
	at org.springframework.web.filter.OncePerRequestFilter.doFilter(OncePerRequestFilter.java:109)
	at org.apache.catalina.core.ApplicationFilterChain.internalDoFilter(ApplicationFilterChain.java:193)
	at org.apache.catalina.core.ApplicationFilterChain.doFilter(ApplicationFilterChain.java:166)
	at org.springframework.web.filter.FormContentFilter.doFilterInternal(FormContentFilter.java:92)
	at org.springframework.web.filter.OncePerRequestFilter.doFilter(OncePerRequestFilter.java:109)
	at org.apache.catalina.core.ApplicationFilterChain.internalDoFilter(ApplicationFilterChain.java:193)
	at org.apache.catalina.core.ApplicationFilterChain.doFilter(ApplicationFilterChain.java:166)
	at org.springframework.web.filter.HiddenHttpMethodFilter.doFilterInternal(HiddenHttpMethodFilter.java:93)
	at org.springframework.web.filter.OncePerRequestFilter.doFilter(OncePerRequestFilter.java:109)
	at org.apache.catalina.core.ApplicationFilterChain.internalDoFilter(ApplicationFilterChain.java:193)
	at org.apache.catalina.core.ApplicationFilterChain.doFilter(ApplicationFilterChain.java:166)
	at org.springframework.boot.actuate.metrics.web.servlet.WebMvcMetricsFilter.filterAndRecordMetrics(WebMvcMetricsFilter.java:114)
	at org.springframework.boot.actuate.metrics.web.servlet.WebMvcMetricsFilter.doFilterInternal(WebMvcMetricsFilter.java:104)
	at org.springframework.web.filter.OncePerRequestFilter.doFilter(OncePerRequestFilter.java:109)
	at org.apache.catalina.core.ApplicationFilterChain.internalDoFilter(ApplicationFilterChain.java:193)
	at org.apache.catalina.core.ApplicationFilterChain.doFilter(ApplicationFilterChain.java:166)
	at org.springframework.web.filter.CharacterEncodingFilter.doFilterInternal(CharacterEncodingFilter.java:200)
	at org.springframework.web.filter.OncePerRequestFilter.doFilter(OncePerRequestFilter.java:109)
	at org.apache.catalina.core.ApplicationFilterChain.internalDoFilter(ApplicationFilterChain.java:193)
	at org.apache.catalina.core.ApplicationFilterChain.doFilter(ApplicationFilterChain.java:166)
	at org.apache.catalina.core.StandardWrapperValve.invoke(StandardWrapperValve.java:202)
	at org.apache.catalina.core.StandardContextValve.invoke(StandardContextValve.java:96)
	at org.apache.catalina.authenticator.AuthenticatorBase.invoke(AuthenticatorBase.java:490)
	at org.apache.catalina.core.StandardHostValve.invoke(StandardHostValve.java:139)
	at org.apache.catalina.valves.ErrorReportValve.invoke(ErrorReportValve.java:92)
	at org.apache.catalina.core.StandardEngineValve.invoke(StandardEngineValve.java:74)
	at org.apache.catalina.connector.CoyoteAdapter.service(CoyoteAdapter.java:343)
	at org.apache.coyote.http11.Http11Processor.service(Http11Processor.java:408)
	at org.apache.coyote.AbstractProcessorLight.process(AbstractProcessorLight.java:66)
	at org.apache.coyote.AbstractProtocol$ConnectionHandler.process(AbstractProtocol.java:853)
	at org.apache.tomcat.util.net.NioEndpoint$SocketProcessor.doRun(NioEndpoint.java:1587)
	at org.apache.tomcat.util.net.SocketProcessorBase.run(SocketProcessorBase.java:49)
	at java.util.concurrent.ThreadPoolExecutor.runWorker(ThreadPoolExecutor.java:1149)
	at java.util.concurrent.ThreadPoolExecutor$Worker.run(ThreadPoolExecutor.java:624)
	at org.apache.tomcat.util.threads.TaskThread$WrappingRunnable.run(TaskThread.java:61)
	at java.lang.Thread.run(Thread.java:748)
23:41:17.369 default [https-jsse-nio-8550-exec-7] ERROR o.a.t.w.pojo.PojoEndpointBase - Failed to call onClose method of POJO end point for POJO of type [com.mola.molachat.server.ChatServer]
java.lang.reflect.InvocationTargetException: null
	at sun.reflect.NativeMethodAccessorImpl.invoke0(Native Method)
	at sun.reflect.NativeMethodAccessorImpl.invoke(NativeMethodAccessorImpl.java:62)
	at sun.reflect.DelegatingMethodAccessorImpl.invoke(DelegatingMethodAccessorImpl.java:43)
	at java.lang.reflect.Method.invoke(Method.java:498)
	at org.apache.tomcat.websocket.pojo.PojoEndpointBase.onClose(PojoEndpointBase.java:103)
	at org.apache.tomcat.websocket.WsSession.fireEndpointOnClose(WsSession.java:555)
	at org.apache.tomcat.websocket.WsSession.onClose(WsSession.java:533)
	at org.apache.tomcat.websocket.server.WsHttpUpgradeHandler.close(WsHttpUpgradeHandler.java:232)
	at org.apache.tomcat.websocket.server.WsHttpUpgradeHandler.upgradeDispatch(WsHttpUpgradeHandler.java:150)
	at org.apache.coyote.http11.upgrade.UpgradeProcessorInternal.dispatch(UpgradeProcessorInternal.java:54)
	at org.apache.coyote.AbstractProcessorLight.process(AbstractProcessorLight.java:53)
	at org.apache.coyote.AbstractProtocol$ConnectionHandler.process(AbstractProtocol.java:853)
	at org.apache.tomcat.util.net.NioEndpoint$SocketProcessor.doRun(NioEndpoint.java:1587)
	at org.apache.tomcat.util.net.SocketProcessorBase.run(SocketProcessorBase.java:49)
	at java.util.concurrent.ThreadPoolExecutor.runWorker(ThreadPoolExecutor.java:1149)
	at java.util.concurrent.ThreadPoolExecutor$Worker.run(ThreadPoolExecutor.java:624)
	at org.apache.tomcat.util.threads.TaskThread$WrappingRunnable.run(TaskThread.java:61)
	at java.lang.Thread.run(Thread.java:748)
Caused by: java.lang.NullPointerException: null
	at com.mola.molachat.data.impl.cache.SessionFactory.removeVideoSession(SessionFactory.java:149)
	at com.mola.molachat.service.impl.SessionServiceImpl.deleteVideoSession(SessionServiceImpl.java:207)
	at com.mola.molachat.service.impl.SessionServiceImpl$$FastClassBySpringCGLIB$$ad2398bf.invoke(<generated>)
	at org.springframework.cglib.proxy.MethodProxy.invoke(MethodProxy.java:218)
	at org.springframework.aop.framework.CglibAopProxy$CglibMethodInvocation.invokeJoinpoint(CglibAopProxy.java:749)
	at org.springframework.aop.framework.ReflectiveMethodInvocation.proceed(ReflectiveMethodInvocation.java:163)
	at org.springframework.aop.interceptor.ExposeInvocationInterceptor.invoke(ExposeInvocationInterceptor.java:93)
	at org.springframework.aop.framework.ReflectiveMethodInvocation.proceed(ReflectiveMethodInvocation.java:186)
	at org.springframework.aop.framework.CglibAopProxy$DynamicAdvisedInterceptor.intercept(CglibAopProxy.java:688)
	at com.mola.molachat.service.impl.SessionServiceImpl$$EnhancerBySpringCGLIB$$212983bd.deleteVideoSession(<generated>)
	at com.mola.molachat.server.ChatServer.onClose(ChatServer.java:125)
	... 18 common frames omitted
23:41:17.372 default [https-jsse-nio-8550-exec-7] ERROR o.a.t.w.pojo.PojoEndpointBase - Failed to call onError method of POJO end point for POJO of type [com.mola.molachat.server.ChatServer]
java.lang.reflect.InvocationTargetException: null
	at sun.reflect.NativeMethodAccessorImpl.invoke0(Native Method)
	at sun.reflect.NativeMethodAccessorImpl.invoke(NativeMethodAccessorImpl.java:62)
	at sun.reflect.DelegatingMethodAccessorImpl.invoke(DelegatingMethodAccessorImpl.java:43)
	at java.lang.reflect.Method.invoke(Method.java:498)
	at org.apache.tomcat.websocket.pojo.PojoEndpointBase.onError(PojoEndpointBase.java:130)
	at org.apache.tomcat.websocket.pojo.PojoEndpointBase.handleOnOpenOrCloseError(PojoEndpointBase.java:90)
	at org.apache.tomcat.websocket.pojo.PojoEndpointBase.onClose(PojoEndpointBase.java:108)
	at org.apache.tomcat.websocket.WsSession.fireEndpointOnClose(WsSession.java:555)
	at org.apache.tomcat.websocket.WsSession.onClose(WsSession.java:533)
	at org.apache.tomcat.websocket.server.WsHttpUpgradeHandler.close(WsHttpUpgradeHandler.java:232)
	at org.apache.tomcat.websocket.server.WsHttpUpgradeHandler.upgradeDispatch(WsHttpUpgradeHandler.java:150)
	at org.apache.coyote.http11.upgrade.UpgradeProcessorInternal.dispatch(UpgradeProcessorInternal.java:54)
	at org.apache.coyote.AbstractProcessorLight.process(AbstractProcessorLight.java:53)
	at org.apache.coyote.AbstractProtocol$ConnectionHandler.process(AbstractProtocol.java:853)
	at org.apache.tomcat.util.net.NioEndpoint$SocketProcessor.doRun(NioEndpoint.java:1587)
	at org.apache.tomcat.util.net.SocketProcessorBase.run(SocketProcessorBase.java:49)
	at java.util.concurrent.ThreadPoolExecutor.runWorker(ThreadPoolExecutor.java:1149)
	at java.util.concurrent.ThreadPoolExecutor$Worker.run(ThreadPoolExecutor.java:624)
	at org.apache.tomcat.util.threads.TaskThread$WrappingRunnable.run(TaskThread.java:61)
	at java.lang.Thread.run(Thread.java:748)
Caused by: java.lang.IllegalStateException: Message will not be sent because the WebSocket session has been closed
	at org.apache.tomcat.websocket.WsRemoteEndpointImplBase.writeMessagePart(WsRemoteEndpointImplBase.java:425)
	at org.apache.tomcat.websocket.WsRemoteEndpointImplBase.sendMessageBlock(WsRemoteEndpointImplBase.java:309)
	at org.apache.tomcat.websocket.WsRemoteEndpointImplBase.sendMessageBlock(WsRemoteEndpointImplBase.java:250)
	at org.apache.tomcat.websocket.WsRemoteEndpointImplBase.sendString(WsRemoteEndpointImplBase.java:191)
	at org.apache.tomcat.websocket.WsRemoteEndpointImplBase.sendObject(WsRemoteEndpointImplBase.java:586)
	at org.apache.tomcat.websocket.WsRemoteEndpointBasic.sendObject(WsRemoteEndpointBasic.java:74)
	at com.mola.molachat.server.ChatServer.onError(ChatServer.java:231)
	... 20 common frames omitted
23:42:05.723 default [https-jsse-nio-8550-exec-6] ERROR o.a.t.w.pojo.PojoEndpointBase - Failed to call onClose method of POJO end point for POJO of type [com.mola.molachat.server.ChatServer]
java.lang.reflect.InvocationTargetException: null
	at sun.reflect.NativeMethodAccessorImpl.invoke0(Native Method)
	at sun.reflect.NativeMethodAccessorImpl.invoke(NativeMethodAccessorImpl.java:62)
	at sun.reflect.DelegatingMethodAccessorImpl.invoke(DelegatingMethodAccessorImpl.java:43)
	at java.lang.reflect.Method.invoke(Method.java:498)
	at org.apache.tomcat.websocket.pojo.PojoEndpointBase.onClose(PojoEndpointBase.java:103)
	at org.apache.tomcat.websocket.WsSession.fireEndpointOnClose(WsSession.java:555)
	at org.apache.tomcat.websocket.WsSession.onClose(WsSession.java:533)
	at org.apache.tomcat.websocket.WsFrameBase.processDataControl(WsFrameBase.java:347)
	at org.apache.tomcat.websocket.WsFrameBase.processData(WsFrameBase.java:289)
	at org.apache.tomcat.websocket.WsFrameBase.processInputBuffer(WsFrameBase.java:133)
	at org.apache.tomcat.websocket.server.WsFrameServer.onDataAvailable(WsFrameServer.java:82)
	at org.apache.tomcat.websocket.server.WsFrameServer.doOnDataAvailable(WsFrameServer.java:171)
	at org.apache.tomcat.websocket.server.WsFrameServer.notifyDataAvailable(WsFrameServer.java:151)
	at org.apache.tomcat.websocket.server.WsHttpUpgradeHandler.upgradeDispatch(WsHttpUpgradeHandler.java:148)
	at org.apache.coyote.http11.upgrade.UpgradeProcessorInternal.dispatch(UpgradeProcessorInternal.java:54)
	at org.apache.coyote.AbstractProcessorLight.process(AbstractProcessorLight.java:53)
	at org.apache.coyote.AbstractProtocol$ConnectionHandler.process(AbstractProtocol.java:853)
	at org.apache.tomcat.util.net.NioEndpoint$SocketProcessor.doRun(NioEndpoint.java:1587)
	at org.apache.tomcat.util.net.SocketProcessorBase.run(SocketProcessorBase.java:49)
	at java.util.concurrent.ThreadPoolExecutor.runWorker(ThreadPoolExecutor.java:1149)
	at java.util.concurrent.ThreadPoolExecutor$Worker.run(ThreadPoolExecutor.java:624)
	at org.apache.tomcat.util.threads.TaskThread$WrappingRunnable.run(TaskThread.java:61)
	at java.lang.Thread.run(Thread.java:748)
Caused by: java.lang.NullPointerException: null
	at com.mola.molachat.data.impl.cache.SessionFactory.removeVideoSession(SessionFactory.java:149)
	at com.mola.molachat.service.impl.SessionServiceImpl.deleteVideoSession(SessionServiceImpl.java:207)
	at com.mola.molachat.service.impl.SessionServiceImpl$$FastClassBySpringCGLIB$$ad2398bf.invoke(<generated>)
	at org.springframework.cglib.proxy.MethodProxy.invoke(MethodProxy.java:218)
	at org.springframework.aop.framework.CglibAopProxy$CglibMethodInvocation.invokeJoinpoint(CglibAopProxy.java:749)
	at org.springframework.aop.framework.ReflectiveMethodInvocation.proceed(ReflectiveMethodInvocation.java:163)
	at org.springframework.aop.interceptor.ExposeInvocationInterceptor.invoke(ExposeInvocationInterceptor.java:93)
	at org.springframework.aop.framework.ReflectiveMethodInvocation.proceed(ReflectiveMethodInvocation.java:186)
	at org.springframework.aop.framework.CglibAopProxy$DynamicAdvisedInterceptor.intercept(CglibAopProxy.java:688)
	at com.mola.molachat.service.impl.SessionServiceImpl$$EnhancerBySpringCGLIB$$212983bd.deleteVideoSession(<generated>)
	at com.mola.molachat.server.ChatServer.onClose(ChatServer.java:125)
	... 23 common frames omitted
23:42:05.743 default [https-jsse-nio-8550-exec-6] ERROR o.a.t.w.pojo.PojoEndpointBase - Failed to call onError method of POJO end point for POJO of type [com.mola.molachat.server.ChatServer]
java.lang.reflect.InvocationTargetException: null
	at sun.reflect.NativeMethodAccessorImpl.invoke0(Native Method)
	at sun.reflect.NativeMethodAccessorImpl.invoke(NativeMethodAccessorImpl.java:62)
	at sun.reflect.DelegatingMethodAccessorImpl.invoke(DelegatingMethodAccessorImpl.java:43)
	at java.lang.reflect.Method.invoke(Method.java:498)
	at org.apache.tomcat.websocket.pojo.PojoEndpointBase.onError(PojoEndpointBase.java:130)
	at org.apache.tomcat.websocket.pojo.PojoEndpointBase.handleOnOpenOrCloseError(PojoEndpointBase.java:90)
	at org.apache.tomcat.websocket.pojo.PojoEndpointBase.onClose(PojoEndpointBase.java:108)
	at org.apache.tomcat.websocket.WsSession.fireEndpointOnClose(WsSession.java:555)
	at org.apache.tomcat.websocket.WsSession.onClose(WsSession.java:533)
	at org.apache.tomcat.websocket.WsFrameBase.processDataControl(WsFrameBase.java:347)
	at org.apache.tomcat.websocket.WsFrameBase.processData(WsFrameBase.java:289)
	at org.apache.tomcat.websocket.WsFrameBase.processInputBuffer(WsFrameBase.java:133)
	at org.apache.tomcat.websocket.server.WsFrameServer.onDataAvailable(WsFrameServer.java:82)
	at org.apache.tomcat.websocket.server.WsFrameServer.doOnDataAvailable(WsFrameServer.java:171)
	at org.apache.tomcat.websocket.server.WsFrameServer.notifyDataAvailable(WsFrameServer.java:151)
	at org.apache.tomcat.websocket.server.WsHttpUpgradeHandler.upgradeDispatch(WsHttpUpgradeHandler.java:148)
	at org.apache.coyote.http11.upgrade.UpgradeProcessorInternal.dispatch(UpgradeProcessorInternal.java:54)
	at org.apache.coyote.AbstractProcessorLight.process(AbstractProcessorLight.java:53)
	at org.apache.coyote.AbstractProtocol$ConnectionHandler.process(AbstractProtocol.java:853)
	at org.apache.tomcat.util.net.NioEndpoint$SocketProcessor.doRun(NioEndpoint.java:1587)
	at org.apache.tomcat.util.net.SocketProcessorBase.run(SocketProcessorBase.java:49)
	at java.util.concurrent.ThreadPoolExecutor.runWorker(ThreadPoolExecutor.java:1149)
	at java.util.concurrent.ThreadPoolExecutor$Worker.run(ThreadPoolExecutor.java:624)
	at org.apache.tomcat.util.threads.TaskThread$WrappingRunnable.run(TaskThread.java:61)
	at java.lang.Thread.run(Thread.java:748)
Caused by: java.lang.IllegalStateException: Message will not be sent because the WebSocket session has been closed
	at org.apache.tomcat.websocket.WsRemoteEndpointImplBase.writeMessagePart(WsRemoteEndpointImplBase.java:425)
	at org.apache.tomcat.websocket.WsRemoteEndpointImplBase.sendMessageBlock(WsRemoteEndpointImplBase.java:309)
	at org.apache.tomcat.websocket.WsRemoteEndpointImplBase.sendMessageBlock(WsRemoteEndpointImplBase.java:250)
	at org.apache.tomcat.websocket.WsRemoteEndpointImplBase.sendString(WsRemoteEndpointImplBase.java:191)
	at org.apache.tomcat.websocket.WsRemoteEndpointImplBase.sendObject(WsRemoteEndpointImplBase.java:586)
	at org.apache.tomcat.websocket.WsRemoteEndpointBasic.sendObject(WsRemoteEndpointBasic.java:74)
	at com.mola.molachat.server.ChatServer.onError(ChatServer.java:231)
	... 25 common frames omitted
23:42:10.817 default [https-jsse-nio-8550-exec-5] ERROR o.a.t.w.pojo.PojoEndpointBase - Failed to call onClose method of POJO end point for POJO of type [com.mola.molachat.server.ChatServer]
java.lang.reflect.InvocationTargetException: null
	at sun.reflect.NativeMethodAccessorImpl.invoke0(Native Method)
	at sun.reflect.NativeMethodAccessorImpl.invoke(NativeMethodAccessorImpl.java:62)
	at sun.reflect.DelegatingMethodAccessorImpl.invoke(DelegatingMethodAccessorImpl.java:43)
	at java.lang.reflect.Method.invoke(Method.java:498)
	at org.apache.tomcat.websocket.pojo.PojoEndpointBase.onClose(PojoEndpointBase.java:103)
	at org.apache.tomcat.websocket.WsSession.fireEndpointOnClose(WsSession.java:555)
	at org.apache.tomcat.websocket.WsSession.onClose(WsSession.java:533)
	at org.apache.tomcat.websocket.WsFrameBase.processDataControl(WsFrameBase.java:347)
	at org.apache.tomcat.websocket.WsFrameBase.processData(WsFrameBase.java:289)
	at org.apache.tomcat.websocket.WsFrameBase.processInputBuffer(WsFrameBase.java:133)
	at org.apache.tomcat.websocket.server.WsFrameServer.onDataAvailable(WsFrameServer.java:82)
	at org.apache.tomcat.websocket.server.WsFrameServer.doOnDataAvailable(WsFrameServer.java:171)
	at org.apache.tomcat.websocket.server.WsFrameServer.notifyDataAvailable(WsFrameServer.java:151)
	at org.apache.tomcat.websocket.server.WsHttpUpgradeHandler.upgradeDispatch(WsHttpUpgradeHandler.java:148)
	at org.apache.coyote.http11.upgrade.UpgradeProcessorInternal.dispatch(UpgradeProcessorInternal.java:54)
	at org.apache.coyote.AbstractProcessorLight.process(AbstractProcessorLight.java:53)
	at org.apache.coyote.AbstractProtocol$ConnectionHandler.process(AbstractProtocol.java:853)
	at org.apache.tomcat.util.net.NioEndpoint$SocketProcessor.doRun(NioEndpoint.java:1587)
	at org.apache.tomcat.util.net.SocketProcessorBase.run(SocketProcessorBase.java:49)
	at java.util.concurrent.ThreadPoolExecutor.runWorker(ThreadPoolExecutor.java:1149)
	at java.util.concurrent.ThreadPoolExecutor$Worker.run(ThreadPoolExecutor.java:624)
	at org.apache.tomcat.util.threads.TaskThread$WrappingRunnable.run(TaskThread.java:61)
	at java.lang.Thread.run(Thread.java:748)
Caused by: java.lang.NullPointerException: null
	at com.mola.molachat.data.impl.cache.SessionFactory.removeVideoSession(SessionFactory.java:149)
	at com.mola.molachat.service.impl.SessionServiceImpl.deleteVideoSession(SessionServiceImpl.java:207)
	at com.mola.molachat.service.impl.SessionServiceImpl$$FastClassBySpringCGLIB$$ad2398bf.invoke(<generated>)
	at org.springframework.cglib.proxy.MethodProxy.invoke(MethodProxy.java:218)
	at org.springframework.aop.framework.CglibAopProxy$CglibMethodInvocation.invokeJoinpoint(CglibAopProxy.java:749)
	at org.springframework.aop.framework.ReflectiveMethodInvocation.proceed(ReflectiveMethodInvocation.java:163)
	at org.springframework.aop.interceptor.ExposeInvocationInterceptor.invoke(ExposeInvocationInterceptor.java:93)
	at org.springframework.aop.framework.ReflectiveMethodInvocation.proceed(ReflectiveMethodInvocation.java:186)
	at org.springframework.aop.framework.CglibAopProxy$DynamicAdvisedInterceptor.intercept(CglibAopProxy.java:688)
	at com.mola.molachat.service.impl.SessionServiceImpl$$EnhancerBySpringCGLIB$$212983bd.deleteVideoSession(<generated>)
	at com.mola.molachat.server.ChatServer.onClose(ChatServer.java:125)
	... 23 common frames omitted
23:42:10.819 default [https-jsse-nio-8550-exec-5] ERROR o.a.t.w.pojo.PojoEndpointBase - Failed to call onError method of POJO end point for POJO of type [com.mola.molachat.server.ChatServer]
java.lang.reflect.InvocationTargetException: null
	at sun.reflect.NativeMethodAccessorImpl.invoke0(Native Method)
	at sun.reflect.NativeMethodAccessorImpl.invoke(NativeMethodAccessorImpl.java:62)
	at sun.reflect.DelegatingMethodAccessorImpl.invoke(DelegatingMethodAccessorImpl.java:43)
	at java.lang.reflect.Method.invoke(Method.java:498)
	at org.apache.tomcat.websocket.pojo.PojoEndpointBase.onError(PojoEndpointBase.java:130)
	at org.apache.tomcat.websocket.pojo.PojoEndpointBase.handleOnOpenOrCloseError(PojoEndpointBase.java:90)
	at org.apache.tomcat.websocket.pojo.PojoEndpointBase.onClose(PojoEndpointBase.java:108)
	at org.apache.tomcat.websocket.WsSession.fireEndpointOnClose(WsSession.java:555)
	at org.apache.tomcat.websocket.WsSession.onClose(WsSession.java:533)
	at org.apache.tomcat.websocket.WsFrameBase.processDataControl(WsFrameBase.java:347)
	at org.apache.tomcat.websocket.WsFrameBase.processData(WsFrameBase.java:289)
	at org.apache.tomcat.websocket.WsFrameBase.processInputBuffer(WsFrameBase.java:133)
	at org.apache.tomcat.websocket.server.WsFrameServer.onDataAvailable(WsFrameServer.java:82)
	at org.apache.tomcat.websocket.server.WsFrameServer.doOnDataAvailable(WsFrameServer.java:171)
	at org.apache.tomcat.websocket.server.WsFrameServer.notifyDataAvailable(WsFrameServer.java:151)
	at org.apache.tomcat.websocket.server.WsHttpUpgradeHandler.upgradeDispatch(WsHttpUpgradeHandler.java:148)
	at org.apache.coyote.http11.upgrade.UpgradeProcessorInternal.dispatch(UpgradeProcessorInternal.java:54)
	at org.apache.coyote.AbstractProcessorLight.process(AbstractProcessorLight.java:53)
	at org.apache.coyote.AbstractProtocol$ConnectionHandler.process(AbstractProtocol.java:853)
	at org.apache.tomcat.util.net.NioEndpoint$SocketProcessor.doRun(NioEndpoint.java:1587)
	at org.apache.tomcat.util.net.SocketProcessorBase.run(SocketProcessorBase.java:49)
	at java.util.concurrent.ThreadPoolExecutor.runWorker(ThreadPoolExecutor.java:1149)
	at java.util.concurrent.ThreadPoolExecutor$Worker.run(ThreadPoolExecutor.java:624)
	at org.apache.tomcat.util.threads.TaskThread$WrappingRunnable.run(TaskThread.java:61)
	at java.lang.Thread.run(Thread.java:748)
Caused by: java.lang.IllegalStateException: Message will not be sent because the WebSocket session has been closed
	at org.apache.tomcat.websocket.WsRemoteEndpointImplBase.writeMessagePart(WsRemoteEndpointImplBase.java:425)
	at org.apache.tomcat.websocket.WsRemoteEndpointImplBase.sendMessageBlock(WsRemoteEndpointImplBase.java:309)
	at org.apache.tomcat.websocket.WsRemoteEndpointImplBase.sendMessageBlock(WsRemoteEndpointImplBase.java:250)
	at org.apache.tomcat.websocket.WsRemoteEndpointImplBase.sendString(WsRemoteEndpointImplBase.java:191)
	at org.apache.tomcat.websocket.WsRemoteEndpointImplBase.sendObject(WsRemoteEndpointImplBase.java:586)
	at org.apache.tomcat.websocket.WsRemoteEndpointBasic.sendObject(WsRemoteEndpointBasic.java:74)
	at com.mola.molachat.server.ChatServer.onError(ChatServer.java:231)
	... 25 common frames omitted
23:44:35.481 default [https-jsse-nio-8550-exec-10] ERROR o.a.t.w.pojo.PojoEndpointBase - Failed to call onClose method of POJO end point for POJO of type [com.mola.molachat.server.ChatServer]
java.lang.reflect.InvocationTargetException: null
	at sun.reflect.NativeMethodAccessorImpl.invoke0(Native Method)
	at sun.reflect.NativeMethodAccessorImpl.invoke(NativeMethodAccessorImpl.java:62)
	at sun.reflect.DelegatingMethodAccessorImpl.invoke(DelegatingMethodAccessorImpl.java:43)
	at java.lang.reflect.Method.invoke(Method.java:498)
	at org.apache.tomcat.websocket.pojo.PojoEndpointBase.onClose(PojoEndpointBase.java:103)
	at org.apache.tomcat.websocket.WsSession.fireEndpointOnClose(WsSession.java:555)
	at org.apache.tomcat.websocket.WsSession.onClose(WsSession.java:533)
	at org.apache.tomcat.websocket.WsFrameBase.processDataControl(WsFrameBase.java:347)
	at org.apache.tomcat.websocket.WsFrameBase.processData(WsFrameBase.java:289)
	at org.apache.tomcat.websocket.WsFrameBase.processInputBuffer(WsFrameBase.java:133)
	at org.apache.tomcat.websocket.server.WsFrameServer.onDataAvailable(WsFrameServer.java:82)
	at org.apache.tomcat.websocket.server.WsFrameServer.doOnDataAvailable(WsFrameServer.java:171)
	at org.apache.tomcat.websocket.server.WsFrameServer.notifyDataAvailable(WsFrameServer.java:151)
	at org.apache.tomcat.websocket.server.WsHttpUpgradeHandler.upgradeDispatch(WsHttpUpgradeHandler.java:148)
	at org.apache.coyote.http11.upgrade.UpgradeProcessorInternal.dispatch(UpgradeProcessorInternal.java:54)
	at org.apache.coyote.AbstractProcessorLight.process(AbstractProcessorLight.java:53)
	at org.apache.coyote.AbstractProtocol$ConnectionHandler.process(AbstractProtocol.java:853)
	at org.apache.tomcat.util.net.NioEndpoint$SocketProcessor.doRun(NioEndpoint.java:1587)
	at org.apache.tomcat.util.net.SocketProcessorBase.run(SocketProcessorBase.java:49)
	at java.util.concurrent.ThreadPoolExecutor.runWorker(ThreadPoolExecutor.java:1149)
	at java.util.concurrent.ThreadPoolExecutor$Worker.run(ThreadPoolExecutor.java:624)
	at org.apache.tomcat.util.threads.TaskThread$WrappingRunnable.run(TaskThread.java:61)
	at java.lang.Thread.run(Thread.java:748)
Caused by: java.lang.NullPointerException: null
	at com.mola.molachat.data.impl.cache.SessionFactory.removeVideoSession(SessionFactory.java:149)
	at com.mola.molachat.service.impl.SessionServiceImpl.deleteVideoSession(SessionServiceImpl.java:207)
	at com.mola.molachat.service.impl.SessionServiceImpl$$FastClassBySpringCGLIB$$ad2398bf.invoke(<generated>)
	at org.springframework.cglib.proxy.MethodProxy.invoke(MethodProxy.java:218)
	at org.springframework.aop.framework.CglibAopProxy$CglibMethodInvocation.invokeJoinpoint(CglibAopProxy.java:749)
	at org.springframework.aop.framework.ReflectiveMethodInvocation.proceed(ReflectiveMethodInvocation.java:163)
	at org.springframework.aop.interceptor.ExposeInvocationInterceptor.invoke(ExposeInvocationInterceptor.java:93)
	at org.springframework.aop.framework.ReflectiveMethodInvocation.proceed(ReflectiveMethodInvocation.java:186)
	at org.springframework.aop.framework.CglibAopProxy$DynamicAdvisedInterceptor.intercept(CglibAopProxy.java:688)
	at com.mola.molachat.service.impl.SessionServiceImpl$$EnhancerBySpringCGLIB$$51b2ee65.deleteVideoSession(<generated>)
	at com.mola.molachat.server.ChatServer.onClose(ChatServer.java:125)
	... 23 common frames omitted
23:44:35.483 default [https-jsse-nio-8550-exec-10] ERROR o.a.t.w.pojo.PojoEndpointBase - Failed to call onError method of POJO end point for POJO of type [com.mola.molachat.server.ChatServer]
java.lang.reflect.InvocationTargetException: null
	at sun.reflect.NativeMethodAccessorImpl.invoke0(Native Method)
	at sun.reflect.NativeMethodAccessorImpl.invoke(NativeMethodAccessorImpl.java:62)
	at sun.reflect.DelegatingMethodAccessorImpl.invoke(DelegatingMethodAccessorImpl.java:43)
	at java.lang.reflect.Method.invoke(Method.java:498)
	at org.apache.tomcat.websocket.pojo.PojoEndpointBase.onError(PojoEndpointBase.java:130)
	at org.apache.tomcat.websocket.pojo.PojoEndpointBase.handleOnOpenOrCloseError(PojoEndpointBase.java:90)
	at org.apache.tomcat.websocket.pojo.PojoEndpointBase.onClose(PojoEndpointBase.java:108)
	at org.apache.tomcat.websocket.WsSession.fireEndpointOnClose(WsSession.java:555)
	at org.apache.tomcat.websocket.WsSession.onClose(WsSession.java:533)
	at org.apache.tomcat.websocket.WsFrameBase.processDataControl(WsFrameBase.java:347)
	at org.apache.tomcat.websocket.WsFrameBase.processData(WsFrameBase.java:289)
	at org.apache.tomcat.websocket.WsFrameBase.processInputBuffer(WsFrameBase.java:133)
	at org.apache.tomcat.websocket.server.WsFrameServer.onDataAvailable(WsFrameServer.java:82)
	at org.apache.tomcat.websocket.server.WsFrameServer.doOnDataAvailable(WsFrameServer.java:171)
	at org.apache.tomcat.websocket.server.WsFrameServer.notifyDataAvailable(WsFrameServer.java:151)
	at org.apache.tomcat.websocket.server.WsHttpUpgradeHandler.upgradeDispatch(WsHttpUpgradeHandler.java:148)
	at org.apache.coyote.http11.upgrade.UpgradeProcessorInternal.dispatch(UpgradeProcessorInternal.java:54)
	at org.apache.coyote.AbstractProcessorLight.process(AbstractProcessorLight.java:53)
	at org.apache.coyote.AbstractProtocol$ConnectionHandler.process(AbstractProtocol.java:853)
	at org.apache.tomcat.util.net.NioEndpoint$SocketProcessor.doRun(NioEndpoint.java:1587)
	at org.apache.tomcat.util.net.SocketProcessorBase.run(SocketProcessorBase.java:49)
	at java.util.concurrent.ThreadPoolExecutor.runWorker(ThreadPoolExecutor.java:1149)
	at java.util.concurrent.ThreadPoolExecutor$Worker.run(ThreadPoolExecutor.java:624)
	at org.apache.tomcat.util.threads.TaskThread$WrappingRunnable.run(TaskThread.java:61)
	at java.lang.Thread.run(Thread.java:748)
Caused by: java.lang.IllegalStateException: Message will not be sent because the WebSocket session has been closed
	at org.apache.tomcat.websocket.WsRemoteEndpointImplBase.writeMessagePart(WsRemoteEndpointImplBase.java:425)
	at org.apache.tomcat.websocket.WsRemoteEndpointImplBase.sendMessageBlock(WsRemoteEndpointImplBase.java:309)
	at org.apache.tomcat.websocket.WsRemoteEndpointImplBase.sendMessageBlock(WsRemoteEndpointImplBase.java:250)
	at org.apache.tomcat.websocket.WsRemoteEndpointImplBase.sendString(WsRemoteEndpointImplBase.java:191)
	at org.apache.tomcat.websocket.WsRemoteEndpointImplBase.sendObject(WsRemoteEndpointImplBase.java:586)
	at org.apache.tomcat.websocket.WsRemoteEndpointBasic.sendObject(WsRemoteEndpointBasic.java:74)
	at com.mola.molachat.server.ChatServer.onError(ChatServer.java:231)
	... 25 common frames omitted
23:46:06.282 default [https-jsse-nio-8550-exec-6] ERROR o.a.t.w.pojo.PojoEndpointBase - Failed to call onClose method of POJO end point for POJO of type [com.mola.molachat.server.ChatServer]
java.lang.reflect.InvocationTargetException: null
	at sun.reflect.NativeMethodAccessorImpl.invoke0(Native Method)
	at sun.reflect.NativeMethodAccessorImpl.invoke(NativeMethodAccessorImpl.java:62)
	at sun.reflect.DelegatingMethodAccessorImpl.invoke(DelegatingMethodAccessorImpl.java:43)
	at java.lang.reflect.Method.invoke(Method.java:498)
	at org.apache.tomcat.websocket.pojo.PojoEndpointBase.onClose(PojoEndpointBase.java:103)
	at org.apache.tomcat.websocket.WsSession.fireEndpointOnClose(WsSession.java:555)
	at org.apache.tomcat.websocket.WsSession.onClose(WsSession.java:533)
	at org.apache.tomcat.websocket.WsFrameBase.processDataControl(WsFrameBase.java:347)
	at org.apache.tomcat.websocket.WsFrameBase.processData(WsFrameBase.java:289)
	at org.apache.tomcat.websocket.WsFrameBase.processInputBuffer(WsFrameBase.java:133)
	at org.apache.tomcat.websocket.server.WsFrameServer.onDataAvailable(WsFrameServer.java:82)
	at org.apache.tomcat.websocket.server.WsFrameServer.doOnDataAvailable(WsFrameServer.java:171)
	at org.apache.tomcat.websocket.server.WsFrameServer.notifyDataAvailable(WsFrameServer.java:151)
	at org.apache.tomcat.websocket.server.WsHttpUpgradeHandler.upgradeDispatch(WsHttpUpgradeHandler.java:148)
	at org.apache.coyote.http11.upgrade.UpgradeProcessorInternal.dispatch(UpgradeProcessorInternal.java:54)
	at org.apache.coyote.AbstractProcessorLight.process(AbstractProcessorLight.java:53)
	at org.apache.coyote.AbstractProtocol$ConnectionHandler.process(AbstractProtocol.java:853)
	at org.apache.tomcat.util.net.NioEndpoint$SocketProcessor.doRun(NioEndpoint.java:1587)
	at org.apache.tomcat.util.net.SocketProcessorBase.run(SocketProcessorBase.java:49)
	at java.util.concurrent.ThreadPoolExecutor.runWorker(ThreadPoolExecutor.java:1149)
	at java.util.concurrent.ThreadPoolExecutor$Worker.run(ThreadPoolExecutor.java:624)
	at org.apache.tomcat.util.threads.TaskThread$WrappingRunnable.run(TaskThread.java:61)
	at java.lang.Thread.run(Thread.java:748)
Caused by: java.lang.NullPointerException: null
	at com.mola.molachat.data.impl.cache.SessionFactory.removeVideoSession(SessionFactory.java:149)
	at com.mola.molachat.service.impl.SessionServiceImpl.deleteVideoSession(SessionServiceImpl.java:207)
	at com.mola.molachat.service.impl.SessionServiceImpl$$FastClassBySpringCGLIB$$ad2398bf.invoke(<generated>)
	at org.springframework.cglib.proxy.MethodProxy.invoke(MethodProxy.java:218)
	at org.springframework.aop.framework.CglibAopProxy$CglibMethodInvocation.invokeJoinpoint(CglibAopProxy.java:749)
	at org.springframework.aop.framework.ReflectiveMethodInvocation.proceed(ReflectiveMethodInvocation.java:163)
	at org.springframework.aop.interceptor.ExposeInvocationInterceptor.invoke(ExposeInvocationInterceptor.java:93)
	at org.springframework.aop.framework.ReflectiveMethodInvocation.proceed(ReflectiveMethodInvocation.java:186)
	at org.springframework.aop.framework.CglibAopProxy$DynamicAdvisedInterceptor.intercept(CglibAopProxy.java:688)
	at com.mola.molachat.service.impl.SessionServiceImpl$$EnhancerBySpringCGLIB$$51b2ee65.deleteVideoSession(<generated>)
	at com.mola.molachat.server.ChatServer.onClose(ChatServer.java:125)
	... 23 common frames omitted
23:46:06.286 default [https-jsse-nio-8550-exec-6] ERROR o.a.t.w.pojo.PojoEndpointBase - Failed to call onError method of POJO end point for POJO of type [com.mola.molachat.server.ChatServer]
java.lang.reflect.InvocationTargetException: null
	at sun.reflect.NativeMethodAccessorImpl.invoke0(Native Method)
	at sun.reflect.NativeMethodAccessorImpl.invoke(NativeMethodAccessorImpl.java:62)
	at sun.reflect.DelegatingMethodAccessorImpl.invoke(DelegatingMethodAccessorImpl.java:43)
	at java.lang.reflect.Method.invoke(Method.java:498)
	at org.apache.tomcat.websocket.pojo.PojoEndpointBase.onError(PojoEndpointBase.java:130)
	at org.apache.tomcat.websocket.pojo.PojoEndpointBase.handleOnOpenOrCloseError(PojoEndpointBase.java:90)
	at org.apache.tomcat.websocket.pojo.PojoEndpointBase.onClose(PojoEndpointBase.java:108)
	at org.apache.tomcat.websocket.WsSession.fireEndpointOnClose(WsSession.java:555)
	at org.apache.tomcat.websocket.WsSession.onClose(WsSession.java:533)
	at org.apache.tomcat.websocket.WsFrameBase.processDataControl(WsFrameBase.java:347)
	at org.apache.tomcat.websocket.WsFrameBase.processData(WsFrameBase.java:289)
	at org.apache.tomcat.websocket.WsFrameBase.processInputBuffer(WsFrameBase.java:133)
	at org.apache.tomcat.websocket.server.WsFrameServer.onDataAvailable(WsFrameServer.java:82)
	at org.apache.tomcat.websocket.server.WsFrameServer.doOnDataAvailable(WsFrameServer.java:171)
	at org.apache.tomcat.websocket.server.WsFrameServer.notifyDataAvailable(WsFrameServer.java:151)
	at org.apache.tomcat.websocket.server.WsHttpUpgradeHandler.upgradeDispatch(WsHttpUpgradeHandler.java:148)
	at org.apache.coyote.http11.upgrade.UpgradeProcessorInternal.dispatch(UpgradeProcessorInternal.java:54)
	at org.apache.coyote.AbstractProcessorLight.process(AbstractProcessorLight.java:53)
	at org.apache.coyote.AbstractProtocol$ConnectionHandler.process(AbstractProtocol.java:853)
	at org.apache.tomcat.util.net.NioEndpoint$SocketProcessor.doRun(NioEndpoint.java:1587)
	at org.apache.tomcat.util.net.SocketProcessorBase.run(SocketProcessorBase.java:49)
	at java.util.concurrent.ThreadPoolExecutor.runWorker(ThreadPoolExecutor.java:1149)
	at java.util.concurrent.ThreadPoolExecutor$Worker.run(ThreadPoolExecutor.java:624)
	at org.apache.tomcat.util.threads.TaskThread$WrappingRunnable.run(TaskThread.java:61)
	at java.lang.Thread.run(Thread.java:748)
Caused by: java.lang.IllegalStateException: Message will not be sent because the WebSocket session has been closed
	at org.apache.tomcat.websocket.WsRemoteEndpointImplBase.writeMessagePart(WsRemoteEndpointImplBase.java:425)
	at org.apache.tomcat.websocket.WsRemoteEndpointImplBase.sendMessageBlock(WsRemoteEndpointImplBase.java:309)
	at org.apache.tomcat.websocket.WsRemoteEndpointImplBase.sendMessageBlock(WsRemoteEndpointImplBase.java:250)
	at org.apache.tomcat.websocket.WsRemoteEndpointImplBase.sendString(WsRemoteEndpointImplBase.java:191)
	at org.apache.tomcat.websocket.WsRemoteEndpointImplBase.sendObject(WsRemoteEndpointImplBase.java:586)
	at org.apache.tomcat.websocket.WsRemoteEndpointBasic.sendObject(WsRemoteEndpointBasic.java:74)
	at com.mola.molachat.server.ChatServer.onError(ChatServer.java:231)
	... 25 common frames omitted
23:46:12.394 default [https-jsse-nio-8550-exec-8] ERROR o.a.t.w.pojo.PojoEndpointBase - Failed to call onClose method of POJO end point for POJO of type [com.mola.molachat.server.ChatServer]
java.lang.reflect.InvocationTargetException: null
	at sun.reflect.NativeMethodAccessorImpl.invoke0(Native Method)
	at sun.reflect.NativeMethodAccessorImpl.invoke(NativeMethodAccessorImpl.java:62)
	at sun.reflect.DelegatingMethodAccessorImpl.invoke(DelegatingMethodAccessorImpl.java:43)
	at java.lang.reflect.Method.invoke(Method.java:498)
	at org.apache.tomcat.websocket.pojo.PojoEndpointBase.onClose(PojoEndpointBase.java:103)
	at org.apache.tomcat.websocket.WsSession.fireEndpointOnClose(WsSession.java:555)
	at org.apache.tomcat.websocket.WsSession.onClose(WsSession.java:533)
	at org.apache.tomcat.websocket.WsFrameBase.processDataControl(WsFrameBase.java:347)
	at org.apache.tomcat.websocket.WsFrameBase.processData(WsFrameBase.java:289)
	at org.apache.tomcat.websocket.WsFrameBase.processInputBuffer(WsFrameBase.java:133)
	at org.apache.tomcat.websocket.server.WsFrameServer.onDataAvailable(WsFrameServer.java:82)
	at org.apache.tomcat.websocket.server.WsFrameServer.doOnDataAvailable(WsFrameServer.java:171)
	at org.apache.tomcat.websocket.server.WsFrameServer.notifyDataAvailable(WsFrameServer.java:151)
	at org.apache.tomcat.websocket.server.WsHttpUpgradeHandler.upgradeDispatch(WsHttpUpgradeHandler.java:148)
	at org.apache.coyote.http11.upgrade.UpgradeProcessorInternal.dispatch(UpgradeProcessorInternal.java:54)
	at org.apache.coyote.AbstractProcessorLight.process(AbstractProcessorLight.java:53)
	at org.apache.coyote.AbstractProtocol$ConnectionHandler.process(AbstractProtocol.java:853)
	at org.apache.tomcat.util.net.NioEndpoint$SocketProcessor.doRun(NioEndpoint.java:1587)
	at org.apache.tomcat.util.net.SocketProcessorBase.run(SocketProcessorBase.java:49)
	at java.util.concurrent.ThreadPoolExecutor.runWorker(ThreadPoolExecutor.java:1149)
	at java.util.concurrent.ThreadPoolExecutor$Worker.run(ThreadPoolExecutor.java:624)
	at org.apache.tomcat.util.threads.TaskThread$WrappingRunnable.run(TaskThread.java:61)
	at java.lang.Thread.run(Thread.java:748)
Caused by: java.lang.NullPointerException: null
	at com.mola.molachat.data.impl.cache.SessionFactory.removeVideoSession(SessionFactory.java:149)
	at com.mola.molachat.service.impl.SessionServiceImpl.deleteVideoSession(SessionServiceImpl.java:207)
	at com.mola.molachat.service.impl.SessionServiceImpl$$FastClassBySpringCGLIB$$ad2398bf.invoke(<generated>)
	at org.springframework.cglib.proxy.MethodProxy.invoke(MethodProxy.java:218)
	at org.springframework.aop.framework.CglibAopProxy$CglibMethodInvocation.invokeJoinpoint(CglibAopProxy.java:749)
	at org.springframework.aop.framework.ReflectiveMethodInvocation.proceed(ReflectiveMethodInvocation.java:163)
	at org.springframework.aop.interceptor.ExposeInvocationInterceptor.invoke(ExposeInvocationInterceptor.java:93)
	at org.springframework.aop.framework.ReflectiveMethodInvocation.proceed(ReflectiveMethodInvocation.java:186)
	at org.springframework.aop.framework.CglibAopProxy$DynamicAdvisedInterceptor.intercept(CglibAopProxy.java:688)
	at com.mola.molachat.service.impl.SessionServiceImpl$$EnhancerBySpringCGLIB$$51b2ee65.deleteVideoSession(<generated>)
	at com.mola.molachat.server.ChatServer.onClose(ChatServer.java:125)
	... 23 common frames omitted
23:46:12.397 default [https-jsse-nio-8550-exec-8] ERROR o.a.t.w.pojo.PojoEndpointBase - Failed to call onError method of POJO end point for POJO of type [com.mola.molachat.server.ChatServer]
java.lang.reflect.InvocationTargetException: null
	at sun.reflect.NativeMethodAccessorImpl.invoke0(Native Method)
	at sun.reflect.NativeMethodAccessorImpl.invoke(NativeMethodAccessorImpl.java:62)
	at sun.reflect.DelegatingMethodAccessorImpl.invoke(DelegatingMethodAccessorImpl.java:43)
	at java.lang.reflect.Method.invoke(Method.java:498)
	at org.apache.tomcat.websocket.pojo.PojoEndpointBase.onError(PojoEndpointBase.java:130)
	at org.apache.tomcat.websocket.pojo.PojoEndpointBase.handleOnOpenOrCloseError(PojoEndpointBase.java:90)
	at org.apache.tomcat.websocket.pojo.PojoEndpointBase.onClose(PojoEndpointBase.java:108)
	at org.apache.tomcat.websocket.WsSession.fireEndpointOnClose(WsSession.java:555)
	at org.apache.tomcat.websocket.WsSession.onClose(WsSession.java:533)
	at org.apache.tomcat.websocket.WsFrameBase.processDataControl(WsFrameBase.java:347)
	at org.apache.tomcat.websocket.WsFrameBase.processData(WsFrameBase.java:289)
	at org.apache.tomcat.websocket.WsFrameBase.processInputBuffer(WsFrameBase.java:133)
	at org.apache.tomcat.websocket.server.WsFrameServer.onDataAvailable(WsFrameServer.java:82)
	at org.apache.tomcat.websocket.server.WsFrameServer.doOnDataAvailable(WsFrameServer.java:171)
	at org.apache.tomcat.websocket.server.WsFrameServer.notifyDataAvailable(WsFrameServer.java:151)
	at org.apache.tomcat.websocket.server.WsHttpUpgradeHandler.upgradeDispatch(WsHttpUpgradeHandler.java:148)
	at org.apache.coyote.http11.upgrade.UpgradeProcessorInternal.dispatch(UpgradeProcessorInternal.java:54)
	at org.apache.coyote.AbstractProcessorLight.process(AbstractProcessorLight.java:53)
	at org.apache.coyote.AbstractProtocol$ConnectionHandler.process(AbstractProtocol.java:853)
	at org.apache.tomcat.util.net.NioEndpoint$SocketProcessor.doRun(NioEndpoint.java:1587)
	at org.apache.tomcat.util.net.SocketProcessorBase.run(SocketProcessorBase.java:49)
	at java.util.concurrent.ThreadPoolExecutor.runWorker(ThreadPoolExecutor.java:1149)
	at java.util.concurrent.ThreadPoolExecutor$Worker.run(ThreadPoolExecutor.java:624)
	at org.apache.tomcat.util.threads.TaskThread$WrappingRunnable.run(TaskThread.java:61)
	at java.lang.Thread.run(Thread.java:748)
Caused by: java.lang.IllegalStateException: Message will not be sent because the WebSocket session has been closed
	at org.apache.tomcat.websocket.WsRemoteEndpointImplBase.writeMessagePart(WsRemoteEndpointImplBase.java:425)
	at org.apache.tomcat.websocket.WsRemoteEndpointImplBase.sendMessageBlock(WsRemoteEndpointImplBase.java:309)
	at org.apache.tomcat.websocket.WsRemoteEndpointImplBase.sendMessageBlock(WsRemoteEndpointImplBase.java:250)
	at org.apache.tomcat.websocket.WsRemoteEndpointImplBase.sendString(WsRemoteEndpointImplBase.java:191)
	at org.apache.tomcat.websocket.WsRemoteEndpointImplBase.sendObject(WsRemoteEndpointImplBase.java:586)
	at org.apache.tomcat.websocket.WsRemoteEndpointBasic.sendObject(WsRemoteEndpointBasic.java:74)
	at com.mola.molachat.server.ChatServer.onError(ChatServer.java:231)
	... 25 common frames omitted
